Time resolution is 1 ps
Memory Collision Error on RAMB36E1 : test_memory.mem.VRAM.frame_buffer_i.blk_mem_gen_0.U0.inst_blk_mem_gen.\gnbram.gnativebmg.native_blk_mem_gen .\valid.cstr .\ramloop[0].ram.r .\prim_noinit.ram .\DEVICE_7SERIES.NO_BMM_INFO.SDP.SIMPLE_PRIM36.ram .\gen_tdp.INT_RAMB_TDP .chk_for_col_msg at simulation time 115.000 ns.
A read was performed on address 8007 (hex) of port B while a write was requested to the same address on port A.  The write will be successful however the read value on port B is unknown until the next CLKB cycle.
Memory Collision Error on RAMB36E1 : test_memory.mem.VRAM.frame_buffer_i.blk_mem_gen_0.U0.inst_blk_mem_gen.\gnbram.gnativebmg.native_blk_mem_gen .\valid.cstr .\ramloop[10].ram.r .\prim_noinit.ram .\DEVICE_7SERIES.NO_BMM_INFO.SDP.SIMPLE_PRIM36.ram .\gen_tdp.INT_RAMB_TDP .chk_for_col_msg at simulation time 115.000 ns.
A read was performed on address 8007 (hex) of port B while a write was requested to the same address on port A.  The write will be successful however the read value on port B is unknown until the next CLKB cycle.
Memory Collision Error on RAMB36E1 : test_memory.mem.VRAM.frame_buffer_i.blk_mem_gen_0.U0.inst_blk_mem_gen.\gnbram.gnativebmg.native_blk_mem_gen .\valid.cstr .\ramloop[15].ram.r .\prim_noinit.ram .\DEVICE_7SERIES.NO_BMM_INFO.SDP.SIMPLE_PRIM36.ram .\gen_tdp.INT_RAMB_TDP .chk_for_col_msg at simulation time 115.000 ns.
A read was performed on address 8007 (hex) of port B while a write was requested to the same address on port A.  The write will be successful however the read value on port B is unknown until the next CLKB cycle.
Memory Collision Error on RAMB36E1 : test_memory.mem.VRAM.frame_buffer_i.blk_mem_gen_0.U0.inst_blk_mem_gen.\gnbram.gnativebmg.native_blk_mem_gen .\valid.cstr .\ramloop[19].ram.r .\prim_noinit.ram .\DEVICE_7SERIES.NO_BMM_INFO.SDP.SIMPLE_PRIM36.ram .\gen_tdp.INT_RAMB_TDP .chk_for_col_msg at simulation time 115.000 ns.
A read was performed on address 8007 (hex) of port B while a write was requested to the same address on port A.  The write will be successful however the read value on port B is unknown until the next CLKB cycle.
Memory Collision Error on RAMB36E1 : test_memory.mem.VRAM.frame_buffer_i.blk_mem_gen_0.U0.inst_blk_mem_gen.\gnbram.gnativebmg.native_blk_mem_gen .\valid.cstr .\ramloop[25].ram.r .\prim_noinit.ram .\DEVICE_7SERIES.NO_BMM_INFO.SDP.SIMPLE_PRIM36.ram .\gen_tdp.INT_RAMB_TDP .chk_for_col_msg at simulation time 115.000 ns.
A read was performed on address 8007 (hex) of port B while a write was requested to the same address on port A.  The write will be successful however the read value on port B is unknown until the next CLKB cycle.
Memory Collision Error on RAMB36E1 : test_memory.mem.VRAM.frame_buffer_i.blk_mem_gen_0.U0.inst_blk_mem_gen.\gnbram.gnativebmg.native_blk_mem_gen .\valid.cstr .\ramloop[29].ram.r .\prim_noinit.ram .\DEVICE_7SERIES.NO_BMM_INFO.SDP.SIMPLE_PRIM36.ram .\gen_tdp.INT_RAMB_TDP .chk_for_col_msg at simulation time 115.000 ns.
A read was performed on address 8007 (hex) of port B while a write was requested to the same address on port A.  The write will be successful however the read value on port B is unknown until the next CLKB cycle.
Memory Collision Error on RAMB36E1 : test_memory.mem.VRAM.frame_buffer_i.blk_mem_gen_0.U0.inst_blk_mem_gen.\gnbram.gnativebmg.native_blk_mem_gen .\valid.cstr .\ramloop[34].ram.r .\prim_noinit.ram .\DEVICE_7SERIES.NO_BMM_INFO.SDP.SIMPLE_PRIM36.ram .\gen_tdp.INT_RAMB_TDP .chk_for_col_msg at simulation time 115.000 ns.
A read was performed on address 8007 (hex) of port B while a write was requested to the same address on port A.  The write will be successful however the read value on port B is unknown until the next CLKB cycle.
Memory Collision Error on RAMB36E1 : test_memory.mem.VRAM.frame_buffer_i.blk_mem_gen_0.U0.inst_blk_mem_gen.\gnbram.gnativebmg.native_blk_mem_gen .\valid.cstr .\ramloop[38].ram.r .\prim_noinit.ram .\DEVICE_7SERIES.NO_BMM_INFO.SDP.SIMPLE_PRIM36.ram .\gen_tdp.INT_RAMB_TDP .chk_for_col_msg at simulation time 115.000 ns.
A read was performed on address 8007 (hex) of port B while a write was requested to the same address on port A.  The write will be successful however the read value on port B is unknown until the next CLKB cycle.
Memory Collision Error on RAMB36E1 : test_memory.mem.VRAM.frame_buffer_i.blk_mem_gen_0.U0.inst_blk_mem_gen.\gnbram.gnativebmg.native_blk_mem_gen .\valid.cstr .\ramloop[44].ram.r .\prim_noinit.ram .\DEVICE_7SERIES.NO_BMM_INFO.SDP.SIMPLE_PRIM36.ram .\gen_tdp.INT_RAMB_TDP .chk_for_col_msg at simulation time 115.000 ns.
A read was performed on address 8007 (hex) of port B while a write was requested to the same address on port A.  The write will be successful however the read value on port B is unknown until the next CLKB cycle.
Memory Collision Error on RAMB36E1 : test_memory.mem.VRAM.frame_buffer_i.blk_mem_gen_0.U0.inst_blk_mem_gen.\gnbram.gnativebmg.native_blk_mem_gen .\valid.cstr .\ramloop[48].ram.r .\prim_noinit.ram .\DEVICE_7SERIES.NO_BMM_INFO.SDP.SIMPLE_PRIM36.ram .\gen_tdp.INT_RAMB_TDP .chk_for_col_msg at simulation time 115.000 ns.
A read was performed on address 8007 (hex) of port B while a write was requested to the same address on port A.  The write will be successful however the read value on port B is unknown until the next CLKB cycle.
Memory Collision Error on RAMB36E1 : test_memory.mem.VRAM.frame_buffer_i.blk_mem_gen_0.U0.inst_blk_mem_gen.\gnbram.gnativebmg.native_blk_mem_gen .\valid.cstr .\ramloop[53].ram.r .\prim_noinit.ram .\DEVICE_7SERIES.NO_BMM_INFO.SDP.SIMPLE_PRIM36.ram .\gen_tdp.INT_RAMB_TDP .chk_for_col_msg at simulation time 115.000 ns.
A read was performed on address 8007 (hex) of port B while a write was requested to the same address on port A.  The write will be successful however the read value on port B is unknown until the next CLKB cycle.
Memory Collision Error on RAMB36E1 : test_memory.mem.VRAM.frame_buffer_i.blk_mem_gen_0.U0.inst_blk_mem_gen.\gnbram.gnativebmg.native_blk_mem_gen .\valid.cstr .\ramloop[57].ram.r .\prim_noinit.ram .\DEVICE_7SERIES.NO_BMM_INFO.SDP.SIMPLE_PRIM36.ram .\gen_tdp.INT_RAMB_TDP .chk_for_col_msg at simulation time 115.000 ns.
A read was performed on address 8007 (hex) of port B while a write was requested to the same address on port A.  The write will be successful however the read value on port B is unknown until the next CLKB cycle.
Memory Collision Error on RAMB36E1 : test_memory.mem.VRAM.frame_buffer_i.blk_mem_gen_0.U0.inst_blk_mem_gen.\gnbram.gnativebmg.native_blk_mem_gen .\valid.cstr .\ramloop[63].ram.r .\prim_noinit.ram .\DEVICE_7SERIES.NO_BMM_INFO.SDP.SIMPLE_PRIM36.ram .\gen_tdp.INT_RAMB_TDP .chk_for_col_msg at simulation time 115.000 ns.
A read was performed on address 8007 (hex) of port B while a write was requested to the same address on port A.  The write will be successful however the read value on port B is unknown until the next CLKB cycle.
Memory Collision Error on RAMB36E1 : test_memory.mem.VRAM.frame_buffer_i.blk_mem_gen_0.U0.inst_blk_mem_gen.\gnbram.gnativebmg.native_blk_mem_gen .\valid.cstr .\ramloop[67].ram.r .\prim_noinit.ram .\DEVICE_7SERIES.NO_BMM_INFO.SDP.SIMPLE_PRIM36.ram .\gen_tdp.INT_RAMB_TDP .chk_for_col_msg at simulation time 115.000 ns.
A read was performed on address 8007 (hex) of port B while a write was requested to the same address on port A.  The write will be successful however the read value on port B is unknown until the next CLKB cycle.
Memory Collision Error on RAMB36E1 : test_memory.mem.VRAM.frame_buffer_i.blk_mem_gen_0.U0.inst_blk_mem_gen.\gnbram.gnativebmg.native_blk_mem_gen .\valid.cstr .\ramloop[6].ram.r .\prim_noinit.ram .\DEVICE_7SERIES.NO_BMM_INFO.SDP.SIMPLE_PRIM36.ram .\gen_tdp.INT_RAMB_TDP .chk_for_col_msg at simulation time 115.000 ns.
A read was performed on address 8007 (hex) of port B while a write was requested to the same address on port A.  The write will be successful however the read value on port B is unknown until the next CLKB cycle.
Memory Collision Error on RAMB36E1 : test_memory.mem.VRAM.frame_buffer_i.blk_mem_gen_0.U0.inst_blk_mem_gen.\gnbram.gnativebmg.native_blk_mem_gen .\valid.cstr .\ramloop[72].ram.r .\prim_noinit.ram .\DEVICE_7SERIES.NO_BMM_INFO.SDP.SIMPLE_PRIM36.ram .\gen_tdp.INT_RAMB_TDP .chk_for_col_msg at simulation time 115.000 ns.
A read was performed on address 8007 (hex) of port B while a write was requested to the same address on port A.  The write will be successful however the read value on port B is unknown until the next CLKB cycle.
Memory Collision Error on RAMB36E1 : test_memory.mem.buffer_rams.buffer_rams_i.UPPER_PREVIOUS.U0.inst_blk_mem_gen.\gnbram.gnativebmg.native_blk_mem_gen .\valid.cstr .\ramloop[0].ram.r .\prim_noinit.ram .\DEVICE_7SERIES.NO_BMM_INFO.SDP.WIDE_PRIM36_NO_ECC.ram .\gen_sdp.gen_wide.INT_RAMB_SDP .chk_for_col_msg at simulation time 115.000 ns.
A read was performed on address 803f (hex) of port A while a write was requested to the same address on port B.  The write will be successful however the read value on port A is unknown until the next CLKA cycle.
Memory Collision Error on RAMB36E1 : test_memory.mem.buffer_rams.buffer_rams_i.UPPER_PREVIOUS.U0.inst_blk_mem_gen.\gnbram.gnativebmg.native_blk_mem_gen .\valid.cstr .\ramloop[1].ram.r .\prim_noinit.ram .\DEVICE_7SERIES.NO_BMM_INFO.SDP.WIDE_PRIM36_NO_ECC.ram .\gen_sdp.gen_wide.INT_RAMB_SDP .chk_for_col_msg at simulation time 115.000 ns.
A read was performed on address 803f (hex) of port A while a write was requested to the same address on port B.  The write will be successful however the read value on port A is unknown until the next CLKA cycle.
Memory Collision Error on RAMB36E1 : test_memory.mem.buffer_rams.buffer_rams_i.UPPER.U0.inst_blk_mem_gen.\gnbram.gnativebmg.native_blk_mem_gen .\valid.cstr .\ramloop[0].ram.r .\prim_noinit.ram .\DEVICE_7SERIES.NO_BMM_INFO.SDP.WIDE_PRIM36_NO_ECC.ram .\gen_sdp.gen_wide.INT_RAMB_SDP .chk_for_col_msg at simulation time 125.000 ns.
A read was performed on address 807f (hex) of port A while a write was requested to the same address on port B.  The write will be successful however the read value on port A is unknown until the next CLKA cycle.
Memory Collision Error on RAMB36E1 : test_memory.mem.buffer_rams.buffer_rams_i.UPPER.U0.inst_blk_mem_gen.\gnbram.gnativebmg.native_blk_mem_gen .\valid.cstr .\ramloop[1].ram.r .\prim_noinit.ram .\DEVICE_7SERIES.NO_BMM_INFO.SDP.WIDE_PRIM36_NO_ECC.ram .\gen_sdp.gen_wide.INT_RAMB_SDP .chk_for_col_msg at simulation time 125.000 ns.
A read was performed on address 807f (hex) of port A while a write was requested to the same address on port B.  The write will be successful however the read value on port A is unknown until the next CLKA cycle.
Memory Collision Error on RAMB36E1 : test_memory.mem.buffer_rams.buffer_rams_i.UPPER_PREVIOUS.U0.inst_blk_mem_gen.\gnbram.gnativebmg.native_blk_mem_gen .\valid.cstr .\ramloop[0].ram.r .\prim_noinit.ram .\DEVICE_7SERIES.NO_BMM_INFO.SDP.WIDE_PRIM36_NO_ECC.ram .\gen_sdp.gen_wide.INT_RAMB_SDP .chk_for_col_msg at simulation time 5235.000 ns.
A read was performed on address 803f (hex) of port A while a write was requested to the same address on port B.  The write will be successful however the read value on port A is unknown until the next CLKA cycle.
Memory Collision Error on RAMB36E1 : test_memory.mem.buffer_rams.buffer_rams_i.UPPER_PREVIOUS.U0.inst_blk_mem_gen.\gnbram.gnativebmg.native_blk_mem_gen .\valid.cstr .\ramloop[1].ram.r .\prim_noinit.ram .\DEVICE_7SERIES.NO_BMM_INFO.SDP.WIDE_PRIM36_NO_ECC.ram .\gen_sdp.gen_wide.INT_RAMB_SDP .chk_for_col_msg at simulation time 5235.000 ns.
A read was performed on address 803f (hex) of port A while a write was requested to the same address on port B.  The write will be successful however the read value on port A is unknown until the next CLKA cycle.
Memory Collision Error on RAMB36E1 : test_memory.mem.buffer_rams.buffer_rams_i.UPPER.U0.inst_blk_mem_gen.\gnbram.gnativebmg.native_blk_mem_gen .\valid.cstr .\ramloop[0].ram.r .\prim_noinit.ram .\DEVICE_7SERIES.NO_BMM_INFO.SDP.WIDE_PRIM36_NO_ECC.ram .\gen_sdp.gen_wide.INT_RAMB_SDP .chk_for_col_msg at simulation time 5245.000 ns.
A read was performed on address 807f (hex) of port A while a write was requested to the same address on port B.  The write will be successful however the read value on port A is unknown until the next CLKA cycle.
Memory Collision Error on RAMB36E1 : test_memory.mem.buffer_rams.buffer_rams_i.UPPER.U0.inst_blk_mem_gen.\gnbram.gnativebmg.native_blk_mem_gen .\valid.cstr .\ramloop[1].ram.r .\prim_noinit.ram .\DEVICE_7SERIES.NO_BMM_INFO.SDP.WIDE_PRIM36_NO_ECC.ram .\gen_sdp.gen_wide.INT_RAMB_SDP .chk_for_col_msg at simulation time 5245.000 ns.
A read was performed on address 807f (hex) of port A while a write was requested to the same address on port B.  The write will be successful however the read value on port A is unknown until the next CLKA cycle.
Memory Collision Error on RAMB36E1 : test_memory.mem.buffer_rams.buffer_rams_i.UPPER_PREVIOUS.U0.inst_blk_mem_gen.\gnbram.gnativebmg.native_blk_mem_gen .\valid.cstr .\ramloop[0].ram.r .\prim_noinit.ram .\DEVICE_7SERIES.NO_BMM_INFO.SDP.WIDE_PRIM36_NO_ECC.ram .\gen_sdp.gen_wide.INT_RAMB_SDP .chk_for_col_msg at simulation time 10355.000 ns.
A read was performed on address 803f (hex) of port A while a write was requested to the same address on port B.  The write will be successful however the read value on port A is unknown until the next CLKA cycle.
Memory Collision Error on RAMB36E1 : test_memory.mem.buffer_rams.buffer_rams_i.UPPER_PREVIOUS.U0.inst_blk_mem_gen.\gnbram.gnativebmg.native_blk_mem_gen .\valid.cstr .\ramloop[1].ram.r .\prim_noinit.ram .\DEVICE_7SERIES.NO_BMM_INFO.SDP.WIDE_PRIM36_NO_ECC.ram .\gen_sdp.gen_wide.INT_RAMB_SDP .chk_for_col_msg at simulation time 10355.000 ns.
A read was performed on address 803f (hex) of port A while a write was requested to the same address on port B.  The write will be successful however the read value on port A is unknown until the next CLKA cycle.
Memory Collision Error on RAMB36E1 : test_memory.mem.buffer_rams.buffer_rams_i.UPPER.U0.inst_blk_mem_gen.\gnbram.gnativebmg.native_blk_mem_gen .\valid.cstr .\ramloop[0].ram.r .\prim_noinit.ram .\DEVICE_7SERIES.NO_BMM_INFO.SDP.WIDE_PRIM36_NO_ECC.ram .\gen_sdp.gen_wide.INT_RAMB_SDP .chk_for_col_msg at simulation time 10365.000 ns.
A read was performed on address 807f (hex) of port A while a write was requested to the same address on port B.  The write will be successful however the read value on port A is unknown until the next CLKA cycle.
Memory Collision Error on RAMB36E1 : test_memory.mem.buffer_rams.buffer_rams_i.UPPER.U0.inst_blk_mem_gen.\gnbram.gnativebmg.native_blk_mem_gen .\valid.cstr .\ramloop[1].ram.r .\prim_noinit.ram .\DEVICE_7SERIES.NO_BMM_INFO.SDP.WIDE_PRIM36_NO_ECC.ram .\gen_sdp.gen_wide.INT_RAMB_SDP .chk_for_col_msg at simulation time 10365.000 ns.
A read was performed on address 807f (hex) of port A while a write was requested to the same address on port B.  The write will be successful however the read value on port A is unknown until the next CLKA cycle.
Memory Collision Error on RAMB36E1 : test_memory.mem.buffer_rams.buffer_rams_i.UPPER_PREVIOUS.U0.inst_blk_mem_gen.\gnbram.gnativebmg.native_blk_mem_gen .\valid.cstr .\ramloop[0].ram.r .\prim_noinit.ram .\DEVICE_7SERIES.NO_BMM_INFO.SDP.WIDE_PRIM36_NO_ECC.ram .\gen_sdp.gen_wide.INT_RAMB_SDP .chk_for_col_msg at simulation time 15475.000 ns.
A read was performed on address 803f (hex) of port A while a write was requested to the same address on port B.  The write will be successful however the read value on port A is unknown until the next CLKA cycle.
Memory Collision Error on RAMB36E1 : test_memory.mem.buffer_rams.buffer_rams_i.UPPER_PREVIOUS.U0.inst_blk_mem_gen.\gnbram.gnativebmg.native_blk_mem_gen .\valid.cstr .\ramloop[1].ram.r .\prim_noinit.ram .\DEVICE_7SERIES.NO_BMM_INFO.SDP.WIDE_PRIM36_NO_ECC.ram .\gen_sdp.gen_wide.INT_RAMB_SDP .chk_for_col_msg at simulation time 15475.000 ns.
A read was performed on address 803f (hex) of port A while a write was requested to the same address on port B.  The write will be successful however the read value on port A is unknown until the next CLKA cycle.
Memory Collision Error on RAMB36E1 : test_memory.mem.buffer_rams.buffer_rams_i.UPPER.U0.inst_blk_mem_gen.\gnbram.gnativebmg.native_blk_mem_gen .\valid.cstr .\ramloop[0].ram.r .\prim_noinit.ram .\DEVICE_7SERIES.NO_BMM_INFO.SDP.WIDE_PRIM36_NO_ECC.ram .\gen_sdp.gen_wide.INT_RAMB_SDP .chk_for_col_msg at simulation time 15485.000 ns.
A read was performed on address 807f (hex) of port A while a write was requested to the same address on port B.  The write will be successful however the read value on port A is unknown until the next CLKA cycle.
Memory Collision Error on RAMB36E1 : test_memory.mem.buffer_rams.buffer_rams_i.UPPER.U0.inst_blk_mem_gen.\gnbram.gnativebmg.native_blk_mem_gen .\valid.cstr .\ramloop[1].ram.r .\prim_noinit.ram .\DEVICE_7SERIES.NO_BMM_INFO.SDP.WIDE_PRIM36_NO_ECC.ram .\gen_sdp.gen_wide.INT_RAMB_SDP .chk_for_col_msg at simulation time 15485.000 ns.
A read was performed on address 807f (hex) of port A while a write was requested to the same address on port B.  The write will be successful however the read value on port A is unknown until the next CLKA cycle.
Memory Collision Error on RAMB36E1 : test_memory.mem.buffer_rams.buffer_rams_i.UPPER_PREVIOUS.U0.inst_blk_mem_gen.\gnbram.gnativebmg.native_blk_mem_gen .\valid.cstr .\ramloop[0].ram.r .\prim_noinit.ram .\DEVICE_7SERIES.NO_BMM_INFO.SDP.WIDE_PRIM36_NO_ECC.ram .\gen_sdp.gen_wide.INT_RAMB_SDP .chk_for_col_msg at simulation time 20595.000 ns.
A read was performed on address 803f (hex) of port A while a write was requested to the same address on port B.  The write will be successful however the read value on port A is unknown until the next CLKA cycle.
Memory Collision Error on RAMB36E1 : test_memory.mem.buffer_rams.buffer_rams_i.UPPER_PREVIOUS.U0.inst_blk_mem_gen.\gnbram.gnativebmg.native_blk_mem_gen .\valid.cstr .\ramloop[1].ram.r .\prim_noinit.ram .\DEVICE_7SERIES.NO_BMM_INFO.SDP.WIDE_PRIM36_NO_ECC.ram .\gen_sdp.gen_wide.INT_RAMB_SDP .chk_for_col_msg at simulation time 20595.000 ns.
A read was performed on address 803f (hex) of port A while a write was requested to the same address on port B.  The write will be successful however the read value on port A is unknown until the next CLKA cycle.
Memory Collision Error on RAMB36E1 : test_memory.mem.buffer_rams.buffer_rams_i.UPPER.U0.inst_blk_mem_gen.\gnbram.gnativebmg.native_blk_mem_gen .\valid.cstr .\ramloop[0].ram.r .\prim_noinit.ram .\DEVICE_7SERIES.NO_BMM_INFO.SDP.WIDE_PRIM36_NO_ECC.ram .\gen_sdp.gen_wide.INT_RAMB_SDP .chk_for_col_msg at simulation time 20605.000 ns.
A read was performed on address 807f (hex) of port A while a write was requested to the same address on port B.  The write will be successful however the read value on port A is unknown until the next CLKA cycle.
Memory Collision Error on RAMB36E1 : test_memory.mem.buffer_rams.buffer_rams_i.UPPER.U0.inst_blk_mem_gen.\gnbram.gnativebmg.native_blk_mem_gen .\valid.cstr .\ramloop[1].ram.r .\prim_noinit.ram .\DEVICE_7SERIES.NO_BMM_INFO.SDP.WIDE_PRIM36_NO_ECC.ram .\gen_sdp.gen_wide.INT_RAMB_SDP .chk_for_col_msg at simulation time 20605.000 ns.
A read was performed on address 807f (hex) of port A while a write was requested to the same address on port B.  The write will be successful however the read value on port A is unknown until the next CLKA cycle.
Memory Collision Error on RAMB36E1 : test_memory.mem.buffer_rams.buffer_rams_i.UPPER_PREVIOUS.U0.inst_blk_mem_gen.\gnbram.gnativebmg.native_blk_mem_gen .\valid.cstr .\ramloop[0].ram.r .\prim_noinit.ram .\DEVICE_7SERIES.NO_BMM_INFO.SDP.WIDE_PRIM36_NO_ECC.ram .\gen_sdp.gen_wide.INT_RAMB_SDP .chk_for_col_msg at simulation time 25715.000 ns.
A read was performed on address 803f (hex) of port A while a write was requested to the same address on port B.  The write will be successful however the read value on port A is unknown until the next CLKA cycle.
Memory Collision Error on RAMB36E1 : test_memory.mem.buffer_rams.buffer_rams_i.UPPER_PREVIOUS.U0.inst_blk_mem_gen.\gnbram.gnativebmg.native_blk_mem_gen .\valid.cstr .\ramloop[1].ram.r .\prim_noinit.ram .\DEVICE_7SERIES.NO_BMM_INFO.SDP.WIDE_PRIM36_NO_ECC.ram .\gen_sdp.gen_wide.INT_RAMB_SDP .chk_for_col_msg at simulation time 25715.000 ns.
A read was performed on address 803f (hex) of port A while a write was requested to the same address on port B.  The write will be successful however the read value on port A is unknown until the next CLKA cycle.
Memory Collision Error on RAMB36E1 : test_memory.mem.buffer_rams.buffer_rams_i.UPPER.U0.inst_blk_mem_gen.\gnbram.gnativebmg.native_blk_mem_gen .\valid.cstr .\ramloop[0].ram.r .\prim_noinit.ram .\DEVICE_7SERIES.NO_BMM_INFO.SDP.WIDE_PRIM36_NO_ECC.ram .\gen_sdp.gen_wide.INT_RAMB_SDP .chk_for_col_msg at simulation time 25725.000 ns.
A read was performed on address 807f (hex) of port A while a write was requested to the same address on port B.  The write will be successful however the read value on port A is unknown until the next CLKA cycle.
Memory Collision Error on RAMB36E1 : test_memory.mem.buffer_rams.buffer_rams_i.UPPER.U0.inst_blk_mem_gen.\gnbram.gnativebmg.native_blk_mem_gen .\valid.cstr .\ramloop[1].ram.r .\prim_noinit.ram .\DEVICE_7SERIES.NO_BMM_INFO.SDP.WIDE_PRIM36_NO_ECC.ram .\gen_sdp.gen_wide.INT_RAMB_SDP .chk_for_col_msg at simulation time 25725.000 ns.
A read was performed on address 807f (hex) of port A while a write was requested to the same address on port B.  The write will be successful however the read value on port A is unknown until the next CLKA cycle.
Memory Collision Error on RAMB36E1 : test_memory.mem.buffer_rams.buffer_rams_i.UPPER_PREVIOUS.U0.inst_blk_mem_gen.\gnbram.gnativebmg.native_blk_mem_gen .\valid.cstr .\ramloop[0].ram.r .\prim_noinit.ram .\DEVICE_7SERIES.NO_BMM_INFO.SDP.WIDE_PRIM36_NO_ECC.ram .\gen_sdp.gen_wide.INT_RAMB_SDP .chk_for_col_msg at simulation time 30835.000 ns.
A read was performed on address 803f (hex) of port A while a write was requested to the same address on port B.  The write will be successful however the read value on port A is unknown until the next CLKA cycle.
Memory Collision Error on RAMB36E1 : test_memory.mem.buffer_rams.buffer_rams_i.UPPER_PREVIOUS.U0.inst_blk_mem_gen.\gnbram.gnativebmg.native_blk_mem_gen .\valid.cstr .\ramloop[1].ram.r .\prim_noinit.ram .\DEVICE_7SERIES.NO_BMM_INFO.SDP.WIDE_PRIM36_NO_ECC.ram .\gen_sdp.gen_wide.INT_RAMB_SDP .chk_for_col_msg at simulation time 30835.000 ns.
A read was performed on address 803f (hex) of port A while a write was requested to the same address on port B.  The write will be successful however the read value on port A is unknown until the next CLKA cycle.
Memory Collision Error on RAMB36E1 : test_memory.mem.buffer_rams.buffer_rams_i.UPPER.U0.inst_blk_mem_gen.\gnbram.gnativebmg.native_blk_mem_gen .\valid.cstr .\ramloop[0].ram.r .\prim_noinit.ram .\DEVICE_7SERIES.NO_BMM_INFO.SDP.WIDE_PRIM36_NO_ECC.ram .\gen_sdp.gen_wide.INT_RAMB_SDP .chk_for_col_msg at simulation time 30845.000 ns.
A read was performed on address 807f (hex) of port A while a write was requested to the same address on port B.  The write will be successful however the read value on port A is unknown until the next CLKA cycle.
Memory Collision Error on RAMB36E1 : test_memory.mem.buffer_rams.buffer_rams_i.UPPER.U0.inst_blk_mem_gen.\gnbram.gnativebmg.native_blk_mem_gen .\valid.cstr .\ramloop[1].ram.r .\prim_noinit.ram .\DEVICE_7SERIES.NO_BMM_INFO.SDP.WIDE_PRIM36_NO_ECC.ram .\gen_sdp.gen_wide.INT_RAMB_SDP .chk_for_col_msg at simulation time 30845.000 ns.
A read was performed on address 807f (hex) of port A while a write was requested to the same address on port B.  The write will be successful however the read value on port A is unknown until the next CLKA cycle.
Memory Collision Error on RAMB36E1 : test_memory.mem.buffer_rams.buffer_rams_i.UPPER_PREVIOUS.U0.inst_blk_mem_gen.\gnbram.gnativebmg.native_blk_mem_gen .\valid.cstr .\ramloop[0].ram.r .\prim_noinit.ram .\DEVICE_7SERIES.NO_BMM_INFO.SDP.WIDE_PRIM36_NO_ECC.ram .\gen_sdp.gen_wide.INT_RAMB_SDP .chk_for_col_msg at simulation time 35955.000 ns.
A read was performed on address 803f (hex) of port A while a write was requested to the same address on port B.  The write will be successful however the read value on port A is unknown until the next CLKA cycle.
Memory Collision Error on RAMB36E1 : test_memory.mem.buffer_rams.buffer_rams_i.UPPER_PREVIOUS.U0.inst_blk_mem_gen.\gnbram.gnativebmg.native_blk_mem_gen .\valid.cstr .\ramloop[1].ram.r .\prim_noinit.ram .\DEVICE_7SERIES.NO_BMM_INFO.SDP.WIDE_PRIM36_NO_ECC.ram .\gen_sdp.gen_wide.INT_RAMB_SDP .chk_for_col_msg at simulation time 35955.000 ns.
A read was performed on address 803f (hex) of port A while a write was requested to the same address on port B.  The write will be successful however the read value on port A is unknown until the next CLKA cycle.
Memory Collision Error on RAMB36E1 : test_memory.mem.buffer_rams.buffer_rams_i.UPPER.U0.inst_blk_mem_gen.\gnbram.gnativebmg.native_blk_mem_gen .\valid.cstr .\ramloop[0].ram.r .\prim_noinit.ram .\DEVICE_7SERIES.NO_BMM_INFO.SDP.WIDE_PRIM36_NO_ECC.ram .\gen_sdp.gen_wide.INT_RAMB_SDP .chk_for_col_msg at simulation time 35965.000 ns.
A read was performed on address 807f (hex) of port A while a write was requested to the same address on port B.  The write will be successful however the read value on port A is unknown until the next CLKA cycle.
Memory Collision Error on RAMB36E1 : test_memory.mem.buffer_rams.buffer_rams_i.UPPER.U0.inst_blk_mem_gen.\gnbram.gnativebmg.native_blk_mem_gen .\valid.cstr .\ramloop[1].ram.r .\prim_noinit.ram .\DEVICE_7SERIES.NO_BMM_INFO.SDP.WIDE_PRIM36_NO_ECC.ram .\gen_sdp.gen_wide.INT_RAMB_SDP .chk_for_col_msg at simulation time 35965.000 ns.
A read was performed on address 807f (hex) of port A while a write was requested to the same address on port B.  The write will be successful however the read value on port A is unknown until the next CLKA cycle.
Memory Collision Error on RAMB36E1 : test_memory.mem.buffer_rams.buffer_rams_i.UPPER_PREVIOUS.U0.inst_blk_mem_gen.\gnbram.gnativebmg.native_blk_mem_gen .\valid.cstr .\ramloop[0].ram.r .\prim_noinit.ram .\DEVICE_7SERIES.NO_BMM_INFO.SDP.WIDE_PRIM36_NO_ECC.ram .\gen_sdp.gen_wide.INT_RAMB_SDP .chk_for_col_msg at simulation time 41075.000 ns.
A read was performed on address 803f (hex) of port A while a write was requested to the same address on port B.  The write will be successful however the read value on port A is unknown until the next CLKA cycle.
Memory Collision Error on RAMB36E1 : test_memory.mem.buffer_rams.buffer_rams_i.UPPER_PREVIOUS.U0.inst_blk_mem_gen.\gnbram.gnativebmg.native_blk_mem_gen .\valid.cstr .\ramloop[1].ram.r .\prim_noinit.ram .\DEVICE_7SERIES.NO_BMM_INFO.SDP.WIDE_PRIM36_NO_ECC.ram .\gen_sdp.gen_wide.INT_RAMB_SDP .chk_for_col_msg at simulation time 41075.000 ns.
A read was performed on address 803f (hex) of port A while a write was requested to the same address on port B.  The write will be successful however the read value on port A is unknown until the next CLKA cycle.
Memory Collision Error on RAMB36E1 : test_memory.mem.buffer_rams.buffer_rams_i.UPPER.U0.inst_blk_mem_gen.\gnbram.gnativebmg.native_blk_mem_gen .\valid.cstr .\ramloop[0].ram.r .\prim_noinit.ram .\DEVICE_7SERIES.NO_BMM_INFO.SDP.WIDE_PRIM36_NO_ECC.ram .\gen_sdp.gen_wide.INT_RAMB_SDP .chk_for_col_msg at simulation time 41085.000 ns.
A read was performed on address 807f (hex) of port A while a write was requested to the same address on port B.  The write will be successful however the read value on port A is unknown until the next CLKA cycle.
Memory Collision Error on RAMB36E1 : test_memory.mem.buffer_rams.buffer_rams_i.UPPER.U0.inst_blk_mem_gen.\gnbram.gnativebmg.native_blk_mem_gen .\valid.cstr .\ramloop[1].ram.r .\prim_noinit.ram .\DEVICE_7SERIES.NO_BMM_INFO.SDP.WIDE_PRIM36_NO_ECC.ram .\gen_sdp.gen_wide.INT_RAMB_SDP .chk_for_col_msg at simulation time 41085.000 ns.
A read was performed on address 807f (hex) of port A while a write was requested to the same address on port B.  The write will be successful however the read value on port A is unknown until the next CLKA cycle.
Memory Collision Error on RAMB36E1 : test_memory.mem.buffer_rams.buffer_rams_i.UPPER_PREVIOUS.U0.inst_blk_mem_gen.\gnbram.gnativebmg.native_blk_mem_gen .\valid.cstr .\ramloop[0].ram.r .\prim_noinit.ram .\DEVICE_7SERIES.NO_BMM_INFO.SDP.WIDE_PRIM36_NO_ECC.ram .\gen_sdp.gen_wide.INT_RAMB_SDP .chk_for_col_msg at simulation time 46195.000 ns.
A read was performed on address 803f (hex) of port A while a write was requested to the same address on port B.  The write will be successful however the read value on port A is unknown until the next CLKA cycle.
Memory Collision Error on RAMB36E1 : test_memory.mem.buffer_rams.buffer_rams_i.UPPER_PREVIOUS.U0.inst_blk_mem_gen.\gnbram.gnativebmg.native_blk_mem_gen .\valid.cstr .\ramloop[1].ram.r .\prim_noinit.ram .\DEVICE_7SERIES.NO_BMM_INFO.SDP.WIDE_PRIM36_NO_ECC.ram .\gen_sdp.gen_wide.INT_RAMB_SDP .chk_for_col_msg at simulation time 46195.000 ns.
A read was performed on address 803f (hex) of port A while a write was requested to the same address on port B.  The write will be successful however the read value on port A is unknown until the next CLKA cycle.
Memory Collision Error on RAMB36E1 : test_memory.mem.buffer_rams.buffer_rams_i.UPPER.U0.inst_blk_mem_gen.\gnbram.gnativebmg.native_blk_mem_gen .\valid.cstr .\ramloop[0].ram.r .\prim_noinit.ram .\DEVICE_7SERIES.NO_BMM_INFO.SDP.WIDE_PRIM36_NO_ECC.ram .\gen_sdp.gen_wide.INT_RAMB_SDP .chk_for_col_msg at simulation time 46205.000 ns.
A read was performed on address 807f (hex) of port A while a write was requested to the same address on port B.  The write will be successful however the read value on port A is unknown until the next CLKA cycle.
Memory Collision Error on RAMB36E1 : test_memory.mem.buffer_rams.buffer_rams_i.UPPER.U0.inst_blk_mem_gen.\gnbram.gnativebmg.native_blk_mem_gen .\valid.cstr .\ramloop[1].ram.r .\prim_noinit.ram .\DEVICE_7SERIES.NO_BMM_INFO.SDP.WIDE_PRIM36_NO_ECC.ram .\gen_sdp.gen_wide.INT_RAMB_SDP .chk_for_col_msg at simulation time 46205.000 ns.
A read was performed on address 807f (hex) of port A while a write was requested to the same address on port B.  The write will be successful however the read value on port A is unknown until the next CLKA cycle.
Memory Collision Error on RAMB36E1 : test_memory.mem.buffer_rams.buffer_rams_i.UPPER_PREVIOUS.U0.inst_blk_mem_gen.\gnbram.gnativebmg.native_blk_mem_gen .\valid.cstr .\ramloop[0].ram.r .\prim_noinit.ram .\DEVICE_7SERIES.NO_BMM_INFO.SDP.WIDE_PRIM36_NO_ECC.ram .\gen_sdp.gen_wide.INT_RAMB_SDP .chk_for_col_msg at simulation time 51315.000 ns.
A read was performed on address 803f (hex) of port A while a write was requested to the same address on port B.  The write will be successful however the read value on port A is unknown until the next CLKA cycle.
Memory Collision Error on RAMB36E1 : test_memory.mem.buffer_rams.buffer_rams_i.UPPER_PREVIOUS.U0.inst_blk_mem_gen.\gnbram.gnativebmg.native_blk_mem_gen .\valid.cstr .\ramloop[1].ram.r .\prim_noinit.ram .\DEVICE_7SERIES.NO_BMM_INFO.SDP.WIDE_PRIM36_NO_ECC.ram .\gen_sdp.gen_wide.INT_RAMB_SDP .chk_for_col_msg at simulation time 51315.000 ns.
A read was performed on address 803f (hex) of port A while a write was requested to the same address on port B.  The write will be successful however the read value on port A is unknown until the next CLKA cycle.
Memory Collision Error on RAMB36E1 : test_memory.mem.buffer_rams.buffer_rams_i.UPPER.U0.inst_blk_mem_gen.\gnbram.gnativebmg.native_blk_mem_gen .\valid.cstr .\ramloop[0].ram.r .\prim_noinit.ram .\DEVICE_7SERIES.NO_BMM_INFO.SDP.WIDE_PRIM36_NO_ECC.ram .\gen_sdp.gen_wide.INT_RAMB_SDP .chk_for_col_msg at simulation time 51325.000 ns.
A read was performed on address 807f (hex) of port A while a write was requested to the same address on port B.  The write will be successful however the read value on port A is unknown until the next CLKA cycle.
Memory Collision Error on RAMB36E1 : test_memory.mem.buffer_rams.buffer_rams_i.UPPER.U0.inst_blk_mem_gen.\gnbram.gnativebmg.native_blk_mem_gen .\valid.cstr .\ramloop[1].ram.r .\prim_noinit.ram .\DEVICE_7SERIES.NO_BMM_INFO.SDP.WIDE_PRIM36_NO_ECC.ram .\gen_sdp.gen_wide.INT_RAMB_SDP .chk_for_col_msg at simulation time 51325.000 ns.
A read was performed on address 807f (hex) of port A while a write was requested to the same address on port B.  The write will be successful however the read value on port A is unknown until the next CLKA cycle.
Memory Collision Error on RAMB36E1 : test_memory.mem.buffer_rams.buffer_rams_i.UPPER_PREVIOUS.U0.inst_blk_mem_gen.\gnbram.gnativebmg.native_blk_mem_gen .\valid.cstr .\ramloop[0].ram.r .\prim_noinit.ram .\DEVICE_7SERIES.NO_BMM_INFO.SDP.WIDE_PRIM36_NO_ECC.ram .\gen_sdp.gen_wide.INT_RAMB_SDP .chk_for_col_msg at simulation time 56435.000 ns.
A read was performed on address 803f (hex) of port A while a write was requested to the same address on port B.  The write will be successful however the read value on port A is unknown until the next CLKA cycle.
Memory Collision Error on RAMB36E1 : test_memory.mem.buffer_rams.buffer_rams_i.UPPER_PREVIOUS.U0.inst_blk_mem_gen.\gnbram.gnativebmg.native_blk_mem_gen .\valid.cstr .\ramloop[1].ram.r .\prim_noinit.ram .\DEVICE_7SERIES.NO_BMM_INFO.SDP.WIDE_PRIM36_NO_ECC.ram .\gen_sdp.gen_wide.INT_RAMB_SDP .chk_for_col_msg at simulation time 56435.000 ns.
A read was performed on address 803f (hex) of port A while a write was requested to the same address on port B.  The write will be successful however the read value on port A is unknown until the next CLKA cycle.
Memory Collision Error on RAMB36E1 : test_memory.mem.buffer_rams.buffer_rams_i.UPPER.U0.inst_blk_mem_gen.\gnbram.gnativebmg.native_blk_mem_gen .\valid.cstr .\ramloop[0].ram.r .\prim_noinit.ram .\DEVICE_7SERIES.NO_BMM_INFO.SDP.WIDE_PRIM36_NO_ECC.ram .\gen_sdp.gen_wide.INT_RAMB_SDP .chk_for_col_msg at simulation time 56445.000 ns.
A read was performed on address 807f (hex) of port A while a write was requested to the same address on port B.  The write will be successful however the read value on port A is unknown until the next CLKA cycle.
Memory Collision Error on RAMB36E1 : test_memory.mem.buffer_rams.buffer_rams_i.UPPER.U0.inst_blk_mem_gen.\gnbram.gnativebmg.native_blk_mem_gen .\valid.cstr .\ramloop[1].ram.r .\prim_noinit.ram .\DEVICE_7SERIES.NO_BMM_INFO.SDP.WIDE_PRIM36_NO_ECC.ram .\gen_sdp.gen_wide.INT_RAMB_SDP .chk_for_col_msg at simulation time 56445.000 ns.
A read was performed on address 807f (hex) of port A while a write was requested to the same address on port B.  The write will be successful however the read value on port A is unknown until the next CLKA cycle.
Memory Collision Error on RAMB36E1 : test_memory.mem.buffer_rams.buffer_rams_i.UPPER_PREVIOUS.U0.inst_blk_mem_gen.\gnbram.gnativebmg.native_blk_mem_gen .\valid.cstr .\ramloop[0].ram.r .\prim_noinit.ram .\DEVICE_7SERIES.NO_BMM_INFO.SDP.WIDE_PRIM36_NO_ECC.ram .\gen_sdp.gen_wide.INT_RAMB_SDP .chk_for_col_msg at simulation time 61555.000 ns.
A read was performed on address 803f (hex) of port A while a write was requested to the same address on port B.  The write will be successful however the read value on port A is unknown until the next CLKA cycle.
Memory Collision Error on RAMB36E1 : test_memory.mem.buffer_rams.buffer_rams_i.UPPER_PREVIOUS.U0.inst_blk_mem_gen.\gnbram.gnativebmg.native_blk_mem_gen .\valid.cstr .\ramloop[1].ram.r .\prim_noinit.ram .\DEVICE_7SERIES.NO_BMM_INFO.SDP.WIDE_PRIM36_NO_ECC.ram .\gen_sdp.gen_wide.INT_RAMB_SDP .chk_for_col_msg at simulation time 61555.000 ns.
A read was performed on address 803f (hex) of port A while a write was requested to the same address on port B.  The write will be successful however the read value on port A is unknown until the next CLKA cycle.
Memory Collision Error on RAMB36E1 : test_memory.mem.buffer_rams.buffer_rams_i.UPPER.U0.inst_blk_mem_gen.\gnbram.gnativebmg.native_blk_mem_gen .\valid.cstr .\ramloop[0].ram.r .\prim_noinit.ram .\DEVICE_7SERIES.NO_BMM_INFO.SDP.WIDE_PRIM36_NO_ECC.ram .\gen_sdp.gen_wide.INT_RAMB_SDP .chk_for_col_msg at simulation time 61565.000 ns.
A read was performed on address 807f (hex) of port A while a write was requested to the same address on port B.  The write will be successful however the read value on port A is unknown until the next CLKA cycle.
Memory Collision Error on RAMB36E1 : test_memory.mem.buffer_rams.buffer_rams_i.UPPER.U0.inst_blk_mem_gen.\gnbram.gnativebmg.native_blk_mem_gen .\valid.cstr .\ramloop[1].ram.r .\prim_noinit.ram .\DEVICE_7SERIES.NO_BMM_INFO.SDP.WIDE_PRIM36_NO_ECC.ram .\gen_sdp.gen_wide.INT_RAMB_SDP .chk_for_col_msg at simulation time 61565.000 ns.
A read was performed on address 807f (hex) of port A while a write was requested to the same address on port B.  The write will be successful however the read value on port A is unknown until the next CLKA cycle.
Memory Collision Error on RAMB36E1 : test_memory.mem.buffer_rams.buffer_rams_i.UPPER_PREVIOUS.U0.inst_blk_mem_gen.\gnbram.gnativebmg.native_blk_mem_gen .\valid.cstr .\ramloop[0].ram.r .\prim_noinit.ram .\DEVICE_7SERIES.NO_BMM_INFO.SDP.WIDE_PRIM36_NO_ECC.ram .\gen_sdp.gen_wide.INT_RAMB_SDP .chk_for_col_msg at simulation time 66675.000 ns.
A read was performed on address 803f (hex) of port A while a write was requested to the same address on port B.  The write will be successful however the read value on port A is unknown until the next CLKA cycle.
Memory Collision Error on RAMB36E1 : test_memory.mem.buffer_rams.buffer_rams_i.UPPER_PREVIOUS.U0.inst_blk_mem_gen.\gnbram.gnativebmg.native_blk_mem_gen .\valid.cstr .\ramloop[1].ram.r .\prim_noinit.ram .\DEVICE_7SERIES.NO_BMM_INFO.SDP.WIDE_PRIM36_NO_ECC.ram .\gen_sdp.gen_wide.INT_RAMB_SDP .chk_for_col_msg at simulation time 66675.000 ns.
A read was performed on address 803f (hex) of port A while a write was requested to the same address on port B.  The write will be successful however the read value on port A is unknown until the next CLKA cycle.
Memory Collision Error on RAMB36E1 : test_memory.mem.buffer_rams.buffer_rams_i.UPPER.U0.inst_blk_mem_gen.\gnbram.gnativebmg.native_blk_mem_gen .\valid.cstr .\ramloop[0].ram.r .\prim_noinit.ram .\DEVICE_7SERIES.NO_BMM_INFO.SDP.WIDE_PRIM36_NO_ECC.ram .\gen_sdp.gen_wide.INT_RAMB_SDP .chk_for_col_msg at simulation time 66685.000 ns.
A read was performed on address 807f (hex) of port A while a write was requested to the same address on port B.  The write will be successful however the read value on port A is unknown until the next CLKA cycle.
Memory Collision Error on RAMB36E1 : test_memory.mem.buffer_rams.buffer_rams_i.UPPER.U0.inst_blk_mem_gen.\gnbram.gnativebmg.native_blk_mem_gen .\valid.cstr .\ramloop[1].ram.r .\prim_noinit.ram .\DEVICE_7SERIES.NO_BMM_INFO.SDP.WIDE_PRIM36_NO_ECC.ram .\gen_sdp.gen_wide.INT_RAMB_SDP .chk_for_col_msg at simulation time 66685.000 ns.
A read was performed on address 807f (hex) of port A while a write was requested to the same address on port B.  The write will be successful however the read value on port A is unknown until the next CLKA cycle.
Memory Collision Error on RAMB36E1 : test_memory.mem.buffer_rams.buffer_rams_i.UPPER_PREVIOUS.U0.inst_blk_mem_gen.\gnbram.gnativebmg.native_blk_mem_gen .\valid.cstr .\ramloop[0].ram.r .\prim_noinit.ram .\DEVICE_7SERIES.NO_BMM_INFO.SDP.WIDE_PRIM36_NO_ECC.ram .\gen_sdp.gen_wide.INT_RAMB_SDP .chk_for_col_msg at simulation time 71795.000 ns.
A read was performed on address 803f (hex) of port A while a write was requested to the same address on port B.  The write will be successful however the read value on port A is unknown until the next CLKA cycle.
Memory Collision Error on RAMB36E1 : test_memory.mem.buffer_rams.buffer_rams_i.UPPER_PREVIOUS.U0.inst_blk_mem_gen.\gnbram.gnativebmg.native_blk_mem_gen .\valid.cstr .\ramloop[1].ram.r .\prim_noinit.ram .\DEVICE_7SERIES.NO_BMM_INFO.SDP.WIDE_PRIM36_NO_ECC.ram .\gen_sdp.gen_wide.INT_RAMB_SDP .chk_for_col_msg at simulation time 71795.000 ns.
A read was performed on address 803f (hex) of port A while a write was requested to the same address on port B.  The write will be successful however the read value on port A is unknown until the next CLKA cycle.
Memory Collision Error on RAMB36E1 : test_memory.mem.buffer_rams.buffer_rams_i.UPPER.U0.inst_blk_mem_gen.\gnbram.gnativebmg.native_blk_mem_gen .\valid.cstr .\ramloop[0].ram.r .\prim_noinit.ram .\DEVICE_7SERIES.NO_BMM_INFO.SDP.WIDE_PRIM36_NO_ECC.ram .\gen_sdp.gen_wide.INT_RAMB_SDP .chk_for_col_msg at simulation time 71805.000 ns.
A read was performed on address 807f (hex) of port A while a write was requested to the same address on port B.  The write will be successful however the read value on port A is unknown until the next CLKA cycle.
Memory Collision Error on RAMB36E1 : test_memory.mem.buffer_rams.buffer_rams_i.UPPER.U0.inst_blk_mem_gen.\gnbram.gnativebmg.native_blk_mem_gen .\valid.cstr .\ramloop[1].ram.r .\prim_noinit.ram .\DEVICE_7SERIES.NO_BMM_INFO.SDP.WIDE_PRIM36_NO_ECC.ram .\gen_sdp.gen_wide.INT_RAMB_SDP .chk_for_col_msg at simulation time 71805.000 ns.
A read was performed on address 807f (hex) of port A while a write was requested to the same address on port B.  The write will be successful however the read value on port A is unknown until the next CLKA cycle.
Memory Collision Error on RAMB36E1 : test_memory.mem.buffer_rams.buffer_rams_i.UPPER_PREVIOUS.U0.inst_blk_mem_gen.\gnbram.gnativebmg.native_blk_mem_gen .\valid.cstr .\ramloop[0].ram.r .\prim_noinit.ram .\DEVICE_7SERIES.NO_BMM_INFO.SDP.WIDE_PRIM36_NO_ECC.ram .\gen_sdp.gen_wide.INT_RAMB_SDP .chk_for_col_msg at simulation time 76915.000 ns.
A read was performed on address 803f (hex) of port A while a write was requested to the same address on port B.  The write will be successful however the read value on port A is unknown until the next CLKA cycle.
Memory Collision Error on RAMB36E1 : test_memory.mem.buffer_rams.buffer_rams_i.UPPER_PREVIOUS.U0.inst_blk_mem_gen.\gnbram.gnativebmg.native_blk_mem_gen .\valid.cstr .\ramloop[1].ram.r .\prim_noinit.ram .\DEVICE_7SERIES.NO_BMM_INFO.SDP.WIDE_PRIM36_NO_ECC.ram .\gen_sdp.gen_wide.INT_RAMB_SDP .chk_for_col_msg at simulation time 76915.000 ns.
A read was performed on address 803f (hex) of port A while a write was requested to the same address on port B.  The write will be successful however the read value on port A is unknown until the next CLKA cycle.
Memory Collision Error on RAMB36E1 : test_memory.mem.buffer_rams.buffer_rams_i.UPPER.U0.inst_blk_mem_gen.\gnbram.gnativebmg.native_blk_mem_gen .\valid.cstr .\ramloop[0].ram.r .\prim_noinit.ram .\DEVICE_7SERIES.NO_BMM_INFO.SDP.WIDE_PRIM36_NO_ECC.ram .\gen_sdp.gen_wide.INT_RAMB_SDP .chk_for_col_msg at simulation time 76925.000 ns.
A read was performed on address 807f (hex) of port A while a write was requested to the same address on port B.  The write will be successful however the read value on port A is unknown until the next CLKA cycle.
Memory Collision Error on RAMB36E1 : test_memory.mem.buffer_rams.buffer_rams_i.UPPER.U0.inst_blk_mem_gen.\gnbram.gnativebmg.native_blk_mem_gen .\valid.cstr .\ramloop[1].ram.r .\prim_noinit.ram .\DEVICE_7SERIES.NO_BMM_INFO.SDP.WIDE_PRIM36_NO_ECC.ram .\gen_sdp.gen_wide.INT_RAMB_SDP .chk_for_col_msg at simulation time 76925.000 ns.
A read was performed on address 807f (hex) of port A while a write was requested to the same address on port B.  The write will be successful however the read value on port A is unknown until the next CLKA cycle.
Memory Collision Error on RAMB36E1 : test_memory.mem.buffer_rams.buffer_rams_i.UPPER_PREVIOUS.U0.inst_blk_mem_gen.\gnbram.gnativebmg.native_blk_mem_gen .\valid.cstr .\ramloop[0].ram.r .\prim_noinit.ram .\DEVICE_7SERIES.NO_BMM_INFO.SDP.WIDE_PRIM36_NO_ECC.ram .\gen_sdp.gen_wide.INT_RAMB_SDP .chk_for_col_msg at simulation time 82035.000 ns.
A read was performed on address 803f (hex) of port A while a write was requested to the same address on port B.  The write will be successful however the read value on port A is unknown until the next CLKA cycle.
Memory Collision Error on RAMB36E1 : test_memory.mem.buffer_rams.buffer_rams_i.UPPER_PREVIOUS.U0.inst_blk_mem_gen.\gnbram.gnativebmg.native_blk_mem_gen .\valid.cstr .\ramloop[1].ram.r .\prim_noinit.ram .\DEVICE_7SERIES.NO_BMM_INFO.SDP.WIDE_PRIM36_NO_ECC.ram .\gen_sdp.gen_wide.INT_RAMB_SDP .chk_for_col_msg at simulation time 82035.000 ns.
A read was performed on address 803f (hex) of port A while a write was requested to the same address on port B.  The write will be successful however the read value on port A is unknown until the next CLKA cycle.
Memory Collision Error on RAMB36E1 : test_memory.mem.buffer_rams.buffer_rams_i.UPPER.U0.inst_blk_mem_gen.\gnbram.gnativebmg.native_blk_mem_gen .\valid.cstr .\ramloop[0].ram.r .\prim_noinit.ram .\DEVICE_7SERIES.NO_BMM_INFO.SDP.WIDE_PRIM36_NO_ECC.ram .\gen_sdp.gen_wide.INT_RAMB_SDP .chk_for_col_msg at simulation time 82045.000 ns.
A read was performed on address 807f (hex) of port A while a write was requested to the same address on port B.  The write will be successful however the read value on port A is unknown until the next CLKA cycle.
Memory Collision Error on RAMB36E1 : test_memory.mem.buffer_rams.buffer_rams_i.UPPER.U0.inst_blk_mem_gen.\gnbram.gnativebmg.native_blk_mem_gen .\valid.cstr .\ramloop[1].ram.r .\prim_noinit.ram .\DEVICE_7SERIES.NO_BMM_INFO.SDP.WIDE_PRIM36_NO_ECC.ram .\gen_sdp.gen_wide.INT_RAMB_SDP .chk_for_col_msg at simulation time 82045.000 ns.
A read was performed on address 807f (hex) of port A while a write was requested to the same address on port B.  The write will be successful however the read value on port A is unknown until the next CLKA cycle.
Memory Collision Error on RAMB36E1 : test_memory.mem.buffer_rams.buffer_rams_i.UPPER_PREVIOUS.U0.inst_blk_mem_gen.\gnbram.gnativebmg.native_blk_mem_gen .\valid.cstr .\ramloop[0].ram.r .\prim_noinit.ram .\DEVICE_7SERIES.NO_BMM_INFO.SDP.WIDE_PRIM36_NO_ECC.ram .\gen_sdp.gen_wide.INT_RAMB_SDP .chk_for_col_msg at simulation time 87155.000 ns.
A read was performed on address 803f (hex) of port A while a write was requested to the same address on port B.  The write will be successful however the read value on port A is unknown until the next CLKA cycle.
Memory Collision Error on RAMB36E1 : test_memory.mem.buffer_rams.buffer_rams_i.UPPER_PREVIOUS.U0.inst_blk_mem_gen.\gnbram.gnativebmg.native_blk_mem_gen .\valid.cstr .\ramloop[1].ram.r .\prim_noinit.ram .\DEVICE_7SERIES.NO_BMM_INFO.SDP.WIDE_PRIM36_NO_ECC.ram .\gen_sdp.gen_wide.INT_RAMB_SDP .chk_for_col_msg at simulation time 87155.000 ns.
A read was performed on address 803f (hex) of port A while a write was requested to the same address on port B.  The write will be successful however the read value on port A is unknown until the next CLKA cycle.
Memory Collision Error on RAMB36E1 : test_memory.mem.buffer_rams.buffer_rams_i.UPPER.U0.inst_blk_mem_gen.\gnbram.gnativebmg.native_blk_mem_gen .\valid.cstr .\ramloop[0].ram.r .\prim_noinit.ram .\DEVICE_7SERIES.NO_BMM_INFO.SDP.WIDE_PRIM36_NO_ECC.ram .\gen_sdp.gen_wide.INT_RAMB_SDP .chk_for_col_msg at simulation time 87165.000 ns.
A read was performed on address 807f (hex) of port A while a write was requested to the same address on port B.  The write will be successful however the read value on port A is unknown until the next CLKA cycle.
Memory Collision Error on RAMB36E1 : test_memory.mem.buffer_rams.buffer_rams_i.UPPER.U0.inst_blk_mem_gen.\gnbram.gnativebmg.native_blk_mem_gen .\valid.cstr .\ramloop[1].ram.r .\prim_noinit.ram .\DEVICE_7SERIES.NO_BMM_INFO.SDP.WIDE_PRIM36_NO_ECC.ram .\gen_sdp.gen_wide.INT_RAMB_SDP .chk_for_col_msg at simulation time 87165.000 ns.
A read was performed on address 807f (hex) of port A while a write was requested to the same address on port B.  The write will be successful however the read value on port A is unknown until the next CLKA cycle.
Memory Collision Error on RAMB36E1 : test_memory.mem.buffer_rams.buffer_rams_i.UPPER_PREVIOUS.U0.inst_blk_mem_gen.\gnbram.gnativebmg.native_blk_mem_gen .\valid.cstr .\ramloop[0].ram.r .\prim_noinit.ram .\DEVICE_7SERIES.NO_BMM_INFO.SDP.WIDE_PRIM36_NO_ECC.ram .\gen_sdp.gen_wide.INT_RAMB_SDP .chk_for_col_msg at simulation time 92275.000 ns.
A read was performed on address 803f (hex) of port A while a write was requested to the same address on port B.  The write will be successful however the read value on port A is unknown until the next CLKA cycle.
Memory Collision Error on RAMB36E1 : test_memory.mem.buffer_rams.buffer_rams_i.UPPER_PREVIOUS.U0.inst_blk_mem_gen.\gnbram.gnativebmg.native_blk_mem_gen .\valid.cstr .\ramloop[1].ram.r .\prim_noinit.ram .\DEVICE_7SERIES.NO_BMM_INFO.SDP.WIDE_PRIM36_NO_ECC.ram .\gen_sdp.gen_wide.INT_RAMB_SDP .chk_for_col_msg at simulation time 92275.000 ns.
A read was performed on address 803f (hex) of port A while a write was requested to the same address on port B.  The write will be successful however the read value on port A is unknown until the next CLKA cycle.
Memory Collision Error on RAMB36E1 : test_memory.mem.buffer_rams.buffer_rams_i.UPPER.U0.inst_blk_mem_gen.\gnbram.gnativebmg.native_blk_mem_gen .\valid.cstr .\ramloop[0].ram.r .\prim_noinit.ram .\DEVICE_7SERIES.NO_BMM_INFO.SDP.WIDE_PRIM36_NO_ECC.ram .\gen_sdp.gen_wide.INT_RAMB_SDP .chk_for_col_msg at simulation time 92285.000 ns.
A read was performed on address 807f (hex) of port A while a write was requested to the same address on port B.  The write will be successful however the read value on port A is unknown until the next CLKA cycle.
Memory Collision Error on RAMB36E1 : test_memory.mem.buffer_rams.buffer_rams_i.UPPER.U0.inst_blk_mem_gen.\gnbram.gnativebmg.native_blk_mem_gen .\valid.cstr .\ramloop[1].ram.r .\prim_noinit.ram .\DEVICE_7SERIES.NO_BMM_INFO.SDP.WIDE_PRIM36_NO_ECC.ram .\gen_sdp.gen_wide.INT_RAMB_SDP .chk_for_col_msg at simulation time 92285.000 ns.
A read was performed on address 807f (hex) of port A while a write was requested to the same address on port B.  The write will be successful however the read value on port A is unknown until the next CLKA cycle.
Memory Collision Error on RAMB36E1 : test_memory.mem.buffer_rams.buffer_rams_i.UPPER_PREVIOUS.U0.inst_blk_mem_gen.\gnbram.gnativebmg.native_blk_mem_gen .\valid.cstr .\ramloop[0].ram.r .\prim_noinit.ram .\DEVICE_7SERIES.NO_BMM_INFO.SDP.WIDE_PRIM36_NO_ECC.ram .\gen_sdp.gen_wide.INT_RAMB_SDP .chk_for_col_msg at simulation time 97395.000 ns.
A read was performed on address 803f (hex) of port A while a write was requested to the same address on port B.  The write will be successful however the read value on port A is unknown until the next CLKA cycle.
Memory Collision Error on RAMB36E1 : test_memory.mem.buffer_rams.buffer_rams_i.UPPER_PREVIOUS.U0.inst_blk_mem_gen.\gnbram.gnativebmg.native_blk_mem_gen .\valid.cstr .\ramloop[1].ram.r .\prim_noinit.ram .\DEVICE_7SERIES.NO_BMM_INFO.SDP.WIDE_PRIM36_NO_ECC.ram .\gen_sdp.gen_wide.INT_RAMB_SDP .chk_for_col_msg at simulation time 97395.000 ns.
A read was performed on address 803f (hex) of port A while a write was requested to the same address on port B.  The write will be successful however the read value on port A is unknown until the next CLKA cycle.
Memory Collision Error on RAMB36E1 : test_memory.mem.buffer_rams.buffer_rams_i.UPPER.U0.inst_blk_mem_gen.\gnbram.gnativebmg.native_blk_mem_gen .\valid.cstr .\ramloop[0].ram.r .\prim_noinit.ram .\DEVICE_7SERIES.NO_BMM_INFO.SDP.WIDE_PRIM36_NO_ECC.ram .\gen_sdp.gen_wide.INT_RAMB_SDP .chk_for_col_msg at simulation time 97405.000 ns.
A read was performed on address 807f (hex) of port A while a write was requested to the same address on port B.  The write will be successful however the read value on port A is unknown until the next CLKA cycle.
Memory Collision Error on RAMB36E1 : test_memory.mem.buffer_rams.buffer_rams_i.UPPER.U0.inst_blk_mem_gen.\gnbram.gnativebmg.native_blk_mem_gen .\valid.cstr .\ramloop[1].ram.r .\prim_noinit.ram .\DEVICE_7SERIES.NO_BMM_INFO.SDP.WIDE_PRIM36_NO_ECC.ram .\gen_sdp.gen_wide.INT_RAMB_SDP .chk_for_col_msg at simulation time 97405.000 ns.
A read was performed on address 807f (hex) of port A while a write was requested to the same address on port B.  The write will be successful however the read value on port A is unknown until the next CLKA cycle.
Memory Collision Error on RAMB36E1 : test_memory.mem.buffer_rams.buffer_rams_i.UPPER_PREVIOUS.U0.inst_blk_mem_gen.\gnbram.gnativebmg.native_blk_mem_gen .\valid.cstr .\ramloop[0].ram.r .\prim_noinit.ram .\DEVICE_7SERIES.NO_BMM_INFO.SDP.WIDE_PRIM36_NO_ECC.ram .\gen_sdp.gen_wide.INT_RAMB_SDP .chk_for_col_msg at simulation time 102515.000 ns.
A read was performed on address 803f (hex) of port A while a write was requested to the same address on port B.  The write will be successful however the read value on port A is unknown until the next CLKA cycle.
Memory Collision Error on RAMB36E1 : test_memory.mem.buffer_rams.buffer_rams_i.UPPER_PREVIOUS.U0.inst_blk_mem_gen.\gnbram.gnativebmg.native_blk_mem_gen .\valid.cstr .\ramloop[1].ram.r .\prim_noinit.ram .\DEVICE_7SERIES.NO_BMM_INFO.SDP.WIDE_PRIM36_NO_ECC.ram .\gen_sdp.gen_wide.INT_RAMB_SDP .chk_for_col_msg at simulation time 102515.000 ns.
A read was performed on address 803f (hex) of port A while a write was requested to the same address on port B.  The write will be successful however the read value on port A is unknown until the next CLKA cycle.
Memory Collision Error on RAMB36E1 : test_memory.mem.buffer_rams.buffer_rams_i.UPPER.U0.inst_blk_mem_gen.\gnbram.gnativebmg.native_blk_mem_gen .\valid.cstr .\ramloop[0].ram.r .\prim_noinit.ram .\DEVICE_7SERIES.NO_BMM_INFO.SDP.WIDE_PRIM36_NO_ECC.ram .\gen_sdp.gen_wide.INT_RAMB_SDP .chk_for_col_msg at simulation time 102525.000 ns.
A read was performed on address 807f (hex) of port A while a write was requested to the same address on port B.  The write will be successful however the read value on port A is unknown until the next CLKA cycle.
Memory Collision Error on RAMB36E1 : test_memory.mem.buffer_rams.buffer_rams_i.UPPER.U0.inst_blk_mem_gen.\gnbram.gnativebmg.native_blk_mem_gen .\valid.cstr .\ramloop[1].ram.r .\prim_noinit.ram .\DEVICE_7SERIES.NO_BMM_INFO.SDP.WIDE_PRIM36_NO_ECC.ram .\gen_sdp.gen_wide.INT_RAMB_SDP .chk_for_col_msg at simulation time 102525.000 ns.
A read was performed on address 807f (hex) of port A while a write was requested to the same address on port B.  The write will be successful however the read value on port A is unknown until the next CLKA cycle.
Memory Collision Error on RAMB36E1 : test_memory.mem.buffer_rams.buffer_rams_i.UPPER_PREVIOUS.U0.inst_blk_mem_gen.\gnbram.gnativebmg.native_blk_mem_gen .\valid.cstr .\ramloop[0].ram.r .\prim_noinit.ram .\DEVICE_7SERIES.NO_BMM_INFO.SDP.WIDE_PRIM36_NO_ECC.ram .\gen_sdp.gen_wide.INT_RAMB_SDP .chk_for_col_msg at simulation time 107635.000 ns.
A read was performed on address 803f (hex) of port A while a write was requested to the same address on port B.  The write will be successful however the read value on port A is unknown until the next CLKA cycle.
Memory Collision Error on RAMB36E1 : test_memory.mem.buffer_rams.buffer_rams_i.UPPER_PREVIOUS.U0.inst_blk_mem_gen.\gnbram.gnativebmg.native_blk_mem_gen .\valid.cstr .\ramloop[1].ram.r .\prim_noinit.ram .\DEVICE_7SERIES.NO_BMM_INFO.SDP.WIDE_PRIM36_NO_ECC.ram .\gen_sdp.gen_wide.INT_RAMB_SDP .chk_for_col_msg at simulation time 107635.000 ns.
A read was performed on address 803f (hex) of port A while a write was requested to the same address on port B.  The write will be successful however the read value on port A is unknown until the next CLKA cycle.
Memory Collision Error on RAMB36E1 : test_memory.mem.buffer_rams.buffer_rams_i.UPPER.U0.inst_blk_mem_gen.\gnbram.gnativebmg.native_blk_mem_gen .\valid.cstr .\ramloop[0].ram.r .\prim_noinit.ram .\DEVICE_7SERIES.NO_BMM_INFO.SDP.WIDE_PRIM36_NO_ECC.ram .\gen_sdp.gen_wide.INT_RAMB_SDP .chk_for_col_msg at simulation time 107645.000 ns.
A read was performed on address 807f (hex) of port A while a write was requested to the same address on port B.  The write will be successful however the read value on port A is unknown until the next CLKA cycle.
Memory Collision Error on RAMB36E1 : test_memory.mem.buffer_rams.buffer_rams_i.UPPER.U0.inst_blk_mem_gen.\gnbram.gnativebmg.native_blk_mem_gen .\valid.cstr .\ramloop[1].ram.r .\prim_noinit.ram .\DEVICE_7SERIES.NO_BMM_INFO.SDP.WIDE_PRIM36_NO_ECC.ram .\gen_sdp.gen_wide.INT_RAMB_SDP .chk_for_col_msg at simulation time 107645.000 ns.
A read was performed on address 807f (hex) of port A while a write was requested to the same address on port B.  The write will be successful however the read value on port A is unknown until the next CLKA cycle.
Memory Collision Error on RAMB36E1 : test_memory.mem.buffer_rams.buffer_rams_i.UPPER_PREVIOUS.U0.inst_blk_mem_gen.\gnbram.gnativebmg.native_blk_mem_gen .\valid.cstr .\ramloop[0].ram.r .\prim_noinit.ram .\DEVICE_7SERIES.NO_BMM_INFO.SDP.WIDE_PRIM36_NO_ECC.ram .\gen_sdp.gen_wide.INT_RAMB_SDP .chk_for_col_msg at simulation time 112755.000 ns.
A read was performed on address 803f (hex) of port A while a write was requested to the same address on port B.  The write will be successful however the read value on port A is unknown until the next CLKA cycle.
Memory Collision Error on RAMB36E1 : test_memory.mem.buffer_rams.buffer_rams_i.UPPER_PREVIOUS.U0.inst_blk_mem_gen.\gnbram.gnativebmg.native_blk_mem_gen .\valid.cstr .\ramloop[1].ram.r .\prim_noinit.ram .\DEVICE_7SERIES.NO_BMM_INFO.SDP.WIDE_PRIM36_NO_ECC.ram .\gen_sdp.gen_wide.INT_RAMB_SDP .chk_for_col_msg at simulation time 112755.000 ns.
A read was performed on address 803f (hex) of port A while a write was requested to the same address on port B.  The write will be successful however the read value on port A is unknown until the next CLKA cycle.
Memory Collision Error on RAMB36E1 : test_memory.mem.buffer_rams.buffer_rams_i.UPPER.U0.inst_blk_mem_gen.\gnbram.gnativebmg.native_blk_mem_gen .\valid.cstr .\ramloop[0].ram.r .\prim_noinit.ram .\DEVICE_7SERIES.NO_BMM_INFO.SDP.WIDE_PRIM36_NO_ECC.ram .\gen_sdp.gen_wide.INT_RAMB_SDP .chk_for_col_msg at simulation time 112765.000 ns.
A read was performed on address 807f (hex) of port A while a write was requested to the same address on port B.  The write will be successful however the read value on port A is unknown until the next CLKA cycle.
Memory Collision Error on RAMB36E1 : test_memory.mem.buffer_rams.buffer_rams_i.UPPER.U0.inst_blk_mem_gen.\gnbram.gnativebmg.native_blk_mem_gen .\valid.cstr .\ramloop[1].ram.r .\prim_noinit.ram .\DEVICE_7SERIES.NO_BMM_INFO.SDP.WIDE_PRIM36_NO_ECC.ram .\gen_sdp.gen_wide.INT_RAMB_SDP .chk_for_col_msg at simulation time 112765.000 ns.
A read was performed on address 807f (hex) of port A while a write was requested to the same address on port B.  The write will be successful however the read value on port A is unknown until the next CLKA cycle.
Memory Collision Error on RAMB36E1 : test_memory.mem.buffer_rams.buffer_rams_i.UPPER_PREVIOUS.U0.inst_blk_mem_gen.\gnbram.gnativebmg.native_blk_mem_gen .\valid.cstr .\ramloop[0].ram.r .\prim_noinit.ram .\DEVICE_7SERIES.NO_BMM_INFO.SDP.WIDE_PRIM36_NO_ECC.ram .\gen_sdp.gen_wide.INT_RAMB_SDP .chk_for_col_msg at simulation time 117875.000 ns.
A read was performed on address 803f (hex) of port A while a write was requested to the same address on port B.  The write will be successful however the read value on port A is unknown until the next CLKA cycle.
Memory Collision Error on RAMB36E1 : test_memory.mem.buffer_rams.buffer_rams_i.UPPER_PREVIOUS.U0.inst_blk_mem_gen.\gnbram.gnativebmg.native_blk_mem_gen .\valid.cstr .\ramloop[1].ram.r .\prim_noinit.ram .\DEVICE_7SERIES.NO_BMM_INFO.SDP.WIDE_PRIM36_NO_ECC.ram .\gen_sdp.gen_wide.INT_RAMB_SDP .chk_for_col_msg at simulation time 117875.000 ns.
A read was performed on address 803f (hex) of port A while a write was requested to the same address on port B.  The write will be successful however the read value on port A is unknown until the next CLKA cycle.
Memory Collision Error on RAMB36E1 : test_memory.mem.buffer_rams.buffer_rams_i.UPPER.U0.inst_blk_mem_gen.\gnbram.gnativebmg.native_blk_mem_gen .\valid.cstr .\ramloop[0].ram.r .\prim_noinit.ram .\DEVICE_7SERIES.NO_BMM_INFO.SDP.WIDE_PRIM36_NO_ECC.ram .\gen_sdp.gen_wide.INT_RAMB_SDP .chk_for_col_msg at simulation time 117885.000 ns.
A read was performed on address 807f (hex) of port A while a write was requested to the same address on port B.  The write will be successful however the read value on port A is unknown until the next CLKA cycle.
Memory Collision Error on RAMB36E1 : test_memory.mem.buffer_rams.buffer_rams_i.UPPER.U0.inst_blk_mem_gen.\gnbram.gnativebmg.native_blk_mem_gen .\valid.cstr .\ramloop[1].ram.r .\prim_noinit.ram .\DEVICE_7SERIES.NO_BMM_INFO.SDP.WIDE_PRIM36_NO_ECC.ram .\gen_sdp.gen_wide.INT_RAMB_SDP .chk_for_col_msg at simulation time 117885.000 ns.
A read was performed on address 807f (hex) of port A while a write was requested to the same address on port B.  The write will be successful however the read value on port A is unknown until the next CLKA cycle.
Memory Collision Error on RAMB36E1 : test_memory.mem.buffer_rams.buffer_rams_i.UPPER_PREVIOUS.U0.inst_blk_mem_gen.\gnbram.gnativebmg.native_blk_mem_gen .\valid.cstr .\ramloop[0].ram.r .\prim_noinit.ram .\DEVICE_7SERIES.NO_BMM_INFO.SDP.WIDE_PRIM36_NO_ECC.ram .\gen_sdp.gen_wide.INT_RAMB_SDP .chk_for_col_msg at simulation time 122995.000 ns.
A read was performed on address 803f (hex) of port A while a write was requested to the same address on port B.  The write will be successful however the read value on port A is unknown until the next CLKA cycle.
Memory Collision Error on RAMB36E1 : test_memory.mem.buffer_rams.buffer_rams_i.UPPER_PREVIOUS.U0.inst_blk_mem_gen.\gnbram.gnativebmg.native_blk_mem_gen .\valid.cstr .\ramloop[1].ram.r .\prim_noinit.ram .\DEVICE_7SERIES.NO_BMM_INFO.SDP.WIDE_PRIM36_NO_ECC.ram .\gen_sdp.gen_wide.INT_RAMB_SDP .chk_for_col_msg at simulation time 122995.000 ns.
A read was performed on address 803f (hex) of port A while a write was requested to the same address on port B.  The write will be successful however the read value on port A is unknown until the next CLKA cycle.
Memory Collision Error on RAMB36E1 : test_memory.mem.buffer_rams.buffer_rams_i.UPPER.U0.inst_blk_mem_gen.\gnbram.gnativebmg.native_blk_mem_gen .\valid.cstr .\ramloop[0].ram.r .\prim_noinit.ram .\DEVICE_7SERIES.NO_BMM_INFO.SDP.WIDE_PRIM36_NO_ECC.ram .\gen_sdp.gen_wide.INT_RAMB_SDP .chk_for_col_msg at simulation time 123005.000 ns.
A read was performed on address 807f (hex) of port A while a write was requested to the same address on port B.  The write will be successful however the read value on port A is unknown until the next CLKA cycle.
Memory Collision Error on RAMB36E1 : test_memory.mem.buffer_rams.buffer_rams_i.UPPER.U0.inst_blk_mem_gen.\gnbram.gnativebmg.native_blk_mem_gen .\valid.cstr .\ramloop[1].ram.r .\prim_noinit.ram .\DEVICE_7SERIES.NO_BMM_INFO.SDP.WIDE_PRIM36_NO_ECC.ram .\gen_sdp.gen_wide.INT_RAMB_SDP .chk_for_col_msg at simulation time 123005.000 ns.
A read was performed on address 807f (hex) of port A while a write was requested to the same address on port B.  The write will be successful however the read value on port A is unknown until the next CLKA cycle.
Memory Collision Error on RAMB36E1 : test_memory.mem.buffer_rams.buffer_rams_i.UPPER_PREVIOUS.U0.inst_blk_mem_gen.\gnbram.gnativebmg.native_blk_mem_gen .\valid.cstr .\ramloop[0].ram.r .\prim_noinit.ram .\DEVICE_7SERIES.NO_BMM_INFO.SDP.WIDE_PRIM36_NO_ECC.ram .\gen_sdp.gen_wide.INT_RAMB_SDP .chk_for_col_msg at simulation time 128115.000 ns.
A read was performed on address 803f (hex) of port A while a write was requested to the same address on port B.  The write will be successful however the read value on port A is unknown until the next CLKA cycle.
Memory Collision Error on RAMB36E1 : test_memory.mem.buffer_rams.buffer_rams_i.UPPER_PREVIOUS.U0.inst_blk_mem_gen.\gnbram.gnativebmg.native_blk_mem_gen .\valid.cstr .\ramloop[1].ram.r .\prim_noinit.ram .\DEVICE_7SERIES.NO_BMM_INFO.SDP.WIDE_PRIM36_NO_ECC.ram .\gen_sdp.gen_wide.INT_RAMB_SDP .chk_for_col_msg at simulation time 128115.000 ns.
A read was performed on address 803f (hex) of port A while a write was requested to the same address on port B.  The write will be successful however the read value on port A is unknown until the next CLKA cycle.
Memory Collision Error on RAMB36E1 : test_memory.mem.buffer_rams.buffer_rams_i.UPPER.U0.inst_blk_mem_gen.\gnbram.gnativebmg.native_blk_mem_gen .\valid.cstr .\ramloop[0].ram.r .\prim_noinit.ram .\DEVICE_7SERIES.NO_BMM_INFO.SDP.WIDE_PRIM36_NO_ECC.ram .\gen_sdp.gen_wide.INT_RAMB_SDP .chk_for_col_msg at simulation time 128125.000 ns.
A read was performed on address 807f (hex) of port A while a write was requested to the same address on port B.  The write will be successful however the read value on port A is unknown until the next CLKA cycle.
Memory Collision Error on RAMB36E1 : test_memory.mem.buffer_rams.buffer_rams_i.UPPER.U0.inst_blk_mem_gen.\gnbram.gnativebmg.native_blk_mem_gen .\valid.cstr .\ramloop[1].ram.r .\prim_noinit.ram .\DEVICE_7SERIES.NO_BMM_INFO.SDP.WIDE_PRIM36_NO_ECC.ram .\gen_sdp.gen_wide.INT_RAMB_SDP .chk_for_col_msg at simulation time 128125.000 ns.
A read was performed on address 807f (hex) of port A while a write was requested to the same address on port B.  The write will be successful however the read value on port A is unknown until the next CLKA cycle.
Memory Collision Error on RAMB36E1 : test_memory.mem.buffer_rams.buffer_rams_i.UPPER_PREVIOUS.U0.inst_blk_mem_gen.\gnbram.gnativebmg.native_blk_mem_gen .\valid.cstr .\ramloop[0].ram.r .\prim_noinit.ram .\DEVICE_7SERIES.NO_BMM_INFO.SDP.WIDE_PRIM36_NO_ECC.ram .\gen_sdp.gen_wide.INT_RAMB_SDP .chk_for_col_msg at simulation time 133235.000 ns.
A read was performed on address 803f (hex) of port A while a write was requested to the same address on port B.  The write will be successful however the read value on port A is unknown until the next CLKA cycle.
Memory Collision Error on RAMB36E1 : test_memory.mem.buffer_rams.buffer_rams_i.UPPER_PREVIOUS.U0.inst_blk_mem_gen.\gnbram.gnativebmg.native_blk_mem_gen .\valid.cstr .\ramloop[1].ram.r .\prim_noinit.ram .\DEVICE_7SERIES.NO_BMM_INFO.SDP.WIDE_PRIM36_NO_ECC.ram .\gen_sdp.gen_wide.INT_RAMB_SDP .chk_for_col_msg at simulation time 133235.000 ns.
A read was performed on address 803f (hex) of port A while a write was requested to the same address on port B.  The write will be successful however the read value on port A is unknown until the next CLKA cycle.
Memory Collision Error on RAMB36E1 : test_memory.mem.buffer_rams.buffer_rams_i.UPPER.U0.inst_blk_mem_gen.\gnbram.gnativebmg.native_blk_mem_gen .\valid.cstr .\ramloop[0].ram.r .\prim_noinit.ram .\DEVICE_7SERIES.NO_BMM_INFO.SDP.WIDE_PRIM36_NO_ECC.ram .\gen_sdp.gen_wide.INT_RAMB_SDP .chk_for_col_msg at simulation time 133245.000 ns.
A read was performed on address 807f (hex) of port A while a write was requested to the same address on port B.  The write will be successful however the read value on port A is unknown until the next CLKA cycle.
Memory Collision Error on RAMB36E1 : test_memory.mem.buffer_rams.buffer_rams_i.UPPER.U0.inst_blk_mem_gen.\gnbram.gnativebmg.native_blk_mem_gen .\valid.cstr .\ramloop[1].ram.r .\prim_noinit.ram .\DEVICE_7SERIES.NO_BMM_INFO.SDP.WIDE_PRIM36_NO_ECC.ram .\gen_sdp.gen_wide.INT_RAMB_SDP .chk_for_col_msg at simulation time 133245.000 ns.
A read was performed on address 807f (hex) of port A while a write was requested to the same address on port B.  The write will be successful however the read value on port A is unknown until the next CLKA cycle.
Memory Collision Error on RAMB36E1 : test_memory.mem.buffer_rams.buffer_rams_i.UPPER_PREVIOUS.U0.inst_blk_mem_gen.\gnbram.gnativebmg.native_blk_mem_gen .\valid.cstr .\ramloop[0].ram.r .\prim_noinit.ram .\DEVICE_7SERIES.NO_BMM_INFO.SDP.WIDE_PRIM36_NO_ECC.ram .\gen_sdp.gen_wide.INT_RAMB_SDP .chk_for_col_msg at simulation time 138355.000 ns.
A read was performed on address 803f (hex) of port A while a write was requested to the same address on port B.  The write will be successful however the read value on port A is unknown until the next CLKA cycle.
Memory Collision Error on RAMB36E1 : test_memory.mem.buffer_rams.buffer_rams_i.UPPER_PREVIOUS.U0.inst_blk_mem_gen.\gnbram.gnativebmg.native_blk_mem_gen .\valid.cstr .\ramloop[1].ram.r .\prim_noinit.ram .\DEVICE_7SERIES.NO_BMM_INFO.SDP.WIDE_PRIM36_NO_ECC.ram .\gen_sdp.gen_wide.INT_RAMB_SDP .chk_for_col_msg at simulation time 138355.000 ns.
A read was performed on address 803f (hex) of port A while a write was requested to the same address on port B.  The write will be successful however the read value on port A is unknown until the next CLKA cycle.
Memory Collision Error on RAMB36E1 : test_memory.mem.buffer_rams.buffer_rams_i.UPPER.U0.inst_blk_mem_gen.\gnbram.gnativebmg.native_blk_mem_gen .\valid.cstr .\ramloop[0].ram.r .\prim_noinit.ram .\DEVICE_7SERIES.NO_BMM_INFO.SDP.WIDE_PRIM36_NO_ECC.ram .\gen_sdp.gen_wide.INT_RAMB_SDP .chk_for_col_msg at simulation time 138365.000 ns.
A read was performed on address 807f (hex) of port A while a write was requested to the same address on port B.  The write will be successful however the read value on port A is unknown until the next CLKA cycle.
Memory Collision Error on RAMB36E1 : test_memory.mem.buffer_rams.buffer_rams_i.UPPER.U0.inst_blk_mem_gen.\gnbram.gnativebmg.native_blk_mem_gen .\valid.cstr .\ramloop[1].ram.r .\prim_noinit.ram .\DEVICE_7SERIES.NO_BMM_INFO.SDP.WIDE_PRIM36_NO_ECC.ram .\gen_sdp.gen_wide.INT_RAMB_SDP .chk_for_col_msg at simulation time 138365.000 ns.
A read was performed on address 807f (hex) of port A while a write was requested to the same address on port B.  The write will be successful however the read value on port A is unknown until the next CLKA cycle.
Memory Collision Error on RAMB36E1 : test_memory.mem.buffer_rams.buffer_rams_i.UPPER_PREVIOUS.U0.inst_blk_mem_gen.\gnbram.gnativebmg.native_blk_mem_gen .\valid.cstr .\ramloop[0].ram.r .\prim_noinit.ram .\DEVICE_7SERIES.NO_BMM_INFO.SDP.WIDE_PRIM36_NO_ECC.ram .\gen_sdp.gen_wide.INT_RAMB_SDP .chk_for_col_msg at simulation time 143475.000 ns.
A read was performed on address 803f (hex) of port A while a write was requested to the same address on port B.  The write will be successful however the read value on port A is unknown until the next CLKA cycle.
Memory Collision Error on RAMB36E1 : test_memory.mem.buffer_rams.buffer_rams_i.UPPER_PREVIOUS.U0.inst_blk_mem_gen.\gnbram.gnativebmg.native_blk_mem_gen .\valid.cstr .\ramloop[1].ram.r .\prim_noinit.ram .\DEVICE_7SERIES.NO_BMM_INFO.SDP.WIDE_PRIM36_NO_ECC.ram .\gen_sdp.gen_wide.INT_RAMB_SDP .chk_for_col_msg at simulation time 143475.000 ns.
A read was performed on address 803f (hex) of port A while a write was requested to the same address on port B.  The write will be successful however the read value on port A is unknown until the next CLKA cycle.
Memory Collision Error on RAMB36E1 : test_memory.mem.buffer_rams.buffer_rams_i.UPPER.U0.inst_blk_mem_gen.\gnbram.gnativebmg.native_blk_mem_gen .\valid.cstr .\ramloop[0].ram.r .\prim_noinit.ram .\DEVICE_7SERIES.NO_BMM_INFO.SDP.WIDE_PRIM36_NO_ECC.ram .\gen_sdp.gen_wide.INT_RAMB_SDP .chk_for_col_msg at simulation time 143485.000 ns.
A read was performed on address 807f (hex) of port A while a write was requested to the same address on port B.  The write will be successful however the read value on port A is unknown until the next CLKA cycle.
Memory Collision Error on RAMB36E1 : test_memory.mem.buffer_rams.buffer_rams_i.UPPER.U0.inst_blk_mem_gen.\gnbram.gnativebmg.native_blk_mem_gen .\valid.cstr .\ramloop[1].ram.r .\prim_noinit.ram .\DEVICE_7SERIES.NO_BMM_INFO.SDP.WIDE_PRIM36_NO_ECC.ram .\gen_sdp.gen_wide.INT_RAMB_SDP .chk_for_col_msg at simulation time 143485.000 ns.
A read was performed on address 807f (hex) of port A while a write was requested to the same address on port B.  The write will be successful however the read value on port A is unknown until the next CLKA cycle.
Memory Collision Error on RAMB36E1 : test_memory.mem.buffer_rams.buffer_rams_i.UPPER_PREVIOUS.U0.inst_blk_mem_gen.\gnbram.gnativebmg.native_blk_mem_gen .\valid.cstr .\ramloop[0].ram.r .\prim_noinit.ram .\DEVICE_7SERIES.NO_BMM_INFO.SDP.WIDE_PRIM36_NO_ECC.ram .\gen_sdp.gen_wide.INT_RAMB_SDP .chk_for_col_msg at simulation time 148595.000 ns.
A read was performed on address 803f (hex) of port A while a write was requested to the same address on port B.  The write will be successful however the read value on port A is unknown until the next CLKA cycle.
Memory Collision Error on RAMB36E1 : test_memory.mem.buffer_rams.buffer_rams_i.UPPER_PREVIOUS.U0.inst_blk_mem_gen.\gnbram.gnativebmg.native_blk_mem_gen .\valid.cstr .\ramloop[1].ram.r .\prim_noinit.ram .\DEVICE_7SERIES.NO_BMM_INFO.SDP.WIDE_PRIM36_NO_ECC.ram .\gen_sdp.gen_wide.INT_RAMB_SDP .chk_for_col_msg at simulation time 148595.000 ns.
A read was performed on address 803f (hex) of port A while a write was requested to the same address on port B.  The write will be successful however the read value on port A is unknown until the next CLKA cycle.
Memory Collision Error on RAMB36E1 : test_memory.mem.buffer_rams.buffer_rams_i.UPPER.U0.inst_blk_mem_gen.\gnbram.gnativebmg.native_blk_mem_gen .\valid.cstr .\ramloop[0].ram.r .\prim_noinit.ram .\DEVICE_7SERIES.NO_BMM_INFO.SDP.WIDE_PRIM36_NO_ECC.ram .\gen_sdp.gen_wide.INT_RAMB_SDP .chk_for_col_msg at simulation time 148605.000 ns.
A read was performed on address 807f (hex) of port A while a write was requested to the same address on port B.  The write will be successful however the read value on port A is unknown until the next CLKA cycle.
Memory Collision Error on RAMB36E1 : test_memory.mem.buffer_rams.buffer_rams_i.UPPER.U0.inst_blk_mem_gen.\gnbram.gnativebmg.native_blk_mem_gen .\valid.cstr .\ramloop[1].ram.r .\prim_noinit.ram .\DEVICE_7SERIES.NO_BMM_INFO.SDP.WIDE_PRIM36_NO_ECC.ram .\gen_sdp.gen_wide.INT_RAMB_SDP .chk_for_col_msg at simulation time 148605.000 ns.
A read was performed on address 807f (hex) of port A while a write was requested to the same address on port B.  The write will be successful however the read value on port A is unknown until the next CLKA cycle.
Memory Collision Error on RAMB36E1 : test_memory.mem.buffer_rams.buffer_rams_i.UPPER_PREVIOUS.U0.inst_blk_mem_gen.\gnbram.gnativebmg.native_blk_mem_gen .\valid.cstr .\ramloop[0].ram.r .\prim_noinit.ram .\DEVICE_7SERIES.NO_BMM_INFO.SDP.WIDE_PRIM36_NO_ECC.ram .\gen_sdp.gen_wide.INT_RAMB_SDP .chk_for_col_msg at simulation time 153715.000 ns.
A read was performed on address 803f (hex) of port A while a write was requested to the same address on port B.  The write will be successful however the read value on port A is unknown until the next CLKA cycle.
Memory Collision Error on RAMB36E1 : test_memory.mem.buffer_rams.buffer_rams_i.UPPER_PREVIOUS.U0.inst_blk_mem_gen.\gnbram.gnativebmg.native_blk_mem_gen .\valid.cstr .\ramloop[1].ram.r .\prim_noinit.ram .\DEVICE_7SERIES.NO_BMM_INFO.SDP.WIDE_PRIM36_NO_ECC.ram .\gen_sdp.gen_wide.INT_RAMB_SDP .chk_for_col_msg at simulation time 153715.000 ns.
A read was performed on address 803f (hex) of port A while a write was requested to the same address on port B.  The write will be successful however the read value on port A is unknown until the next CLKA cycle.
Memory Collision Error on RAMB36E1 : test_memory.mem.buffer_rams.buffer_rams_i.UPPER.U0.inst_blk_mem_gen.\gnbram.gnativebmg.native_blk_mem_gen .\valid.cstr .\ramloop[0].ram.r .\prim_noinit.ram .\DEVICE_7SERIES.NO_BMM_INFO.SDP.WIDE_PRIM36_NO_ECC.ram .\gen_sdp.gen_wide.INT_RAMB_SDP .chk_for_col_msg at simulation time 153725.000 ns.
A read was performed on address 807f (hex) of port A while a write was requested to the same address on port B.  The write will be successful however the read value on port A is unknown until the next CLKA cycle.
Memory Collision Error on RAMB36E1 : test_memory.mem.buffer_rams.buffer_rams_i.UPPER.U0.inst_blk_mem_gen.\gnbram.gnativebmg.native_blk_mem_gen .\valid.cstr .\ramloop[1].ram.r .\prim_noinit.ram .\DEVICE_7SERIES.NO_BMM_INFO.SDP.WIDE_PRIM36_NO_ECC.ram .\gen_sdp.gen_wide.INT_RAMB_SDP .chk_for_col_msg at simulation time 153725.000 ns.
A read was performed on address 807f (hex) of port A while a write was requested to the same address on port B.  The write will be successful however the read value on port A is unknown until the next CLKA cycle.
Memory Collision Error on RAMB36E1 : test_memory.mem.buffer_rams.buffer_rams_i.UPPER_PREVIOUS.U0.inst_blk_mem_gen.\gnbram.gnativebmg.native_blk_mem_gen .\valid.cstr .\ramloop[0].ram.r .\prim_noinit.ram .\DEVICE_7SERIES.NO_BMM_INFO.SDP.WIDE_PRIM36_NO_ECC.ram .\gen_sdp.gen_wide.INT_RAMB_SDP .chk_for_col_msg at simulation time 158835.000 ns.
A read was performed on address 803f (hex) of port A while a write was requested to the same address on port B.  The write will be successful however the read value on port A is unknown until the next CLKA cycle.
Memory Collision Error on RAMB36E1 : test_memory.mem.buffer_rams.buffer_rams_i.UPPER_PREVIOUS.U0.inst_blk_mem_gen.\gnbram.gnativebmg.native_blk_mem_gen .\valid.cstr .\ramloop[1].ram.r .\prim_noinit.ram .\DEVICE_7SERIES.NO_BMM_INFO.SDP.WIDE_PRIM36_NO_ECC.ram .\gen_sdp.gen_wide.INT_RAMB_SDP .chk_for_col_msg at simulation time 158835.000 ns.
A read was performed on address 803f (hex) of port A while a write was requested to the same address on port B.  The write will be successful however the read value on port A is unknown until the next CLKA cycle.
Memory Collision Error on RAMB36E1 : test_memory.mem.buffer_rams.buffer_rams_i.UPPER.U0.inst_blk_mem_gen.\gnbram.gnativebmg.native_blk_mem_gen .\valid.cstr .\ramloop[0].ram.r .\prim_noinit.ram .\DEVICE_7SERIES.NO_BMM_INFO.SDP.WIDE_PRIM36_NO_ECC.ram .\gen_sdp.gen_wide.INT_RAMB_SDP .chk_for_col_msg at simulation time 158845.000 ns.
A read was performed on address 807f (hex) of port A while a write was requested to the same address on port B.  The write will be successful however the read value on port A is unknown until the next CLKA cycle.
Memory Collision Error on RAMB36E1 : test_memory.mem.buffer_rams.buffer_rams_i.UPPER.U0.inst_blk_mem_gen.\gnbram.gnativebmg.native_blk_mem_gen .\valid.cstr .\ramloop[1].ram.r .\prim_noinit.ram .\DEVICE_7SERIES.NO_BMM_INFO.SDP.WIDE_PRIM36_NO_ECC.ram .\gen_sdp.gen_wide.INT_RAMB_SDP .chk_for_col_msg at simulation time 158845.000 ns.
A read was performed on address 807f (hex) of port A while a write was requested to the same address on port B.  The write will be successful however the read value on port A is unknown until the next CLKA cycle.
Memory Collision Error on RAMB36E1 : test_memory.mem.buffer_rams.buffer_rams_i.UPPER_PREVIOUS.U0.inst_blk_mem_gen.\gnbram.gnativebmg.native_blk_mem_gen .\valid.cstr .\ramloop[0].ram.r .\prim_noinit.ram .\DEVICE_7SERIES.NO_BMM_INFO.SDP.WIDE_PRIM36_NO_ECC.ram .\gen_sdp.gen_wide.INT_RAMB_SDP .chk_for_col_msg at simulation time 163955.000 ns.
A read was performed on address 803f (hex) of port A while a write was requested to the same address on port B.  The write will be successful however the read value on port A is unknown until the next CLKA cycle.
Memory Collision Error on RAMB36E1 : test_memory.mem.buffer_rams.buffer_rams_i.UPPER_PREVIOUS.U0.inst_blk_mem_gen.\gnbram.gnativebmg.native_blk_mem_gen .\valid.cstr .\ramloop[1].ram.r .\prim_noinit.ram .\DEVICE_7SERIES.NO_BMM_INFO.SDP.WIDE_PRIM36_NO_ECC.ram .\gen_sdp.gen_wide.INT_RAMB_SDP .chk_for_col_msg at simulation time 163955.000 ns.
A read was performed on address 803f (hex) of port A while a write was requested to the same address on port B.  The write will be successful however the read value on port A is unknown until the next CLKA cycle.
Memory Collision Error on RAMB36E1 : test_memory.mem.buffer_rams.buffer_rams_i.UPPER.U0.inst_blk_mem_gen.\gnbram.gnativebmg.native_blk_mem_gen .\valid.cstr .\ramloop[0].ram.r .\prim_noinit.ram .\DEVICE_7SERIES.NO_BMM_INFO.SDP.WIDE_PRIM36_NO_ECC.ram .\gen_sdp.gen_wide.INT_RAMB_SDP .chk_for_col_msg at simulation time 163965.000 ns.
A read was performed on address 807f (hex) of port A while a write was requested to the same address on port B.  The write will be successful however the read value on port A is unknown until the next CLKA cycle.
Memory Collision Error on RAMB36E1 : test_memory.mem.buffer_rams.buffer_rams_i.UPPER.U0.inst_blk_mem_gen.\gnbram.gnativebmg.native_blk_mem_gen .\valid.cstr .\ramloop[1].ram.r .\prim_noinit.ram .\DEVICE_7SERIES.NO_BMM_INFO.SDP.WIDE_PRIM36_NO_ECC.ram .\gen_sdp.gen_wide.INT_RAMB_SDP .chk_for_col_msg at simulation time 163965.000 ns.
A read was performed on address 807f (hex) of port A while a write was requested to the same address on port B.  The write will be successful however the read value on port A is unknown until the next CLKA cycle.
Memory Collision Error on RAMB36E1 : test_memory.mem.buffer_rams.buffer_rams_i.UPPER_PREVIOUS.U0.inst_blk_mem_gen.\gnbram.gnativebmg.native_blk_mem_gen .\valid.cstr .\ramloop[0].ram.r .\prim_noinit.ram .\DEVICE_7SERIES.NO_BMM_INFO.SDP.WIDE_PRIM36_NO_ECC.ram .\gen_sdp.gen_wide.INT_RAMB_SDP .chk_for_col_msg at simulation time 169075.000 ns.
A read was performed on address 803f (hex) of port A while a write was requested to the same address on port B.  The write will be successful however the read value on port A is unknown until the next CLKA cycle.
Memory Collision Error on RAMB36E1 : test_memory.mem.buffer_rams.buffer_rams_i.UPPER_PREVIOUS.U0.inst_blk_mem_gen.\gnbram.gnativebmg.native_blk_mem_gen .\valid.cstr .\ramloop[1].ram.r .\prim_noinit.ram .\DEVICE_7SERIES.NO_BMM_INFO.SDP.WIDE_PRIM36_NO_ECC.ram .\gen_sdp.gen_wide.INT_RAMB_SDP .chk_for_col_msg at simulation time 169075.000 ns.
A read was performed on address 803f (hex) of port A while a write was requested to the same address on port B.  The write will be successful however the read value on port A is unknown until the next CLKA cycle.
Memory Collision Error on RAMB36E1 : test_memory.mem.buffer_rams.buffer_rams_i.UPPER.U0.inst_blk_mem_gen.\gnbram.gnativebmg.native_blk_mem_gen .\valid.cstr .\ramloop[0].ram.r .\prim_noinit.ram .\DEVICE_7SERIES.NO_BMM_INFO.SDP.WIDE_PRIM36_NO_ECC.ram .\gen_sdp.gen_wide.INT_RAMB_SDP .chk_for_col_msg at simulation time 169085.000 ns.
A read was performed on address 807f (hex) of port A while a write was requested to the same address on port B.  The write will be successful however the read value on port A is unknown until the next CLKA cycle.
Memory Collision Error on RAMB36E1 : test_memory.mem.buffer_rams.buffer_rams_i.UPPER.U0.inst_blk_mem_gen.\gnbram.gnativebmg.native_blk_mem_gen .\valid.cstr .\ramloop[1].ram.r .\prim_noinit.ram .\DEVICE_7SERIES.NO_BMM_INFO.SDP.WIDE_PRIM36_NO_ECC.ram .\gen_sdp.gen_wide.INT_RAMB_SDP .chk_for_col_msg at simulation time 169085.000 ns.
A read was performed on address 807f (hex) of port A while a write was requested to the same address on port B.  The write will be successful however the read value on port A is unknown until the next CLKA cycle.
Memory Collision Error on RAMB36E1 : test_memory.mem.buffer_rams.buffer_rams_i.UPPER_PREVIOUS.U0.inst_blk_mem_gen.\gnbram.gnativebmg.native_blk_mem_gen .\valid.cstr .\ramloop[0].ram.r .\prim_noinit.ram .\DEVICE_7SERIES.NO_BMM_INFO.SDP.WIDE_PRIM36_NO_ECC.ram .\gen_sdp.gen_wide.INT_RAMB_SDP .chk_for_col_msg at simulation time 174195.000 ns.
A read was performed on address 803f (hex) of port A while a write was requested to the same address on port B.  The write will be successful however the read value on port A is unknown until the next CLKA cycle.
Memory Collision Error on RAMB36E1 : test_memory.mem.buffer_rams.buffer_rams_i.UPPER_PREVIOUS.U0.inst_blk_mem_gen.\gnbram.gnativebmg.native_blk_mem_gen .\valid.cstr .\ramloop[1].ram.r .\prim_noinit.ram .\DEVICE_7SERIES.NO_BMM_INFO.SDP.WIDE_PRIM36_NO_ECC.ram .\gen_sdp.gen_wide.INT_RAMB_SDP .chk_for_col_msg at simulation time 174195.000 ns.
A read was performed on address 803f (hex) of port A while a write was requested to the same address on port B.  The write will be successful however the read value on port A is unknown until the next CLKA cycle.
Memory Collision Error on RAMB36E1 : test_memory.mem.buffer_rams.buffer_rams_i.UPPER.U0.inst_blk_mem_gen.\gnbram.gnativebmg.native_blk_mem_gen .\valid.cstr .\ramloop[0].ram.r .\prim_noinit.ram .\DEVICE_7SERIES.NO_BMM_INFO.SDP.WIDE_PRIM36_NO_ECC.ram .\gen_sdp.gen_wide.INT_RAMB_SDP .chk_for_col_msg at simulation time 174205.000 ns.
A read was performed on address 807f (hex) of port A while a write was requested to the same address on port B.  The write will be successful however the read value on port A is unknown until the next CLKA cycle.
Memory Collision Error on RAMB36E1 : test_memory.mem.buffer_rams.buffer_rams_i.UPPER.U0.inst_blk_mem_gen.\gnbram.gnativebmg.native_blk_mem_gen .\valid.cstr .\ramloop[1].ram.r .\prim_noinit.ram .\DEVICE_7SERIES.NO_BMM_INFO.SDP.WIDE_PRIM36_NO_ECC.ram .\gen_sdp.gen_wide.INT_RAMB_SDP .chk_for_col_msg at simulation time 174205.000 ns.
A read was performed on address 807f (hex) of port A while a write was requested to the same address on port B.  The write will be successful however the read value on port A is unknown until the next CLKA cycle.
Memory Collision Error on RAMB36E1 : test_memory.mem.buffer_rams.buffer_rams_i.UPPER_PREVIOUS.U0.inst_blk_mem_gen.\gnbram.gnativebmg.native_blk_mem_gen .\valid.cstr .\ramloop[0].ram.r .\prim_noinit.ram .\DEVICE_7SERIES.NO_BMM_INFO.SDP.WIDE_PRIM36_NO_ECC.ram .\gen_sdp.gen_wide.INT_RAMB_SDP .chk_for_col_msg at simulation time 179315.000 ns.
A read was performed on address 803f (hex) of port A while a write was requested to the same address on port B.  The write will be successful however the read value on port A is unknown until the next CLKA cycle.
Memory Collision Error on RAMB36E1 : test_memory.mem.buffer_rams.buffer_rams_i.UPPER_PREVIOUS.U0.inst_blk_mem_gen.\gnbram.gnativebmg.native_blk_mem_gen .\valid.cstr .\ramloop[1].ram.r .\prim_noinit.ram .\DEVICE_7SERIES.NO_BMM_INFO.SDP.WIDE_PRIM36_NO_ECC.ram .\gen_sdp.gen_wide.INT_RAMB_SDP .chk_for_col_msg at simulation time 179315.000 ns.
A read was performed on address 803f (hex) of port A while a write was requested to the same address on port B.  The write will be successful however the read value on port A is unknown until the next CLKA cycle.
Memory Collision Error on RAMB36E1 : test_memory.mem.buffer_rams.buffer_rams_i.UPPER.U0.inst_blk_mem_gen.\gnbram.gnativebmg.native_blk_mem_gen .\valid.cstr .\ramloop[0].ram.r .\prim_noinit.ram .\DEVICE_7SERIES.NO_BMM_INFO.SDP.WIDE_PRIM36_NO_ECC.ram .\gen_sdp.gen_wide.INT_RAMB_SDP .chk_for_col_msg at simulation time 179325.000 ns.
A read was performed on address 807f (hex) of port A while a write was requested to the same address on port B.  The write will be successful however the read value on port A is unknown until the next CLKA cycle.
Memory Collision Error on RAMB36E1 : test_memory.mem.buffer_rams.buffer_rams_i.UPPER.U0.inst_blk_mem_gen.\gnbram.gnativebmg.native_blk_mem_gen .\valid.cstr .\ramloop[1].ram.r .\prim_noinit.ram .\DEVICE_7SERIES.NO_BMM_INFO.SDP.WIDE_PRIM36_NO_ECC.ram .\gen_sdp.gen_wide.INT_RAMB_SDP .chk_for_col_msg at simulation time 179325.000 ns.
A read was performed on address 807f (hex) of port A while a write was requested to the same address on port B.  The write will be successful however the read value on port A is unknown until the next CLKA cycle.
Memory Collision Error on RAMB36E1 : test_memory.mem.buffer_rams.buffer_rams_i.UPPER_PREVIOUS.U0.inst_blk_mem_gen.\gnbram.gnativebmg.native_blk_mem_gen .\valid.cstr .\ramloop[0].ram.r .\prim_noinit.ram .\DEVICE_7SERIES.NO_BMM_INFO.SDP.WIDE_PRIM36_NO_ECC.ram .\gen_sdp.gen_wide.INT_RAMB_SDP .chk_for_col_msg at simulation time 184435.000 ns.
A read was performed on address 803f (hex) of port A while a write was requested to the same address on port B.  The write will be successful however the read value on port A is unknown until the next CLKA cycle.
Memory Collision Error on RAMB36E1 : test_memory.mem.buffer_rams.buffer_rams_i.UPPER_PREVIOUS.U0.inst_blk_mem_gen.\gnbram.gnativebmg.native_blk_mem_gen .\valid.cstr .\ramloop[1].ram.r .\prim_noinit.ram .\DEVICE_7SERIES.NO_BMM_INFO.SDP.WIDE_PRIM36_NO_ECC.ram .\gen_sdp.gen_wide.INT_RAMB_SDP .chk_for_col_msg at simulation time 184435.000 ns.
A read was performed on address 803f (hex) of port A while a write was requested to the same address on port B.  The write will be successful however the read value on port A is unknown until the next CLKA cycle.
Memory Collision Error on RAMB36E1 : test_memory.mem.buffer_rams.buffer_rams_i.UPPER.U0.inst_blk_mem_gen.\gnbram.gnativebmg.native_blk_mem_gen .\valid.cstr .\ramloop[0].ram.r .\prim_noinit.ram .\DEVICE_7SERIES.NO_BMM_INFO.SDP.WIDE_PRIM36_NO_ECC.ram .\gen_sdp.gen_wide.INT_RAMB_SDP .chk_for_col_msg at simulation time 184445.000 ns.
A read was performed on address 807f (hex) of port A while a write was requested to the same address on port B.  The write will be successful however the read value on port A is unknown until the next CLKA cycle.
Memory Collision Error on RAMB36E1 : test_memory.mem.buffer_rams.buffer_rams_i.UPPER.U0.inst_blk_mem_gen.\gnbram.gnativebmg.native_blk_mem_gen .\valid.cstr .\ramloop[1].ram.r .\prim_noinit.ram .\DEVICE_7SERIES.NO_BMM_INFO.SDP.WIDE_PRIM36_NO_ECC.ram .\gen_sdp.gen_wide.INT_RAMB_SDP .chk_for_col_msg at simulation time 184445.000 ns.
A read was performed on address 807f (hex) of port A while a write was requested to the same address on port B.  The write will be successful however the read value on port A is unknown until the next CLKA cycle.
Memory Collision Error on RAMB36E1 : test_memory.mem.buffer_rams.buffer_rams_i.UPPER_PREVIOUS.U0.inst_blk_mem_gen.\gnbram.gnativebmg.native_blk_mem_gen .\valid.cstr .\ramloop[0].ram.r .\prim_noinit.ram .\DEVICE_7SERIES.NO_BMM_INFO.SDP.WIDE_PRIM36_NO_ECC.ram .\gen_sdp.gen_wide.INT_RAMB_SDP .chk_for_col_msg at simulation time 189555.000 ns.
A read was performed on address 803f (hex) of port A while a write was requested to the same address on port B.  The write will be successful however the read value on port A is unknown until the next CLKA cycle.
Memory Collision Error on RAMB36E1 : test_memory.mem.buffer_rams.buffer_rams_i.UPPER_PREVIOUS.U0.inst_blk_mem_gen.\gnbram.gnativebmg.native_blk_mem_gen .\valid.cstr .\ramloop[1].ram.r .\prim_noinit.ram .\DEVICE_7SERIES.NO_BMM_INFO.SDP.WIDE_PRIM36_NO_ECC.ram .\gen_sdp.gen_wide.INT_RAMB_SDP .chk_for_col_msg at simulation time 189555.000 ns.
A read was performed on address 803f (hex) of port A while a write was requested to the same address on port B.  The write will be successful however the read value on port A is unknown until the next CLKA cycle.
Memory Collision Error on RAMB36E1 : test_memory.mem.buffer_rams.buffer_rams_i.UPPER.U0.inst_blk_mem_gen.\gnbram.gnativebmg.native_blk_mem_gen .\valid.cstr .\ramloop[0].ram.r .\prim_noinit.ram .\DEVICE_7SERIES.NO_BMM_INFO.SDP.WIDE_PRIM36_NO_ECC.ram .\gen_sdp.gen_wide.INT_RAMB_SDP .chk_for_col_msg at simulation time 189565.000 ns.
A read was performed on address 807f (hex) of port A while a write was requested to the same address on port B.  The write will be successful however the read value on port A is unknown until the next CLKA cycle.
Memory Collision Error on RAMB36E1 : test_memory.mem.buffer_rams.buffer_rams_i.UPPER.U0.inst_blk_mem_gen.\gnbram.gnativebmg.native_blk_mem_gen .\valid.cstr .\ramloop[1].ram.r .\prim_noinit.ram .\DEVICE_7SERIES.NO_BMM_INFO.SDP.WIDE_PRIM36_NO_ECC.ram .\gen_sdp.gen_wide.INT_RAMB_SDP .chk_for_col_msg at simulation time 189565.000 ns.
A read was performed on address 807f (hex) of port A while a write was requested to the same address on port B.  The write will be successful however the read value on port A is unknown until the next CLKA cycle.
Memory Collision Error on RAMB36E1 : test_memory.mem.VRAM.frame_buffer_i.blk_mem_gen_0.U0.inst_blk_mem_gen.\gnbram.gnativebmg.native_blk_mem_gen .\valid.cstr .\ramloop[25].ram.r .\prim_noinit.ram .\DEVICE_7SERIES.NO_BMM_INFO.SDP.SIMPLE_PRIM36.ram .\gen_tdp.INT_RAMB_TDP .chk_for_col_msg at simulation time 192235.000 ns.
A read was performed on address 8007 (hex) of port B while a write was requested to the same address on port A.  The write will be successful however the read value on port B is unknown until the next CLKB cycle.
Memory Collision Error on RAMB36E1 : test_memory.mem.VRAM.frame_buffer_i.blk_mem_gen_0.U0.inst_blk_mem_gen.\gnbram.gnativebmg.native_blk_mem_gen .\valid.cstr .\ramloop[29].ram.r .\prim_noinit.ram .\DEVICE_7SERIES.NO_BMM_INFO.SDP.SIMPLE_PRIM36.ram .\gen_tdp.INT_RAMB_TDP .chk_for_col_msg at simulation time 192235.000 ns.
A read was performed on address 8007 (hex) of port B while a write was requested to the same address on port A.  The write will be successful however the read value on port B is unknown until the next CLKB cycle.
Memory Collision Error on RAMB36E1 : test_memory.mem.VRAM.frame_buffer_i.blk_mem_gen_0.U0.inst_blk_mem_gen.\gnbram.gnativebmg.native_blk_mem_gen .\valid.cstr .\ramloop[34].ram.r .\prim_noinit.ram .\DEVICE_7SERIES.NO_BMM_INFO.SDP.SIMPLE_PRIM36.ram .\gen_tdp.INT_RAMB_TDP .chk_for_col_msg at simulation time 192235.000 ns.
A read was performed on address 8007 (hex) of port B while a write was requested to the same address on port A.  The write will be successful however the read value on port B is unknown until the next CLKB cycle.
Memory Collision Error on RAMB36E1 : test_memory.mem.VRAM.frame_buffer_i.blk_mem_gen_0.U0.inst_blk_mem_gen.\gnbram.gnativebmg.native_blk_mem_gen .\valid.cstr .\ramloop[44].ram.r .\prim_noinit.ram .\DEVICE_7SERIES.NO_BMM_INFO.SDP.SIMPLE_PRIM36.ram .\gen_tdp.INT_RAMB_TDP .chk_for_col_msg at simulation time 192235.000 ns.
A read was performed on address 8007 (hex) of port B while a write was requested to the same address on port A.  The write will be successful however the read value on port B is unknown until the next CLKB cycle.
Memory Collision Error on RAMB36E1 : test_memory.mem.VRAM.frame_buffer_i.blk_mem_gen_0.U0.inst_blk_mem_gen.\gnbram.gnative