
*** Running vivado
    with args -log memory_manager.vds -m64 -product Vivado -mode batch -messageDb vivado.pb -notrace -source memory_manager.tcl



****** Vivado v2022.2 (64-bit)
  **** SW Build 3671981 on Fri Oct 14 05:00:03 MDT 2022
  **** IP Build 3669848 on Fri Oct 14 08:30:02 MDT 2022
    ** Copyright 1986-2022 Xilinx, Inc. All Rights Reserved.

source memory_manager.tcl -notrace
create_project: Time (s): cpu = 00:00:09 ; elapsed = 00:00:10 . Memory (MB): peak = 410.211 ; gain = 80.340
INFO: [IP_Flow 19-234] Refreshing IP repositories
INFO: [IP_Flow 19-1704] No user IP repositories specified
INFO: [IP_Flow 19-2313] Loaded Vivado IP repository 'C:/Xilinx/Vivado/2022.2/data/ip'.
Command: read_checkpoint -auto_incremental -incremental C:/Users/PC/Documents/Sprite_Machine/VDP/VDP.srcs/utils_1/imports/synth_1/vdp.dcp
INFO: [Vivado 12-5825] Read reference checkpoint from C:/Users/PC/Documents/Sprite_Machine/VDP/VDP.srcs/utils_1/imports/synth_1/vdp.dcp for incremental synthesis
INFO: [Vivado 12-7989] Please ensure there are no constraint changes
Command: synth_design -top memory_manager -part xc7z020clg400-1
Starting synth_design
Attempting to get a license for feature 'Synthesis' and/or device 'xc7z020'
INFO: [Common 17-349] Got license for feature 'Synthesis' and/or device 'xc7z020'
INFO: [Device 21-403] Loading part xc7z020clg400-1
INFO: [Synth 8-7079] Multithreading enabled for synth_design using a maximum of 2 processes.
INFO: [Synth 8-7078] Launching helper process for spawning children vivado processes
INFO: [Synth 8-7075] Helper process launched with PID 46560
INFO: [Synth 8-11241] undeclared symbol 'REGCCE', assumed default net type 'wire' [C:/Xilinx/Vivado/2022.2/data/verilog/src/unimacro/BRAM_SINGLE_MACRO.v:2170]
---------------------------------------------------------------------------------
Starting RTL Elaboration : Time (s): cpu = 00:00:09 ; elapsed = 00:00:10 . Memory (MB): peak = 1257.457 ; gain = 406.344
---------------------------------------------------------------------------------
INFO: [Synth 8-6157] synthesizing module 'memory_manager' [C:/Users/PC/Documents/Sprite_Machine/VDP/VDP.srcs/sources_1/new/vdp.v:23]
INFO: [Synth 8-6157] synthesizing module 'frame_buffer_wrapper' [C:/Users/PC/Documents/Sprite_Machine/VDP/VDP.gen/sources_1/bd/frame_buffer/hdl/frame_buffer_wrapper.v:12]
INFO: [Synth 8-6157] synthesizing module 'frame_buffer' [c:/Users/PC/Documents/Sprite_Machine/VDP/VDP.gen/sources_1/bd/frame_buffer/synth/frame_buffer.v:12]
INFO: [Synth 8-6157] synthesizing module 'frame_buffer_blk_mem_gen_0_0' [C:/Users/PC/Documents/Sprite_Machine/VDP/VDP.runs/synth_1/.Xil/Vivado-24812-DESKTOP-S6J8FS7/realtime/frame_buffer_blk_mem_gen_0_0_stub.v:5]
INFO: [Synth 8-6155] done synthesizing module 'frame_buffer_blk_mem_gen_0_0' (0#1) [C:/Users/PC/Documents/Sprite_Machine/VDP/VDP.runs/synth_1/.Xil/Vivado-24812-DESKTOP-S6J8FS7/realtime/frame_buffer_blk_mem_gen_0_0_stub.v:5]
INFO: [Synth 8-6155] done synthesizing module 'frame_buffer' (0#1) [c:/Users/PC/Documents/Sprite_Machine/VDP/VDP.gen/sources_1/bd/frame_buffer/synth/frame_buffer.v:12]
INFO: [Synth 8-6155] done synthesizing module 'frame_buffer_wrapper' (0#1) [C:/Users/PC/Documents/Sprite_Machine/VDP/VDP.gen/sources_1/bd/frame_buffer/hdl/frame_buffer_wrapper.v:12]
WARNING: [Synth 8-6104] Input port 'BRAM_PORTB_0_dout' has an internal driver [C:/Users/PC/Documents/Sprite_Machine/VDP/VDP.srcs/sources_1/new/vdp.v:53]
INFO: [Synth 8-6157] synthesizing module 'sprite_mem_wrapper' [C:/Users/PC/Documents/Sprite_Machine/VDP/VDP.gen/sources_1/bd/sprite_mem/hdl/sprite_mem_wrapper.v:12]
INFO: [Synth 8-6157] synthesizing module 'sprite_mem' [c:/Users/PC/Documents/Sprite_Machine/VDP/VDP.gen/sources_1/bd/sprite_mem/synth/sprite_mem.v:12]
INFO: [Synth 8-6157] synthesizing module 'sprite_mem_blk_mem_gen_0_0' [C:/Users/PC/Documents/Sprite_Machine/VDP/VDP.runs/synth_1/.Xil/Vivado-24812-DESKTOP-S6J8FS7/realtime/sprite_mem_blk_mem_gen_0_0_stub.v:5]
INFO: [Synth 8-6155] done synthesizing module 'sprite_mem_blk_mem_gen_0_0' (0#1) [C:/Users/PC/Documents/Sprite_Machine/VDP/VDP.runs/synth_1/.Xil/Vivado-24812-DESKTOP-S6J8FS7/realtime/sprite_mem_blk_mem_gen_0_0_stub.v:5]
INFO: [Synth 8-6155] done synthesizing module 'sprite_mem' (0#1) [c:/Users/PC/Documents/Sprite_Machine/VDP/VDP.gen/sources_1/bd/sprite_mem/synth/sprite_mem.v:12]
INFO: [Synth 8-6155] done synthesizing module 'sprite_mem_wrapper' (0#1) [C:/Users/PC/Documents/Sprite_Machine/VDP/VDP.gen/sources_1/bd/sprite_mem/hdl/sprite_mem_wrapper.v:12]
INFO: [Synth 8-6157] synthesizing module 'matrix_operations' [C:/Users/PC/Documents/Sprite_Machine/VDP/VDP.srcs/sources_1/new/matrix_operations.v:23]
INFO: [Synth 8-6155] done synthesizing module 'matrix_operations' (0#1) [C:/Users/PC/Documents/Sprite_Machine/VDP/VDP.srcs/sources_1/new/matrix_operations.v:23]
INFO: [Synth 8-6157] synthesizing module 'write_enable' [C:/Users/PC/Documents/Sprite_Machine/VDP/VDP.srcs/sources_1/new/write_enable.v:23]
INFO: [Synth 8-6155] done synthesizing module 'write_enable' (0#1) [C:/Users/PC/Documents/Sprite_Machine/VDP/VDP.srcs/sources_1/new/write_enable.v:23]
INFO: [Synth 8-6155] done synthesizing module 'memory_manager' (0#1) [C:/Users/PC/Documents/Sprite_Machine/VDP/VDP.srcs/sources_1/new/vdp.v:23]
WARNING: [Synth 8-6014] Unused sequential element partial_frame_buffer_reg[80] was removed.  [C:/Users/PC/Documents/Sprite_Machine/VDP/VDP.srcs/sources_1/new/vdp.v:153]
WARNING: [Synth 8-6014] Unused sequential element partial_frame_buffer_reg[79] was removed.  [C:/Users/PC/Documents/Sprite_Machine/VDP/VDP.srcs/sources_1/new/vdp.v:153]
WARNING: [Synth 8-6014] Unused sequential element partial_frame_buffer_reg[78] was removed.  [C:/Users/PC/Documents/Sprite_Machine/VDP/VDP.srcs/sources_1/new/vdp.v:153]
WARNING: [Synth 8-6014] Unused sequential element partial_frame_buffer_reg[77] was removed.  [C:/Users/PC/Documents/Sprite_Machine/VDP/VDP.srcs/sources_1/new/vdp.v:153]
WARNING: [Synth 8-6014] Unused sequential element partial_frame_buffer_reg[76] was removed.  [C:/Users/PC/Documents/Sprite_Machine/VDP/VDP.srcs/sources_1/new/vdp.v:153]
WARNING: [Synth 8-6014] Unused sequential element partial_frame_buffer_reg[75] was removed.  [C:/Users/PC/Documents/Sprite_Machine/VDP/VDP.srcs/sources_1/new/vdp.v:153]
WARNING: [Synth 8-6014] Unused sequential element partial_frame_buffer_reg[74] was removed.  [C:/Users/PC/Documents/Sprite_Machine/VDP/VDP.srcs/sources_1/new/vdp.v:153]
WARNING: [Synth 8-6014] Unused sequential element partial_frame_buffer_reg[73] was removed.  [C:/Users/PC/Documents/Sprite_Machine/VDP/VDP.srcs/sources_1/new/vdp.v:153]
WARNING: [Synth 8-6014] Unused sequential element partial_frame_buffer_reg[72] was removed.  [C:/Users/PC/Documents/Sprite_Machine/VDP/VDP.srcs/sources_1/new/vdp.v:153]
WARNING: [Synth 8-6014] Unused sequential element partial_frame_buffer_reg[71] was removed.  [C:/Users/PC/Documents/Sprite_Machine/VDP/VDP.srcs/sources_1/new/vdp.v:153]
WARNING: [Synth 8-6014] Unused sequential element partial_frame_buffer_reg[70] was removed.  [C:/Users/PC/Documents/Sprite_Machine/VDP/VDP.srcs/sources_1/new/vdp.v:153]
WARNING: [Synth 8-6014] Unused sequential element partial_frame_buffer_reg[69] was removed.  [C:/Users/PC/Documents/Sprite_Machine/VDP/VDP.srcs/sources_1/new/vdp.v:153]
WARNING: [Synth 8-6014] Unused sequential element partial_frame_buffer_reg[68] was removed.  [C:/Users/PC/Documents/Sprite_Machine/VDP/VDP.srcs/sources_1/new/vdp.v:153]
WARNING: [Synth 8-6014] Unused sequential element partial_frame_buffer_reg[67] was removed.  [C:/Users/PC/Documents/Sprite_Machine/VDP/VDP.srcs/sources_1/new/vdp.v:153]
WARNING: [Synth 8-6014] Unused sequential element partial_frame_buffer_reg[66] was removed.  [C:/Users/PC/Documents/Sprite_Machine/VDP/VDP.srcs/sources_1/new/vdp.v:153]
WARNING: [Synth 8-6014] Unused sequential element partial_frame_buffer_reg[65] was removed.  [C:/Users/PC/Documents/Sprite_Machine/VDP/VDP.srcs/sources_1/new/vdp.v:153]
WARNING: [Synth 8-6014] Unused sequential element partial_frame_buffer_reg[64] was removed.  [C:/Users/PC/Documents/Sprite_Machine/VDP/VDP.srcs/sources_1/new/vdp.v:153]
WARNING: [Synth 8-6014] Unused sequential element partial_frame_buffer_reg[63] was removed.  [C:/Users/PC/Documents/Sprite_Machine/VDP/VDP.srcs/sources_1/new/vdp.v:153]
WARNING: [Synth 8-6014] Unused sequential element partial_frame_buffer_reg[62] was removed.  [C:/Users/PC/Documents/Sprite_Machine/VDP/VDP.srcs/sources_1/new/vdp.v:153]
WARNING: [Synth 8-6014] Unused sequential element partial_frame_buffer_reg[61] was removed.  [C:/Users/PC/Documents/Sprite_Machine/VDP/VDP.srcs/sources_1/new/vdp.v:153]
WARNING: [Synth 8-6014] Unused sequential element partial_frame_buffer_reg[60] was removed.  [C:/Users/PC/Documents/Sprite_Machine/VDP/VDP.srcs/sources_1/new/vdp.v:153]
WARNING: [Synth 8-6014] Unused sequential element partial_frame_buffer_reg[59] was removed.  [C:/Users/PC/Documents/Sprite_Machine/VDP/VDP.srcs/sources_1/new/vdp.v:153]
WARNING: [Synth 8-6014] Unused sequential element partial_frame_buffer_reg[58] was removed.  [C:/Users/PC/Documents/Sprite_Machine/VDP/VDP.srcs/sources_1/new/vdp.v:153]
WARNING: [Synth 8-6014] Unused sequential element partial_frame_buffer_reg[57] was removed.  [C:/Users/PC/Documents/Sprite_Machine/VDP/VDP.srcs/sources_1/new/vdp.v:153]
WARNING: [Synth 8-6014] Unused sequential element partial_frame_buffer_reg[56] was removed.  [C:/Users/PC/Documents/Sprite_Machine/VDP/VDP.srcs/sources_1/new/vdp.v:153]
WARNING: [Synth 8-6014] Unused sequential element partial_frame_buffer_reg[55] was removed.  [C:/Users/PC/Documents/Sprite_Machine/VDP/VDP.srcs/sources_1/new/vdp.v:153]
WARNING: [Synth 8-6014] Unused sequential element partial_frame_buffer_reg[54] was removed.  [C:/Users/PC/Documents/Sprite_Machine/VDP/VDP.srcs/sources_1/new/vdp.v:153]
WARNING: [Synth 8-6014] Unused sequential element partial_frame_buffer_reg[53] was removed.  [C:/Users/PC/Documents/Sprite_Machine/VDP/VDP.srcs/sources_1/new/vdp.v:153]
WARNING: [Synth 8-6014] Unused sequential element partial_frame_buffer_reg[52] was removed.  [C:/Users/PC/Documents/Sprite_Machine/VDP/VDP.srcs/sources_1/new/vdp.v:153]
WARNING: [Synth 8-6014] Unused sequential element partial_frame_buffer_reg[51] was removed.  [C:/Users/PC/Documents/Sprite_Machine/VDP/VDP.srcs/sources_1/new/vdp.v:153]
WARNING: [Synth 8-6014] Unused sequential element partial_frame_buffer_reg[50] was removed.  [C:/Users/PC/Documents/Sprite_Machine/VDP/VDP.srcs/sources_1/new/vdp.v:153]
WARNING: [Synth 8-6014] Unused sequential element partial_frame_buffer_reg[49] was removed.  [C:/Users/PC/Documents/Sprite_Machine/VDP/VDP.srcs/sources_1/new/vdp.v:153]
WARNING: [Synth 8-6014] Unused sequential element partial_frame_buffer_reg[48] was removed.  [C:/Users/PC/Documents/Sprite_Machine/VDP/VDP.srcs/sources_1/new/vdp.v:153]
WARNING: [Synth 8-6014] Unused sequential element partial_frame_buffer_reg[47] was removed.  [C:/Users/PC/Documents/Sprite_Machine/VDP/VDP.srcs/sources_1/new/vdp.v:153]
WARNING: [Synth 8-6014] Unused sequential element partial_frame_buffer_reg[46] was removed.  [C:/Users/PC/Documents/Sprite_Machine/VDP/VDP.srcs/sources_1/new/vdp.v:153]
WARNING: [Synth 8-6014] Unused sequential element partial_frame_buffer_reg[45] was removed.  [C:/Users/PC/Documents/Sprite_Machine/VDP/VDP.srcs/sources_1/new/vdp.v:153]
WARNING: [Synth 8-6014] Unused sequential element partial_frame_buffer_reg[44] was removed.  [C:/Users/PC/Documents/Sprite_Machine/VDP/VDP.srcs/sources_1/new/vdp.v:153]
WARNING: [Synth 8-6014] Unused sequential element partial_frame_buffer_reg[43] was removed.  [C:/Users/PC/Documents/Sprite_Machine/VDP/VDP.srcs/sources_1/new/vdp.v:153]
WARNING: [Synth 8-6014] Unused sequential element partial_frame_buffer_reg[42] was removed.  [C:/Users/PC/Documents/Sprite_Machine/VDP/VDP.srcs/sources_1/new/vdp.v:153]
WARNING: [Synth 8-6014] Unused sequential element partial_frame_buffer_reg[41] was removed.  [C:/Users/PC/Documents/Sprite_Machine/VDP/VDP.srcs/sources_1/new/vdp.v:153]
WARNING: [Synth 8-6014] Unused sequential element partial_frame_buffer_reg[40] was removed.  [C:/Users/PC/Documents/Sprite_Machine/VDP/VDP.srcs/sources_1/new/vdp.v:153]
WARNING: [Synth 8-6014] Unused sequential element partial_frame_buffer_reg[39] was removed.  [C:/Users/PC/Documents/Sprite_Machine/VDP/VDP.srcs/sources_1/new/vdp.v:153]
WARNING: [Synth 8-6014] Unused sequential element partial_frame_buffer_reg[38] was removed.  [C:/Users/PC/Documents/Sprite_Machine/VDP/VDP.srcs/sources_1/new/vdp.v:153]
WARNING: [Synth 8-6014] Unused sequential element partial_frame_buffer_reg[37] was removed.  [C:/Users/PC/Documents/Sprite_Machine/VDP/VDP.srcs/sources_1/new/vdp.v:153]
WARNING: [Synth 8-6014] Unused sequential element partial_frame_buffer_reg[36] was removed.  [C:/Users/PC/Documents/Sprite_Machine/VDP/VDP.srcs/sources_1/new/vdp.v:153]
WARNING: [Synth 8-6014] Unused sequential element partial_frame_buffer_reg[35] was removed.  [C:/Users/PC/Documents/Sprite_Machine/VDP/VDP.srcs/sources_1/new/vdp.v:153]
WARNING: [Synth 8-6014] Unused sequential element partial_frame_buffer_reg[34] was removed.  [C:/Users/PC/Documents/Sprite_Machine/VDP/VDP.srcs/sources_1/new/vdp.v:153]
WARNING: [Synth 8-6014] Unused sequential element partial_frame_buffer_reg[33] was removed.  [C:/Users/PC/Documents/Sprite_Machine/VDP/VDP.srcs/sources_1/new/vdp.v:153]
WARNING: [Synth 8-6014] Unused sequential element partial_frame_buffer_reg[32] was removed.  [C:/Users/PC/Documents/Sprite_Machine/VDP/VDP.srcs/sources_1/new/vdp.v:153]
WARNING: [Synth 8-6014] Unused sequential element partial_frame_buffer_reg[31] was removed.  [C:/Users/PC/Documents/Sprite_Machine/VDP/VDP.srcs/sources_1/new/vdp.v:153]
WARNING: [Synth 8-6014] Unused sequential element partial_frame_buffer_reg[30] was removed.  [C:/Users/PC/Documents/Sprite_Machine/VDP/VDP.srcs/sources_1/new/vdp.v:153]
WARNING: [Synth 8-6014] Unused sequential element partial_frame_buffer_reg[29] was removed.  [C:/Users/PC/Documents/Sprite_Machine/VDP/VDP.srcs/sources_1/new/vdp.v:153]
WARNING: [Synth 8-6014] Unused sequential element partial_frame_buffer_reg[28] was removed.  [C:/Users/PC/Documents/Sprite_Machine/VDP/VDP.srcs/sources_1/new/vdp.v:153]
WARNING: [Synth 8-6014] Unused sequential element partial_frame_buffer_reg[27] was removed.  [C:/Users/PC/Documents/Sprite_Machine/VDP/VDP.srcs/sources_1/new/vdp.v:153]
WARNING: [Synth 8-6014] Unused sequential element partial_frame_buffer_reg[26] was removed.  [C:/Users/PC/Documents/Sprite_Machine/VDP/VDP.srcs/sources_1/new/vdp.v:153]
WARNING: [Synth 8-6014] Unused sequential element partial_frame_buffer_reg[25] was removed.  [C:/Users/PC/Documents/Sprite_Machine/VDP/VDP.srcs/sources_1/new/vdp.v:153]
WARNING: [Synth 8-6014] Unused sequential element partial_frame_buffer_reg[24] was removed.  [C:/Users/PC/Documents/Sprite_Machine/VDP/VDP.srcs/sources_1/new/vdp.v:153]
WARNING: [Synth 8-6014] Unused sequential element partial_frame_buffer_reg[23] was removed.  [C:/Users/PC/Documents/Sprite_Machine/VDP/VDP.srcs/sources_1/new/vdp.v:153]
WARNING: [Synth 8-6014] Unused sequential element partial_frame_buffer_reg[22] was removed.  [C:/Users/PC/Documents/Sprite_Machine/VDP/VDP.srcs/sources_1/new/vdp.v:153]
WARNING: [Synth 8-6014] Unused sequential element partial_frame_buffer_reg[21] was removed.  [C:/Users/PC/Documents/Sprite_Machine/VDP/VDP.srcs/sources_1/new/vdp.v:153]
WARNING: [Synth 8-6014] Unused sequential element partial_frame_buffer_reg[20] was removed.  [C:/Users/PC/Documents/Sprite_Machine/VDP/VDP.srcs/sources_1/new/vdp.v:153]
WARNING: [Synth 8-6014] Unused sequential element partial_frame_buffer_reg[19] was removed.  [C:/Users/PC/Documents/Sprite_Machine/VDP/VDP.srcs/sources_1/new/vdp.v:153]
WARNING: [Synth 8-6014] Unused sequential element partial_frame_buffer_reg[18] was removed.  [C:/Users/PC/Documents/Sprite_Machine/VDP/VDP.srcs/sources_1/new/vdp.v:153]
WARNING: [Synth 8-6014] Unused sequential element partial_frame_buffer_reg[17] was removed.  [C:/Users/PC/Documents/Sprite_Machine/VDP/VDP.srcs/sources_1/new/vdp.v:153]
WARNING: [Synth 8-6014] Unused sequential element partial_frame_buffer_reg[16] was removed.  [C:/Users/PC/Documents/Sprite_Machine/VDP/VDP.srcs/sources_1/new/vdp.v:153]
WARNING: [Synth 8-6014] Unused sequential element partial_frame_buffer_reg[15] was removed.  [C:/Users/PC/Documents/Sprite_Machine/VDP/VDP.srcs/sources_1/new/vdp.v:153]
WARNING: [Synth 8-6014] Unused sequential element partial_frame_buffer_reg[14] was removed.  [C:/Users/PC/Documents/Sprite_Machine/VDP/VDP.srcs/sources_1/new/vdp.v:153]
WARNING: [Synth 8-6014] Unused sequential element partial_frame_buffer_reg[13] was removed.  [C:/Users/PC/Documents/Sprite_Machine/VDP/VDP.srcs/sources_1/new/vdp.v:153]
WARNING: [Synth 8-6014] Unused sequential element partial_frame_buffer_reg[12] was removed.  [C:/Users/PC/Documents/Sprite_Machine/VDP/VDP.srcs/sources_1/new/vdp.v:153]
WARNING: [Synth 8-6014] Unused sequential element partial_frame_buffer_reg[11] was removed.  [C:/Users/PC/Documents/Sprite_Machine/VDP/VDP.srcs/sources_1/new/vdp.v:153]
WARNING: [Synth 8-6014] Unused sequential element partial_frame_buffer_reg[10] was removed.  [C:/Users/PC/Documents/Sprite_Machine/VDP/VDP.srcs/sources_1/new/vdp.v:153]
WARNING: [Synth 8-6014] Unused sequential element partial_frame_buffer_reg[9] was removed.  [C:/Users/PC/Documents/Sprite_Machine/VDP/VDP.srcs/sources_1/new/vdp.v:153]
WARNING: [Synth 8-6014] Unused sequential element partial_frame_buffer_reg[8] was removed.  [C:/Users/PC/Documents/Sprite_Machine/VDP/VDP.srcs/sources_1/new/vdp.v:153]
WARNING: [Synth 8-6014] Unused sequential element partial_frame_buffer_reg[7] was removed.  [C:/Users/PC/Documents/Sprite_Machine/VDP/VDP.srcs/sources_1/new/vdp.v:153]
WARNING: [Synth 8-6014] Unused sequential element partial_frame_buffer_reg[6] was removed.  [C:/Users/PC/Documents/Sprite_Machine/VDP/VDP.srcs/sources_1/new/vdp.v:153]
WARNING: [Synth 8-6014] Unused sequential element partial_frame_buffer_reg[5] was removed.  [C:/Users/PC/Documents/Sprite_Machine/VDP/VDP.srcs/sources_1/new/vdp.v:153]
WARNING: [Synth 8-6014] Unused sequential element partial_frame_buffer_reg[4] was removed.  [C:/Users/PC/Documents/Sprite_Machine/VDP/VDP.srcs/sources_1/new/vdp.v:153]
WARNING: [Synth 8-6014] Unused sequential element partial_frame_buffer_reg[3] was removed.  [C:/Users/PC/Documents/Sprite_Machine/VDP/VDP.srcs/sources_1/new/vdp.v:153]
WARNING: [Synth 8-6014] Unused sequential element partial_frame_buffer_reg[2] was removed.  [C:/Users/PC/Documents/Sprite_Machine/VDP/VDP.srcs/sources_1/new/vdp.v:153]
WARNING: [Synth 8-6014] Unused sequential element partial_frame_buffer_reg[1] was removed.  [C:/Users/PC/Documents/Sprite_Machine/VDP/VDP.srcs/sources_1/new/vdp.v:153]
WARNING: [Synth 8-6014] Unused sequential element partial_frame_buffer_reg[0] was removed.  [C:/Users/PC/Documents/Sprite_Machine/VDP/VDP.srcs/sources_1/new/vdp.v:153]
WARNING: [Synth 8-3848] Net last_upper in module/entity memory_manager does not have driver. [C:/Users/PC/Documents/Sprite_Machine/VDP/VDP.srcs/sources_1/new/vdp.v:103]
WARNING: [Synth 8-3848] Net lasti in module/entity memory_manager does not have driver. [C:/Users/PC/Documents/Sprite_Machine/VDP/VDP.srcs/sources_1/new/vdp.v:104]
WARNING: [Synth 8-3848] Net upper in module/entity memory_manager does not have driver. [C:/Users/PC/Documents/Sprite_Machine/VDP/VDP.srcs/sources_1/new/vdp.v:105]
WARNING: [Synth 8-3848] Net newi in module/entity memory_manager does not have driver. [C:/Users/PC/Documents/Sprite_Machine/VDP/VDP.srcs/sources_1/new/vdp.v:106]
WARNING: [Synth 8-7129] Port last_upper[455] in module matrix_operations is either unconnected or has no load
WARNING: [Synth 8-7129] Port last_upper[454] in module matrix_operations is either unconnected or has no load
WARNING: [Synth 8-7129] Port last_upper[453] in module matrix_operations is either unconnected or has no load
WARNING: [Synth 8-7129] Port last_upper[452] in module matrix_operations is either unconnected or has no load
WARNING: [Synth 8-7129] Port last_upper[451] in module matrix_operations is either unconnected or has no load
WARNING: [Synth 8-7129] Port last_upper[450] in module matrix_operations is either unconnected or has no load
WARNING: [Synth 8-7129] Port last_upper[449] in module matrix_operations is either unconnected or has no load
WARNING: [Synth 8-7129] Port last_upper[448] in module matrix_operations is either unconnected or has no load
WARNING: [Synth 8-7129] Port last_upper[391] in module matrix_operations is either unconnected or has no load
WARNING: [Synth 8-7129] Port last_upper[390] in module matrix_operations is either unconnected or has no load
WARNING: [Synth 8-7129] Port last_upper[389] in module matrix_operations is either unconnected or has no load
WARNING: [Synth 8-7129] Port last_upper[388] in module matrix_operations is either unconnected or has no load
WARNING: [Synth 8-7129] Port last_upper[387] in module matrix_operations is either unconnected or has no load
WARNING: [Synth 8-7129] Port last_upper[386] in module matrix_operations is either unconnected or has no load
WARNING: [Synth 8-7129] Port last_upper[385] in module matrix_operations is either unconnected or has no load
WARNING: [Synth 8-7129] Port last_upper[384] in module matrix_operations is either unconnected or has no load
WARNING: [Synth 8-7129] Port last_upper[327] in module matrix_operations is either unconnected or has no load
WARNING: [Synth 8-7129] Port last_upper[326] in module matrix_operations is either unconnected or has no load
WARNING: [Synth 8-7129] Port last_upper[325] in module matrix_operations is either unconnected or has no load
WARNING: [Synth 8-7129] Port last_upper[324] in module matrix_operations is either unconnected or has no load
WARNING: [Synth 8-7129] Port last_upper[323] in module matrix_operations is either unconnected or has no load
WARNING: [Synth 8-7129] Port last_upper[322] in module matrix_operations is either unconnected or has no load
WARNING: [Synth 8-7129] Port last_upper[321] in module matrix_operations is either unconnected or has no load
WARNING: [Synth 8-7129] Port last_upper[320] in module matrix_operations is either unconnected or has no load
WARNING: [Synth 8-7129] Port last_upper[263] in module matrix_operations is either unconnected or has no load
WARNING: [Synth 8-7129] Port last_upper[262] in module matrix_operations is either unconnected or has no load
WARNING: [Synth 8-7129] Port last_upper[261] in module matrix_operations is either unconnected or has no load
WARNING: [Synth 8-7129] Port last_upper[260] in module matrix_operations is either unconnected or has no load
WARNING: [Synth 8-7129] Port last_upper[259] in module matrix_operations is either unconnected or has no load
WARNING: [Synth 8-7129] Port last_upper[258] in module matrix_operations is either unconnected or has no load
WARNING: [Synth 8-7129] Port last_upper[257] in module matrix_operations is either unconnected or has no load
WARNING: [Synth 8-7129] Port last_upper[256] in module matrix_operations is either unconnected or has no load
WARNING: [Synth 8-7129] Port last_upper[199] in module matrix_operations is either unconnected or has no load
WARNING: [Synth 8-7129] Port last_upper[198] in module matrix_operations is either unconnected or has no load
WARNING: [Synth 8-7129] Port last_upper[197] in module matrix_operations is either unconnected or has no load
WARNING: [Synth 8-7129] Port last_upper[196] in module matrix_operations is either unconnected or has no load
WARNING: [Synth 8-7129] Port last_upper[195] in module matrix_operations is either unconnected or has no load
WARNING: [Synth 8-7129] Port last_upper[194] in module matrix_operations is either unconnected or has no load
WARNING: [Synth 8-7129] Port last_upper[193] in module matrix_operations is either unconnected or has no load
WARNING: [Synth 8-7129] Port last_upper[192] in module matrix_operations is either unconnected or has no load
WARNING: [Synth 8-7129] Port last_upper[135] in module matrix_operations is either unconnected or has no load
WARNING: [Synth 8-7129] Port last_upper[134] in module matrix_operations is either unconnected or has no load
WARNING: [Synth 8-7129] Port last_upper[133] in module matrix_operations is either unconnected or has no load
WARNING: [Synth 8-7129] Port last_upper[132] in module matrix_operations is either unconnected or has no load
WARNING: [Synth 8-7129] Port last_upper[131] in module matrix_operations is either unconnected or has no load
WARNING: [Synth 8-7129] Port last_upper[130] in module matrix_operations is either unconnected or has no load
WARNING: [Synth 8-7129] Port last_upper[129] in module matrix_operations is either unconnected or has no load
WARNING: [Synth 8-7129] Port last_upper[128] in module matrix_operations is either unconnected or has no load
WARNING: [Synth 8-7129] Port last_upper[71] in module matrix_operations is either unconnected or has no load
WARNING: [Synth 8-7129] Port last_upper[70] in module matrix_operations is either unconnected or has no load
WARNING: [Synth 8-7129] Port last_upper[69] in module matrix_operations is either unconnected or has no load
WARNING: [Synth 8-7129] Port last_upper[68] in module matrix_operations is either unconnected or has no load
WARNING: [Synth 8-7129] Port last_upper[67] in module matrix_operations is either unconnected or has no load
WARNING: [Synth 8-7129] Port last_upper[66] in module matrix_operations is either unconnected or has no load
WARNING: [Synth 8-7129] Port last_upper[65] in module matrix_operations is either unconnected or has no load
WARNING: [Synth 8-7129] Port last_upper[64] in module matrix_operations is either unconnected or has no load
WARNING: [Synth 8-7129] Port last_upper[63] in module matrix_operations is either unconnected or has no load
WARNING: [Synth 8-7129] Port last_upper[62] in module matrix_operations is either unconnected or has no load
WARNING: [Synth 8-7129] Port last_upper[61] in module matrix_operations is either unconnected or has no load
WARNING: [Synth 8-7129] Port last_upper[60] in module matrix_operations is either unconnected or has no load
WARNING: [Synth 8-7129] Port last_upper[59] in module matrix_operations is either unconnected or has no load
WARNING: [Synth 8-7129] Port last_upper[58] in module matrix_operations is either unconnected or has no load
WARNING: [Synth 8-7129] Port last_upper[57] in module matrix_operations is either unconnected or has no load
WARNING: [Synth 8-7129] Port last_upper[56] in module matrix_operations is either unconnected or has no load
WARNING: [Synth 8-7129] Port last_upper[55] in module matrix_operations is either unconnected or has no load
WARNING: [Synth 8-7129] Port last_upper[54] in module matrix_operations is either unconnected or has no load
WARNING: [Synth 8-7129] Port last_upper[53] in module matrix_operations is either unconnected or has no load
WARNING: [Synth 8-7129] Port last_upper[52] in module matrix_operations is either unconnected or has no load
WARNING: [Synth 8-7129] Port last_upper[51] in module matrix_operations is either unconnected or has no load
WARNING: [Synth 8-7129] Port last_upper[50] in module matrix_operations is either unconnected or has no load
WARNING: [Synth 8-7129] Port last_upper[49] in module matrix_operations is either unconnected or has no load
WARNING: [Synth 8-7129] Port last_upper[48] in module matrix_operations is either unconnected or has no load
WARNING: [Synth 8-7129] Port last_upper[47] in module matrix_operations is either unconnected or has no load
WARNING: [Synth 8-7129] Port last_upper[46] in module matrix_operations is either unconnected or has no load
WARNING: [Synth 8-7129] Port last_upper[45] in module matrix_operations is either unconnected or has no load
WARNING: [Synth 8-7129] Port last_upper[44] in module matrix_operations is either unconnected or has no load
WARNING: [Synth 8-7129] Port last_upper[43] in module matrix_operations is either unconnected or has no load
WARNING: [Synth 8-7129] Port last_upper[42] in module matrix_operations is either unconnected or has no load
WARNING: [Synth 8-7129] Port last_upper[41] in module matrix_operations is either unconnected or has no load
WARNING: [Synth 8-7129] Port last_upper[40] in module matrix_operations is either unconnected or has no load
WARNING: [Synth 8-7129] Port last_upper[39] in module matrix_operations is either unconnected or has no load
WARNING: [Synth 8-7129] Port last_upper[38] in module matrix_operations is either unconnected or has no load
WARNING: [Synth 8-7129] Port last_upper[37] in module matrix_operations is either unconnected or has no load
WARNING: [Synth 8-7129] Port last_upper[36] in module matrix_operations is either unconnected or has no load
WARNING: [Synth 8-7129] Port last_upper[35] in module matrix_operations is either unconnected or has no load
WARNING: [Synth 8-7129] Port last_upper[34] in module matrix_operations is either unconnected or has no load
WARNING: [Synth 8-7129] Port last_upper[33] in module matrix_operations is either unconnected or has no load
WARNING: [Synth 8-7129] Port last_upper[32] in module matrix_operations is either unconnected or has no load
WARNING: [Synth 8-7129] Port last_upper[31] in module matrix_operations is either unconnected or has no load
WARNING: [Synth 8-7129] Port last_upper[30] in module matrix_operations is either unconnected or has no load
WARNING: [Synth 8-7129] Port last_upper[29] in module matrix_operations is either unconnected or has no load
WARNING: [Synth 8-7129] Port last_upper[28] in module matrix_operations is either unconnected or has no load
WARNING: [Synth 8-7129] Port last_upper[27] in module matrix_operations is either unconnected or has no load
WARNING: [Synth 8-7129] Port last_upper[26] in module matrix_operations is either unconnected or has no load
WARNING: [Synth 8-7129] Port last_upper[25] in module matrix_operations is either unconnected or has no load
WARNING: [Synth 8-7129] Port last_upper[24] in module matrix_operations is either unconnected or has no load
WARNING: [Synth 8-7129] Port last_upper[23] in module matrix_operations is either unconnected or has no load
WARNING: [Synth 8-7129] Port last_upper[22] in module matrix_operations is either unconnected or has no load
WARNING: [Synth 8-7129] Port last_upper[21] in module matrix_operations is either unconnected or has no load
WARNING: [Synth 8-7129] Port last_upper[20] in module matrix_operations is either unconnected or has no load
INFO: [Common 17-14] Message 'Synth 8-7129' appears 100 times and further instances of the messages will be disabled. Use the Tcl command set_msg_config to change the current settings.
---------------------------------------------------------------------------------
Finished RTL Elaboration : Time (s): cpu = 00:00:12 ; elapsed = 00:00:13 . Memory (MB): peak = 1367.324 ; gain = 516.211
---------------------------------------------------------------------------------
CRITICAL WARNING: [Synth 8-6859] multi-driven net on pin BRAM_PORTB_0_dout[511] with 1st driver pin 'VRAM/frame_buffer_i/blk_mem_gen_0/doutb[511]' [c:/Users/PC/Documents/Sprite_Machine/VDP/VDP.gen/sources_1/bd/frame_buffer/synth/frame_buffer.v:52]
CRITICAL WARNING: [Synth 8-6859] multi-driven net on pin BRAM_PORTB_0_dout[511] with 2nd driver pin 'BRAM_PORTB_0_dout[511]' [C:/Users/PC/Documents/Sprite_Machine/VDP/VDP.srcs/sources_1/new/vdp.v:23]
CRITICAL WARNING: [Synth 8-6859] multi-driven net on pin BRAM_PORTB_0_dout[510] with 1st driver pin 'VRAM/frame_buffer_i/blk_mem_gen_0/doutb[510]' [c:/Users/PC/Documents/Sprite_Machine/VDP/VDP.gen/sources_1/bd/frame_buffer/synth/frame_buffer.v:52]
CRITICAL WARNING: [Synth 8-6859] multi-driven net on pin BRAM_PORTB_0_dout[510] with 2nd driver pin 'BRAM_PORTB_0_dout[510]' [C:/Users/PC/Documents/Sprite_Machine/VDP/VDP.srcs/sources_1/new/vdp.v:23]
CRITICAL WARNING: [Synth 8-6859] multi-driven net on pin BRAM_PORTB_0_dout[509] with 1st driver pin 'VRAM/frame_buffer_i/blk_mem_gen_0/doutb[509]' [c:/Users/PC/Documents/Sprite_Machine/VDP/VDP.gen/sources_1/bd/frame_buffer/synth/frame_buffer.v:52]
CRITICAL WARNING: [Synth 8-6859] multi-driven net on pin BRAM_PORTB_0_dout[509] with 2nd driver pin 'BRAM_PORTB_0_dout[509]' [C:/Users/PC/Documents/Sprite_Machine/VDP/VDP.srcs/sources_1/new/vdp.v:23]
CRITICAL WARNING: [Synth 8-6859] multi-driven net on pin BRAM_PORTB_0_dout[508] with 1st driver pin 'VRAM/frame_buffer_i/blk_mem_gen_0/doutb[508]' [c:/Users/PC/Documents/Sprite_Machine/VDP/VDP.gen/sources_1/bd/frame_buffer/synth/frame_buffer.v:52]
CRITICAL WARNING: [Synth 8-6859] multi-driven net on pin BRAM_PORTB_0_dout[508] with 2nd driver pin 'BRAM_PORTB_0_dout[508]' [C:/Users/PC/Documents/Sprite_Machine/VDP/VDP.srcs/sources_1/new/vdp.v:23]
CRITICAL WARNING: [Synth 8-6859] multi-driven net on pin BRAM_PORTB_0_dout[507] with 1st driver pin 'VRAM/frame_buffer_i/blk_mem_gen_0/doutb[507]' [c:/Users/PC/Documents/Sprite_Machine/VDP/VDP.gen/sources_1/bd/frame_buffer/synth/frame_buffer.v:52]
CRITICAL WARNING: [Synth 8-6859] multi-driven net on pin BRAM_PORTB_0_dout[507] with 2nd driver pin 'BRAM_PORTB_0_dout[507]' [C:/Users/PC/Documents/Sprite_Machine/VDP/VDP.srcs/sources_1/new/vdp.v:23]
CRITICAL WARNING: [Synth 8-6859] multi-driven net on pin BRAM_PORTB_0_dout[506] with 1st driver pin 'VRAM/frame_buffer_i/blk_mem_gen_0/doutb[506]' [c:/Users/PC/Documents/Sprite_Machine/VDP/VDP.gen/sources_1/bd/frame_buffer/synth/frame_buffer.v:52]
CRITICAL WARNING: [Synth 8-6859] multi-driven net on pin BRAM_PORTB_0_dout[506] with 2nd driver pin 'BRAM_PORTB_0_dout[506]' [C:/Users/PC/Documents/Sprite_Machine/VDP/VDP.srcs/sources_1/new/vdp.v:23]
CRITICAL WARNING: [Synth 8-6859] multi-driven net on pin BRAM_PORTB_0_dout[505] with 1st driver pin 'VRAM/frame_buffer_i/blk_mem_gen_0/doutb[505]' [c:/Users/PC/Documents/Sprite_Machine/VDP/VDP.gen/sources_1/bd/frame_buffer/synth/frame_buffer.v:52]
CRITICAL WARNING: [Synth 8-6859] multi-driven net on pin BRAM_PORTB_0_dout[505] with 2nd driver pin 'BRAM_PORTB_0_dout[505]' [C:/Users/PC/Documents/Sprite_Machine/VDP/VDP.srcs/sources_1/new/vdp.v:23]
CRITICAL WARNING: [Synth 8-6859] multi-driven net on pin BRAM_PORTB_0_dout[504] with 1st driver pin 'VRAM/frame_buffer_i/blk_mem_gen_0/doutb[504]' [c:/Users/PC/Documents/Sprite_Machine/VDP/VDP.gen/sources_1/bd/frame_buffer/synth/frame_buffer.v:52]
CRITICAL WARNING: [Synth 8-6859] multi-driven net on pin BRAM_PORTB_0_dout[504] with 2nd driver pin 'BRAM_PORTB_0_dout[504]' [C:/Users/PC/Documents/Sprite_Machine/VDP/VDP.srcs/sources_1/new/vdp.v:23]
CRITICAL WARNING: [Synth 8-6859] multi-driven net on pin BRAM_PORTB_0_dout[503] with 1st driver pin 'VRAM/frame_buffer_i/blk_mem_gen_0/doutb[503]' [c:/Users/PC/Documents/Sprite_Machine/VDP/VDP.gen/sources_1/bd/frame_buffer/synth/frame_buffer.v:52]
CRITICAL WARNING: [Synth 8-6859] multi-driven net on pin BRAM_PORTB_0_dout[503] with 2nd driver pin 'BRAM_PORTB_0_dout[503]' [C:/Users/PC/Documents/Sprite_Machine/VDP/VDP.srcs/sources_1/new/vdp.v:23]
CRITICAL WARNING: [Synth 8-6859] multi-driven net on pin BRAM_PORTB_0_dout[502] with 1st driver pin 'VRAM/frame_buffer_i/blk_mem_gen_0/doutb[502]' [c:/Users/PC/Documents/Sprite_Machine/VDP/VDP.gen/sources_1/bd/frame_buffer/synth/frame_buffer.v:52]
CRITICAL WARNING: [Synth 8-6859] multi-driven net on pin BRAM_PORTB_0_dout[502] with 2nd driver pin 'BRAM_PORTB_0_dout[502]' [C:/Users/PC/Documents/Sprite_Machine/VDP/VDP.srcs/sources_1/new/vdp.v:23]
CRITICAL WARNING: [Synth 8-6859] multi-driven net on pin BRAM_PORTB_0_dout[501] with 1st driver pin 'VRAM/frame_buffer_i/blk_mem_gen_0/doutb[501]' [c:/Users/PC/Documents/Sprite_Machine/VDP/VDP.gen/sources_1/bd/frame_buffer/synth/frame_buffer.v:52]
CRITICAL WARNING: [Synth 8-6859] multi-driven net on pin BRAM_PORTB_0_dout[501] with 2nd driver pin 'BRAM_PORTB_0_dout[501]' [C:/Users/PC/Documents/Sprite_Machine/VDP/VDP.srcs/sources_1/new/vdp.v:23]
CRITICAL WARNING: [Synth 8-6859] multi-driven net on pin BRAM_PORTB_0_dout[500] with 1st driver pin 'VRAM/frame_buffer_i/blk_mem_gen_0/doutb[500]' [c:/Users/PC/Documents/Sprite_Machine/VDP/VDP.gen/sources_1/bd/frame_buffer/synth/frame_buffer.v:52]
CRITICAL WARNING: [Synth 8-6859] multi-driven net on pin BRAM_PORTB_0_dout[500] with 2nd driver pin 'BRAM_PORTB_0_dout[500]' [C:/Users/PC/Documents/Sprite_Machine/VDP/VDP.srcs/sources_1/new/vdp.v:23]
CRITICAL WARNING: [Synth 8-6859] multi-driven net on pin BRAM_PORTB_0_dout[499] with 1st driver pin 'VRAM/frame_buffer_i/blk_mem_gen_0/doutb[499]' [c:/Users/PC/Documents/Sprite_Machine/VDP/VDP.gen/sources_1/bd/frame_buffer/synth/frame_buffer.v:52]
CRITICAL WARNING: [Synth 8-6859] multi-driven net on pin BRAM_PORTB_0_dout[499] with 2nd driver pin 'BRAM_PORTB_0_dout[499]' [C:/Users/PC/Documents/Sprite_Machine/VDP/VDP.srcs/sources_1/new/vdp.v:23]
CRITICAL WARNING: [Synth 8-6859] multi-driven net on pin BRAM_PORTB_0_dout[498] with 1st driver pin 'VRAM/frame_buffer_i/blk_mem_gen_0/doutb[498]' [c:/Users/PC/Documents/Sprite_Machine/VDP/VDP.gen/sources_1/bd/frame_buffer/synth/frame_buffer.v:52]
CRITICAL WARNING: [Synth 8-6859] multi-driven net on pin BRAM_PORTB_0_dout[498] with 2nd driver pin 'BRAM_PORTB_0_dout[498]' [C:/Users/PC/Documents/Sprite_Machine/VDP/VDP.srcs/sources_1/new/vdp.v:23]
CRITICAL WARNING: [Synth 8-6859] multi-driven net on pin BRAM_PORTB_0_dout[497] with 1st driver pin 'VRAM/frame_buffer_i/blk_mem_gen_0/doutb[497]' [c:/Users/PC/Documents/Sprite_Machine/VDP/VDP.gen/sources_1/bd/frame_buffer/synth/frame_buffer.v:52]
CRITICAL WARNING: [Synth 8-6859] multi-driven net on pin BRAM_PORTB_0_dout[497] with 2nd driver pin 'BRAM_PORTB_0_dout[497]' [C:/Users/PC/Documents/Sprite_Machine/VDP/VDP.srcs/sources_1/new/vdp.v:23]
CRITICAL WARNING: [Synth 8-6859] multi-driven net on pin BRAM_PORTB_0_dout[496] with 1st driver pin 'VRAM/frame_buffer_i/blk_mem_gen_0/doutb[496]' [c:/Users/PC/Documents/Sprite_Machine/VDP/VDP.gen/sources_1/bd/frame_buffer/synth/frame_buffer.v:52]
CRITICAL WARNING: [Synth 8-6859] multi-driven net on pin BRAM_PORTB_0_dout[496] with 2nd driver pin 'BRAM_PORTB_0_dout[496]' [C:/Users/PC/Documents/Sprite_Machine/VDP/VDP.srcs/sources_1/new/vdp.v:23]
CRITICAL WARNING: [Synth 8-6859] multi-driven net on pin BRAM_PORTB_0_dout[495] with 1st driver pin 'VRAM/frame_buffer_i/blk_mem_gen_0/doutb[495]' [c:/Users/PC/Documents/Sprite_Machine/VDP/VDP.gen/sources_1/bd/frame_buffer/synth/frame_buffer.v:52]
CRITICAL WARNING: [Synth 8-6859] multi-driven net on pin BRAM_PORTB_0_dout[495] with 2nd driver pin 'BRAM_PORTB_0_dout[495]' [C:/Users/PC/Documents/Sprite_Machine/VDP/VDP.srcs/sources_1/new/vdp.v:23]
CRITICAL WARNING: [Synth 8-6859] multi-driven net on pin BRAM_PORTB_0_dout[494] with 1st driver pin 'VRAM/frame_buffer_i/blk_mem_gen_0/doutb[494]' [c:/Users/PC/Documents/Sprite_Machine/VDP/VDP.gen/sources_1/bd/frame_buffer/synth/frame_buffer.v:52]
CRITICAL WARNING: [Synth 8-6859] multi-driven net on pin BRAM_PORTB_0_dout[494] with 2nd driver pin 'BRAM_PORTB_0_dout[494]' [C:/Users/PC/Documents/Sprite_Machine/VDP/VDP.srcs/sources_1/new/vdp.v:23]
CRITICAL WARNING: [Synth 8-6859] multi-driven net on pin BRAM_PORTB_0_dout[493] with 1st driver pin 'VRAM/frame_buffer_i/blk_mem_gen_0/doutb[493]' [c:/Users/PC/Documents/Sprite_Machine/VDP/VDP.gen/sources_1/bd/frame_buffer/synth/frame_buffer.v:52]
CRITICAL WARNING: [Synth 8-6859] multi-driven net on pin BRAM_PORTB_0_dout[493] with 2nd driver pin 'BRAM_PORTB_0_dout[493]' [C:/Users/PC/Documents/Sprite_Machine/VDP/VDP.srcs/sources_1/new/vdp.v:23]
CRITICAL WARNING: [Synth 8-6859] multi-driven net on pin BRAM_PORTB_0_dout[492] with 1st driver pin 'VRAM/frame_buffer_i/blk_mem_gen_0/doutb[492]' [c:/Users/PC/Documents/Sprite_Machine/VDP/VDP.gen/sources_1/bd/frame_buffer/synth/frame_buffer.v:52]
CRITICAL WARNING: [Synth 8-6859] multi-driven net on pin BRAM_PORTB_0_dout[492] with 2nd driver pin 'BRAM_PORTB_0_dout[492]' [C:/Users/PC/Documents/Sprite_Machine/VDP/VDP.srcs/sources_1/new/vdp.v:23]
CRITICAL WARNING: [Synth 8-6859] multi-driven net on pin BRAM_PORTB_0_dout[491] with 1st driver pin 'VRAM/frame_buffer_i/blk_mem_gen_0/doutb[491]' [c:/Users/PC/Documents/Sprite_Machine/VDP/VDP.gen/sources_1/bd/frame_buffer/synth/frame_buffer.v:52]
CRITICAL WARNING: [Synth 8-6859] multi-driven net on pin BRAM_PORTB_0_dout[491] with 2nd driver pin 'BRAM_PORTB_0_dout[491]' [C:/Users/PC/Documents/Sprite_Machine/VDP/VDP.srcs/sources_1/new/vdp.v:23]
CRITICAL WARNING: [Synth 8-6859] multi-driven net on pin BRAM_PORTB_0_dout[490] with 1st driver pin 'VRAM/frame_buffer_i/blk_mem_gen_0/doutb[490]' [c:/Users/PC/Documents/Sprite_Machine/VDP/VDP.gen/sources_1/bd/frame_buffer/synth/frame_buffer.v:52]
CRITICAL WARNING: [Synth 8-6859] multi-driven net on pin BRAM_PORTB_0_dout[490] with 2nd driver pin 'BRAM_PORTB_0_dout[490]' [C:/Users/PC/Documents/Sprite_Machine/VDP/VDP.srcs/sources_1/new/vdp.v:23]
CRITICAL WARNING: [Synth 8-6859] multi-driven net on pin BRAM_PORTB_0_dout[489] with 1st driver pin 'VRAM/frame_buffer_i/blk_mem_gen_0/doutb[489]' [c:/Users/PC/Documents/Sprite_Machine/VDP/VDP.gen/sources_1/bd/frame_buffer/synth/frame_buffer.v:52]
CRITICAL WARNING: [Synth 8-6859] multi-driven net on pin BRAM_PORTB_0_dout[489] with 2nd driver pin 'BRAM_PORTB_0_dout[489]' [C:/Users/PC/Documents/Sprite_Machine/VDP/VDP.srcs/sources_1/new/vdp.v:23]
CRITICAL WARNING: [Synth 8-6859] multi-driven net on pin BRAM_PORTB_0_dout[488] with 1st driver pin 'VRAM/frame_buffer_i/blk_mem_gen_0/doutb[488]' [c:/Users/PC/Documents/Sprite_Machine/VDP/VDP.gen/sources_1/bd/frame_buffer/synth/frame_buffer.v:52]
CRITICAL WARNING: [Synth 8-6859] multi-driven net on pin BRAM_PORTB_0_dout[488] with 2nd driver pin 'BRAM_PORTB_0_dout[488]' [C:/Users/PC/Documents/Sprite_Machine/VDP/VDP.srcs/sources_1/new/vdp.v:23]
CRITICAL WARNING: [Synth 8-6859] multi-driven net on pin BRAM_PORTB_0_dout[487] with 1st driver pin 'VRAM/frame_buffer_i/blk_mem_gen_0/doutb[487]' [c:/Users/PC/Documents/Sprite_Machine/VDP/VDP.gen/sources_1/bd/frame_buffer/synth/frame_buffer.v:52]
CRITICAL WARNING: [Synth 8-6859] multi-driven net on pin BRAM_PORTB_0_dout[487] with 2nd driver pin 'BRAM_PORTB_0_dout[487]' [C:/Users/PC/Documents/Sprite_Machine/VDP/VDP.srcs/sources_1/new/vdp.v:23]
CRITICAL WARNING: [Synth 8-6859] multi-driven net on pin BRAM_PORTB_0_dout[486] with 1st driver pin 'VRAM/frame_buffer_i/blk_mem_gen_0/doutb[486]' [c:/Users/PC/Documents/Sprite_Machine/VDP/VDP.gen/sources_1/bd/frame_buffer/synth/frame_buffer.v:52]
CRITICAL WARNING: [Synth 8-6859] multi-driven net on pin BRAM_PORTB_0_dout[486] with 2nd driver pin 'BRAM_PORTB_0_dout[486]' [C:/Users/PC/Documents/Sprite_Machine/VDP/VDP.srcs/sources_1/new/vdp.v:23]
CRITICAL WARNING: [Synth 8-6859] multi-driven net on pin BRAM_PORTB_0_dout[485] with 1st driver pin 'VRAM/frame_buffer_i/blk_mem_gen_0/doutb[485]' [c:/Users/PC/Documents/Sprite_Machine/VDP/VDP.gen/sources_1/bd/frame_buffer/synth/frame_buffer.v:52]
CRITICAL WARNING: [Synth 8-6859] multi-driven net on pin BRAM_PORTB_0_dout[485] with 2nd driver pin 'BRAM_PORTB_0_dout[485]' [C:/Users/PC/Documents/Sprite_Machine/VDP/VDP.srcs/sources_1/new/vdp.v:23]
CRITICAL WARNING: [Synth 8-6859] multi-driven net on pin BRAM_PORTB_0_dout[484] with 1st driver pin 'VRAM/frame_buffer_i/blk_mem_gen_0/doutb[484]' [c:/Users/PC/Documents/Sprite_Machine/VDP/VDP.gen/sources_1/bd/frame_buffer/synth/frame_buffer.v:52]
CRITICAL WARNING: [Synth 8-6859] multi-driven net on pin BRAM_PORTB_0_dout[484] with 2nd driver pin 'BRAM_PORTB_0_dout[484]' [C:/Users/PC/Documents/Sprite_Machine/VDP/VDP.srcs/sources_1/new/vdp.v:23]
CRITICAL WARNING: [Synth 8-6859] multi-driven net on pin BRAM_PORTB_0_dout[483] with 1st driver pin 'VRAM/frame_buffer_i/blk_mem_gen_0/doutb[483]' [c:/Users/PC/Documents/Sprite_Machine/VDP/VDP.gen/sources_1/bd/frame_buffer/synth/frame_buffer.v:52]
CRITICAL WARNING: [Synth 8-6859] multi-driven net on pin BRAM_PORTB_0_dout[483] with 2nd driver pin 'BRAM_PORTB_0_dout[483]' [C:/Users/PC/Documents/Sprite_Machine/VDP/VDP.srcs/sources_1/new/vdp.v:23]
CRITICAL WARNING: [Synth 8-6859] multi-driven net on pin BRAM_PORTB_0_dout[482] with 1st driver pin 'VRAM/frame_buffer_i/blk_mem_gen_0/doutb[482]' [c:/Users/PC/Documents/Sprite_Machine/VDP/VDP.gen/sources_1/bd/frame_buffer/synth/frame_buffer.v:52]
CRITICAL WARNING: [Synth 8-6859] multi-driven net on pin BRAM_PORTB_0_dout[482] with 2nd driver pin 'BRAM_PORTB_0_dout[482]' [C:/Users/PC/Documents/Sprite_Machine/VDP/VDP.srcs/sources_1/new/vdp.v:23]
CRITICAL WARNING: [Synth 8-6859] multi-driven net on pin BRAM_PORTB_0_dout[481] with 1st driver pin 'VRAM/frame_buffer_i/blk_mem_gen_0/doutb[481]' [c:/Users/PC/Documents/Sprite_Machine/VDP/VDP.gen/sources_1/bd/frame_buffer/synth/frame_buffer.v:52]
CRITICAL WARNING: [Synth 8-6859] multi-driven net on pin BRAM_PORTB_0_dout[481] with 2nd driver pin 'BRAM_PORTB_0_dout[481]' [C:/Users/PC/Documents/Sprite_Machine/VDP/VDP.srcs/sources_1/new/vdp.v:23]
CRITICAL WARNING: [Synth 8-6859] multi-driven net on pin BRAM_PORTB_0_dout[480] with 1st driver pin 'VRAM/frame_buffer_i/blk_mem_gen_0/doutb[480]' [c:/Users/PC/Documents/Sprite_Machine/VDP/VDP.gen/sources_1/bd/frame_buffer/synth/frame_buffer.v:52]
CRITICAL WARNING: [Synth 8-6859] multi-driven net on pin BRAM_PORTB_0_dout[480] with 2nd driver pin 'BRAM_PORTB_0_dout[480]' [C:/Users/PC/Documents/Sprite_Machine/VDP/VDP.srcs/sources_1/new/vdp.v:23]
CRITICAL WARNING: [Synth 8-6859] multi-driven net on pin BRAM_PORTB_0_dout[479] with 1st driver pin 'VRAM/frame_buffer_i/blk_mem_gen_0/doutb[479]' [c:/Users/PC/Documents/Sprite_Machine/VDP/VDP.gen/sources_1/bd/frame_buffer/synth/frame_buffer.v:52]
CRITICAL WARNING: [Synth 8-6859] multi-driven net on pin BRAM_PORTB_0_dout[479] with 2nd driver pin 'BRAM_PORTB_0_dout[479]' [C:/Users/PC/Documents/Sprite_Machine/VDP/VDP.srcs/sources_1/new/vdp.v:23]
CRITICAL WARNING: [Synth 8-6859] multi-driven net on pin BRAM_PORTB_0_dout[478] with 1st driver pin 'VRAM/frame_buffer_i/blk_mem_gen_0/doutb[478]' [c:/Users/PC/Documents/Sprite_Machine/VDP/VDP.gen/sources_1/bd/frame_buffer/synth/frame_buffer.v:52]
CRITICAL WARNING: [Synth 8-6859] multi-driven net on pin BRAM_PORTB_0_dout[478] with 2nd driver pin 'BRAM_PORTB_0_dout[478]' [C:/Users/PC/Documents/Sprite_Machine/VDP/VDP.srcs/sources_1/new/vdp.v:23]
CRITICAL WARNING: [Synth 8-6859] multi-driven net on pin BRAM_PORTB_0_dout[477] with 1st driver pin 'VRAM/frame_buffer_i/blk_mem_gen_0/doutb[477]' [c:/Users/PC/Documents/Sprite_Machine/VDP/VDP.gen/sources_1/bd/frame_buffer/synth/frame_buffer.v:52]
CRITICAL WARNING: [Synth 8-6859] multi-driven net on pin BRAM_PORTB_0_dout[477] with 2nd driver pin 'BRAM_PORTB_0_dout[477]' [C:/Users/PC/Documents/Sprite_Machine/VDP/VDP.srcs/sources_1/new/vdp.v:23]
CRITICAL WARNING: [Synth 8-6859] multi-driven net on pin BRAM_PORTB_0_dout[476] with 1st driver pin 'VRAM/frame_buffer_i/blk_mem_gen_0/doutb[476]' [c:/Users/PC/Documents/Sprite_Machine/VDP/VDP.gen/sources_1/bd/frame_buffer/synth/frame_buffer.v:52]
CRITICAL WARNING: [Synth 8-6859] multi-driven net on pin BRAM_PORTB_0_dout[476] with 2nd driver pin 'BRAM_PORTB_0_dout[476]' [C:/Users/PC/Documents/Sprite_Machine/VDP/VDP.srcs/sources_1/new/vdp.v:23]
CRITICAL WARNING: [Synth 8-6859] multi-driven net on pin BRAM_PORTB_0_dout[475] with 1st driver pin 'VRAM/frame_buffer_i/blk_mem_gen_0/doutb[475]' [c:/Users/PC/Documents/Sprite_Machine/VDP/VDP.gen/sources_1/bd/frame_buffer/synth/frame_buffer.v:52]
CRITICAL WARNING: [Synth 8-6859] multi-driven net on pin BRAM_PORTB_0_dout[475] with 2nd driver pin 'BRAM_PORTB_0_dout[475]' [C:/Users/PC/Documents/Sprite_Machine/VDP/VDP.srcs/sources_1/new/vdp.v:23]
CRITICAL WARNING: [Synth 8-6859] multi-driven net on pin BRAM_PORTB_0_dout[474] with 1st driver pin 'VRAM/frame_buffer_i/blk_mem_gen_0/doutb[474]' [c:/Users/PC/Documents/Sprite_Machine/VDP/VDP.gen/sources_1/bd/frame_buffer/synth/frame_buffer.v:52]
CRITICAL WARNING: [Synth 8-6859] multi-driven net on pin BRAM_PORTB_0_dout[474] with 2nd driver pin 'BRAM_PORTB_0_dout[474]' [C:/Users/PC/Documents/Sprite_Machine/VDP/VDP.srcs/sources_1/new/vdp.v:23]
CRITICAL WARNING: [Synth 8-6859] multi-driven net on pin BRAM_PORTB_0_dout[473] with 1st driver pin 'VRAM/frame_buffer_i/blk_mem_gen_0/doutb[473]' [c:/Users/PC/Documents/Sprite_Machine/VDP/VDP.gen/sources_1/bd/frame_buffer/synth/frame_buffer.v:52]
CRITICAL WARNING: [Synth 8-6859] multi-driven net on pin BRAM_PORTB_0_dout[473] with 2nd driver pin 'BRAM_PORTB_0_dout[473]' [C:/Users/PC/Documents/Sprite_Machine/VDP/VDP.srcs/sources_1/new/vdp.v:23]
CRITICAL WARNING: [Synth 8-6859] multi-driven net on pin BRAM_PORTB_0_dout[472] with 1st driver pin 'VRAM/frame_buffer_i/blk_mem_gen_0/doutb[472]' [c:/Users/PC/Documents/Sprite_Machine/VDP/VDP.gen/sources_1/bd/frame_buffer/synth/frame_buffer.v:52]
CRITICAL WARNING: [Synth 8-6859] multi-driven net on pin BRAM_PORTB_0_dout[472] with 2nd driver pin 'BRAM_PORTB_0_dout[472]' [C:/Users/PC/Documents/Sprite_Machine/VDP/VDP.srcs/sources_1/new/vdp.v:23]
CRITICAL WARNING: [Synth 8-6859] multi-driven net on pin BRAM_PORTB_0_dout[471] with 1st driver pin 'VRAM/frame_buffer_i/blk_mem_gen_0/doutb[471]' [c:/Users/PC/Documents/Sprite_Machine/VDP/VDP.gen/sources_1/bd/frame_buffer/synth/frame_buffer.v:52]
CRITICAL WARNING: [Synth 8-6859] multi-driven net on pin BRAM_PORTB_0_dout[471] with 2nd driver pin 'BRAM_PORTB_0_dout[471]' [C:/Users/PC/Documents/Sprite_Machine/VDP/VDP.srcs/sources_1/new/vdp.v:23]
CRITICAL WARNING: [Synth 8-6859] multi-driven net on pin BRAM_PORTB_0_dout[470] with 1st driver pin 'VRAM/frame_buffer_i/blk_mem_gen_0/doutb[470]' [c:/Users/PC/Documents/Sprite_Machine/VDP/VDP.gen/sources_1/bd/frame_buffer/synth/frame_buffer.v:52]
CRITICAL WARNING: [Synth 8-6859] multi-driven net on pin BRAM_PORTB_0_dout[470] with 2nd driver pin 'BRAM_PORTB_0_dout[470]' [C:/Users/PC/Documents/Sprite_Machine/VDP/VDP.srcs/sources_1/new/vdp.v:23]
CRITICAL WARNING: [Synth 8-6859] multi-driven net on pin BRAM_PORTB_0_dout[469] with 1st driver pin 'VRAM/frame_buffer_i/blk_mem_gen_0/doutb[469]' [c:/Users/PC/Documents/Sprite_Machine/VDP/VDP.gen/sources_1/bd/frame_buffer/synth/frame_buffer.v:52]
CRITICAL WARNING: [Synth 8-6859] multi-driven net on pin BRAM_PORTB_0_dout[469] with 2nd driver pin 'BRAM_PORTB_0_dout[469]' [C:/Users/PC/Documents/Sprite_Machine/VDP/VDP.srcs/sources_1/new/vdp.v:23]
CRITICAL WARNING: [Synth 8-6859] multi-driven net on pin BRAM_PORTB_0_dout[468] with 1st driver pin 'VRAM/frame_buffer_i/blk_mem_gen_0/doutb[468]' [c:/Users/PC/Documents/Sprite_Machine/VDP/VDP.gen/sources_1/bd/frame_buffer/synth/frame_buffer.v:52]
CRITICAL WARNING: [Synth 8-6859] multi-driven net on pin BRAM_PORTB_0_dout[468] with 2nd driver pin 'BRAM_PORTB_0_dout[468]' [C:/Users/PC/Documents/Sprite_Machine/VDP/VDP.srcs/sources_1/new/vdp.v:23]
CRITICAL WARNING: [Synth 8-6859] multi-driven net on pin BRAM_PORTB_0_dout[467] with 1st driver pin 'VRAM/frame_buffer_i/blk_mem_gen_0/doutb[467]' [c:/Users/PC/Documents/Sprite_Machine/VDP/VDP.gen/sources_1/bd/frame_buffer/synth/frame_buffer.v:52]
CRITICAL WARNING: [Synth 8-6859] multi-driven net on pin BRAM_PORTB_0_dout[467] with 2nd driver pin 'BRAM_PORTB_0_dout[467]' [C:/Users/PC/Documents/Sprite_Machine/VDP/VDP.srcs/sources_1/new/vdp.v:23]
CRITICAL WARNING: [Synth 8-6859] multi-driven net on pin BRAM_PORTB_0_dout[466] with 1st driver pin 'VRAM/frame_buffer_i/blk_mem_gen_0/doutb[466]' [c:/Users/PC/Documents/Sprite_Machine/VDP/VDP.gen/sources_1/bd/frame_buffer/synth/frame_buffer.v:52]
CRITICAL WARNING: [Synth 8-6859] multi-driven net on pin BRAM_PORTB_0_dout[466] with 2nd driver pin 'BRAM_PORTB_0_dout[466]' [C:/Users/PC/Documents/Sprite_Machine/VDP/VDP.srcs/sources_1/new/vdp.v:23]
CRITICAL WARNING: [Synth 8-6859] multi-driven net on pin BRAM_PORTB_0_dout[465] with 1st driver pin 'VRAM/frame_buffer_i/blk_mem_gen_0/doutb[465]' [c:/Users/PC/Documents/Sprite_Machine/VDP/VDP.gen/sources_1/bd/frame_buffer/synth/frame_buffer.v:52]
CRITICAL WARNING: [Synth 8-6859] multi-driven net on pin BRAM_PORTB_0_dout[465] with 2nd driver pin 'BRAM_PORTB_0_dout[465]' [C:/Users/PC/Documents/Sprite_Machine/VDP/VDP.srcs/sources_1/new/vdp.v:23]
CRITICAL WARNING: [Synth 8-6859] multi-driven net on pin BRAM_PORTB_0_dout[464] with 1st driver pin 'VRAM/frame_buffer_i/blk_mem_gen_0/doutb[464]' [c:/Users/PC/Documents/Sprite_Machine/VDP/VDP.gen/sources_1/bd/frame_buffer/synth/frame_buffer.v:52]
CRITICAL WARNING: [Synth 8-6859] multi-driven net on pin BRAM_PORTB_0_dout[464] with 2nd driver pin 'BRAM_PORTB_0_dout[464]' [C:/Users/PC/Documents/Sprite_Machine/VDP/VDP.srcs/sources_1/new/vdp.v:23]
CRITICAL WARNING: [Synth 8-6859] multi-driven net on pin BRAM_PORTB_0_dout[463] with 1st driver pin 'VRAM/frame_buffer_i/blk_mem_gen_0/doutb[463]' [c:/Users/PC/Documents/Sprite_Machine/VDP/VDP.gen/sources_1/bd/frame_buffer/synth/frame_buffer.v:52]
CRITICAL WARNING: [Synth 8-6859] multi-driven net on pin BRAM_PORTB_0_dout[463] with 2nd driver pin 'BRAM_PORTB_0_dout[463]' [C:/Users/PC/Documents/Sprite_Machine/VDP/VDP.srcs/sources_1/new/vdp.v:23]
CRITICAL WARNING: [Synth 8-6859] multi-driven net on pin BRAM_PORTB_0_dout[462] with 1st driver pin 'VRAM/frame_buffer_i/blk_mem_gen_0/doutb[462]' [c:/Users/PC/Documents/Sprite_Machine/VDP/VDP.gen/sources_1/bd/frame_buffer/synth/frame_buffer.v:52]
CRITICAL WARNING: [Synth 8-6859] multi-driven net on pin BRAM_PORTB_0_dout[462] with 2nd driver pin 'BRAM_PORTB_0_dout[462]' [C:/Users/PC/Documents/Sprite_Machine/VDP/VDP.srcs/sources_1/new/vdp.v:23]
INFO: [Common 17-14] Message 'Synth 8-6859' appears 100 times and further instances of the messages will be disabled. Use the Tcl command set_msg_config to change the current settings.

Report Check Netlist: 
+------+------------------+-------+---------+-------+------------------+
|      |Item              |Errors |Warnings |Status |Description       |
+------+------------------+-------+---------+-------+------------------+
|1     |multi_driven_nets |      0|      512|Failed |Multi driven nets |
+------+------------------+-------+---------+-------+------------------+
---------------------------------------------------------------------------------
Start Handling Custom Attributes
---------------------------------------------------------------------------------
---------------------------------------------------------------------------------
Finished Handling Custom Attributes : Time (s): cpu = 00:00:12 ; elapsed = 00:00:13 . Memory (MB): peak = 1367.324 ; gain = 516.211
---------------------------------------------------------------------------------
---------------------------------------------------------------------------------
Finished RTL Optimization Phase 1 : Time (s): cpu = 00:00:12 ; elapsed = 00:00:13 . Memory (MB): peak = 1367.324 ; gain = 516.211
---------------------------------------------------------------------------------
Netlist sorting complete. Time (s): cpu = 00:00:00 ; elapsed = 00:00:00.113 . Memory (MB): peak = 1367.324 ; gain = 0.000
INFO: [Project 1-570] Preparing netlist for logic optimization

Processing XDC Constraints
Initializing timing engine
Parsing XDC File [c:/Users/PC/Documents/Sprite_Machine/VDP/VDP.gen/sources_1/bd/sprite_mem/ip/sprite_mem_blk_mem_gen_0_0/sprite_mem_blk_mem_gen_0_0/sprite_mem_blk_mem_gen_0_0_in_context.xdc] for cell 'SPRAM/sprite_mem_i/sprite_mem'
Finished Parsing XDC File [c:/Users/PC/Documents/Sprite_Machine/VDP/VDP.gen/sources_1/bd/sprite_mem/ip/sprite_mem_blk_mem_gen_0_0/sprite_mem_blk_mem_gen_0_0/sprite_mem_blk_mem_gen_0_0_in_context.xdc] for cell 'SPRAM/sprite_mem_i/sprite_mem'
Parsing XDC File [c:/Users/PC/Documents/Sprite_Machine/VDP/VDP.gen/sources_1/bd/frame_buffer/ip/frame_buffer_blk_mem_gen_0_0/frame_buffer_blk_mem_gen_0_0/frame_buffer_blk_mem_gen_0_0_in_context.xdc] for cell 'VRAM/frame_buffer_i/blk_mem_gen_0'
Finished Parsing XDC File [c:/Users/PC/Documents/Sprite_Machine/VDP/VDP.gen/sources_1/bd/frame_buffer/ip/frame_buffer_blk_mem_gen_0_0/frame_buffer_blk_mem_gen_0_0/frame_buffer_blk_mem_gen_0_0_in_context.xdc] for cell 'VRAM/frame_buffer_i/blk_mem_gen_0'
Parsing XDC File [C:/Users/PC/Documents/Sprite_Machine/VDP/VDP.runs/synth_1/dont_touch.xdc]
Finished Parsing XDC File [C:/Users/PC/Documents/Sprite_Machine/VDP/VDP.runs/synth_1/dont_touch.xdc]
Completed Processing XDC Constraints

Netlist sorting complete. Time (s): cpu = 00:00:00 ; elapsed = 00:00:00 . Memory (MB): peak = 1454.426 ; gain = 0.000
INFO: [Project 1-111] Unisim Transformation Summary:
No Unisim elements were transformed.

Constraint Validation Runtime : Time (s): cpu = 00:00:00 ; elapsed = 00:00:00.029 . Memory (MB): peak = 1454.426 ; gain = 0.000
INFO: [Synth 8-11241] undeclared symbol 'REGCCE', assumed default net type 'wire' [C:/Xilinx/Vivado/2022.2/data/verilog/src/unimacro/BRAM_SINGLE_MACRO.v:2170]
---------------------------------------------------------------------------------
Finished Constraint Validation : Time (s): cpu = 00:00:25 ; elapsed = 00:00:26 . Memory (MB): peak = 1454.426 ; gain = 603.312
---------------------------------------------------------------------------------
---------------------------------------------------------------------------------
Start Loading Part and Timing Information
---------------------------------------------------------------------------------
Loading part: xc7z020clg400-1
---------------------------------------------------------------------------------
Finished Loading Part and Timing Information : Time (s): cpu = 00:00:25 ; elapsed = 00:00:26 . Memory (MB): peak = 1454.426 ; gain = 603.312
---------------------------------------------------------------------------------
---------------------------------------------------------------------------------
Start Applying 'set_property' XDC Constraints
---------------------------------------------------------------------------------
Applied set_property KEEP_HIERARCHY = SOFT for SPRAM/sprite_mem_i. (constraint file  auto generated constraint).
Applied set_property KEEP_HIERARCHY = SOFT for SPRAM/sprite_mem_i/sprite_mem. (constraint file  auto generated constraint).
Applied set_property KEEP_HIERARCHY = SOFT for VRAM/frame_buffer_i. (constraint file  auto generated constraint).
Applied set_property KEEP_HIERARCHY = SOFT for VRAM/frame_buffer_i/blk_mem_gen_0. (constraint file  auto generated constraint).
---------------------------------------------------------------------------------
Finished applying 'set_property' XDC Constraints : Time (s): cpu = 00:00:25 ; elapsed = 00:00:26 . Memory (MB): peak = 1454.426 ; gain = 603.312
---------------------------------------------------------------------------------
---------------------------------------------------------------------------------
Start Preparing Guide Design
---------------------------------------------------------------------------------
CRITICAL WARNING: [Synth 8-6895] The reference checkpoint C:/Users/PC/Documents/Sprite_Machine/VDP/VDP.srcs/utils_1/imports/synth_1/vdp.dcp is not suitable for use with incremental synthesis for this design. Please regenerate the checkpoint for this design with -incremental_synth switch in the same Vivado session that synth_design has been run. Synthesis will continue with the default flow
---------------------------------------------------------------------------------
Finished Doing Graph Differ : Time (s): cpu = 00:00:25 ; elapsed = 00:00:26 . Memory (MB): peak = 1454.426 ; gain = 603.312
---------------------------------------------------------------------------------
---------------------------------------------------------------------------------
Finished Preparing Guide Design : Time (s): cpu = 00:00:25 ; elapsed = 00:00:26 . Memory (MB): peak = 1454.426 ; gain = 603.312
---------------------------------------------------------------------------------
---------------------------------------------------------------------------------
Finished RTL Optimization Phase 2 : Time (s): cpu = 00:00:26 ; elapsed = 00:00:27 . Memory (MB): peak = 1454.426 ; gain = 603.312
---------------------------------------------------------------------------------


Incremental Synthesis Report Summary:

1. Incremental synthesis run: no

   Reason for not running incremental synthesis : 


INFO: [Synth 8-7130] Flow is switching to default flow due to incremental criteria not met. If you would like to alter this behaviour and have the flow terminate instead, please set the following parameter config_implementation {autoIncr.Synth.RejectBehavior Terminate}
---------------------------------------------------------------------------------
Start RTL Component Statistics 
---------------------------------------------------------------------------------
Detailed RTL Component Info : 
+---Adders : 
	   2 Input   32 Bit       Adders := 3     
	   2 Input    9 Bit       Adders := 3     
	   2 Input    8 Bit       Adders := 2     
+---Registers : 
	              512 Bit    Registers := 2     
	               64 Bit    Registers := 1     
	               32 Bit    Registers := 1     
	               13 Bit    Registers := 1     
	               12 Bit    Registers := 2     
	                8 Bit    Registers := 5     
	                1 Bit    Registers := 6     
+---Muxes : 
	   2 Input   64 Bit        Muxes := 1     
	   2 Input   32 Bit        Muxes := 2     
	   2 Input   12 Bit        Muxes := 1     
	   2 Input    1 Bit        Muxes := 11    
---------------------------------------------------------------------------------
Finished RTL Component Statistics 
---------------------------------------------------------------------------------
---------------------------------------------------------------------------------
Start Part Resource Summary
---------------------------------------------------------------------------------
Part Resources:
DSPs: 220 (col length:60)
BRAMs: 280 (col length: RAMB18 60 RAMB36 30)
---------------------------------------------------------------------------------
Finished Part Resource Summary
---------------------------------------------------------------------------------
---------------------------------------------------------------------------------
Start Cross Boundary and Area Optimization
---------------------------------------------------------------------------------
WARNING: [Synth 8-7080] Parallel synthesis criteria is not met
---------------------------------------------------------------------------------
Finished Cross Boundary and Area Optimization : Time (s): cpu = 00:00:30 ; elapsed = 00:00:32 . Memory (MB): peak = 1454.426 ; gain = 603.312
---------------------------------------------------------------------------------
---------------------------------------------------------------------------------
Start Applying XDC Timing Constraints
---------------------------------------------------------------------------------
---------------------------------------------------------------------------------
Finished Applying XDC Timing Constraints : Time (s): cpu = 00:00:39 ; elapsed = 00:00:41 . Memory (MB): peak = 1454.426 ; gain = 603.312
---------------------------------------------------------------------------------
---------------------------------------------------------------------------------
Start Timing Optimization
---------------------------------------------------------------------------------
---------------------------------------------------------------------------------
Finished Timing Optimization : Time (s): cpu = 00:00:39 ; elapsed = 00:00:41 . Memory (MB): peak = 1454.426 ; gain = 603.312
---------------------------------------------------------------------------------
---------------------------------------------------------------------------------
Start Technology Mapping
---------------------------------------------------------------------------------
---------------------------------------------------------------------------------
Finished Technology Mapping : Time (s): cpu = 00:00:39 ; elapsed = 00:00:41 . Memory (MB): peak = 1454.426 ; gain = 603.312
---------------------------------------------------------------------------------
---------------------------------------------------------------------------------
Start IO Insertion
---------------------------------------------------------------------------------
---------------------------------------------------------------------------------
Start Flattening Before IO Insertion
---------------------------------------------------------------------------------
---------------------------------------------------------------------------------
Finished Flattening Before IO Insertion
---------------------------------------------------------------------------------
---------------------------------------------------------------------------------
Start Final Netlist Cleanup
---------------------------------------------------------------------------------
---------------------------------------------------------------------------------
Finished Final Netlist Cleanup
---------------------------------------------------------------------------------
WARNING: [Synth 8-5753] loadless multi-driven net BRAM_PORTB_0_dout[511] with 1st driver pin 'BRAM_PORTB_0_dout[511]' [C:/Users/PC/Documents/Sprite_Machine/VDP/VDP.srcs/sources_1/new/vdp.v:23]
WARNING: [Synth 8-5753] loadless multi-driven net VRAM/frame_buffer_i_n_0 with 2nd driver pin 'VRAM/frame_buffer_i/BRAM_PORTB_0_dout[511]' [C:/Users/PC/Documents/Sprite_Machine/VDP/VDP.gen/sources_1/bd/frame_buffer/hdl/frame_buffer_wrapper.v:42]
WARNING: [Synth 8-5753] loadless multi-driven net BRAM_PORTB_0_dout[510] with 1st driver pin 'BRAM_PORTB_0_dout[510]' [C:/Users/PC/Documents/Sprite_Machine/VDP/VDP.srcs/sources_1/new/vdp.v:23]
WARNING: [Synth 8-5753] loadless multi-driven net VRAM/frame_buffer_i_n_1 with 2nd driver pin 'VRAM/frame_buffer_i/BRAM_PORTB_0_dout[510]' [C:/Users/PC/Documents/Sprite_Machine/VDP/VDP.gen/sources_1/bd/frame_buffer/hdl/frame_buffer_wrapper.v:42]
WARNING: [Synth 8-5753] loadless multi-driven net BRAM_PORTB_0_dout[509] with 1st driver pin 'BRAM_PORTB_0_dout[509]' [C:/Users/PC/Documents/Sprite_Machine/VDP/VDP.srcs/sources_1/new/vdp.v:23]
WARNING: [Synth 8-5753] loadless multi-driven net VRAM/frame_buffer_i_n_2 with 2nd driver pin 'VRAM/frame_buffer_i/BRAM_PORTB_0_dout[509]' [C:/Users/PC/Documents/Sprite_Machine/VDP/VDP.gen/sources_1/bd/frame_buffer/hdl/frame_buffer_wrapper.v:42]
WARNING: [Synth 8-5753] loadless multi-driven net BRAM_PORTB_0_dout[508] with 1st driver pin 'BRAM_PORTB_0_dout[508]' [C:/Users/PC/Documents/Sprite_Machine/VDP/VDP.srcs/sources_1/new/vdp.v:23]
WARNING: [Synth 8-5753] loadless multi-driven net VRAM/frame_buffer_i_n_3 with 2nd driver pin 'VRAM/frame_buffer_i/BRAM_PORTB_0_dout[508]' [C:/Users/PC/Documents/Sprite_Machine/VDP/VDP.gen/sources_1/bd/frame_buffer/hdl/frame_buffer_wrapper.v:42]
WARNING: [Synth 8-5753] loadless multi-driven net BRAM_PORTB_0_dout[507] with 1st driver pin 'BRAM_PORTB_0_dout[507]' [C:/Users/PC/Documents/Sprite_Machine/VDP/VDP.srcs/sources_1/new/vdp.v:23]
WARNING: [Synth 8-5753] loadless multi-driven net VRAM/frame_buffer_i_n_4 with 2nd driver pin 'VRAM/frame_buffer_i/BRAM_PORTB_0_dout[507]' [C:/Users/PC/Documents/Sprite_Machine/VDP/VDP.gen/sources_1/bd/frame_buffer/hdl/frame_buffer_wrapper.v:42]
WARNING: [Synth 8-5753] loadless multi-driven net BRAM_PORTB_0_dout[506] with 1st driver pin 'BRAM_PORTB_0_dout[506]' [C:/Users/PC/Documents/Sprite_Machine/VDP/VDP.srcs/sources_1/new/vdp.v:23]
WARNING: [Synth 8-5753] loadless multi-driven net VRAM/frame_buffer_i_n_5 with 2nd driver pin 'VRAM/frame_buffer_i/BRAM_PORTB_0_dout[506]' [C:/Users/PC/Documents/Sprite_Machine/VDP/VDP.gen/sources_1/bd/frame_buffer/hdl/frame_buffer_wrapper.v:42]
WARNING: [Synth 8-5753] loadless multi-driven net BRAM_PORTB_0_dout[505] with 1st driver pin 'BRAM_PORTB_0_dout[505]' [C:/Users/PC/Documents/Sprite_Machine/VDP/VDP.srcs/sources_1/new/vdp.v:23]
WARNING: [Synth 8-5753] loadless multi-driven net VRAM/frame_buffer_i_n_6 with 2nd driver pin 'VRAM/frame_buffer_i/BRAM_PORTB_0_dout[505]' [C:/Users/PC/Documents/Sprite_Machine/VDP/VDP.gen/sources_1/bd/frame_buffer/hdl/frame_buffer_wrapper.v:42]
WARNING: [Synth 8-5753] loadless multi-driven net BRAM_PORTB_0_dout[504] with 1st driver pin 'BRAM_PORTB_0_dout[504]' [C:/Users/PC/Documents/Sprite_Machine/VDP/VDP.srcs/sources_1/new/vdp.v:23]
WARNING: [Synth 8-5753] loadless multi-driven net VRAM/frame_buffer_i_n_7 with 2nd driver pin 'VRAM/frame_buffer_i/BRAM_PORTB_0_dout[504]' [C:/Users/PC/Documents/Sprite_Machine/VDP/VDP.gen/sources_1/bd/frame_buffer/hdl/frame_buffer_wrapper.v:42]
WARNING: [Synth 8-5753] loadless multi-driven net BRAM_PORTB_0_dout[503] with 1st driver pin 'BRAM_PORTB_0_dout[503]' [C:/Users/PC/Documents/Sprite_Machine/VDP/VDP.srcs/sources_1/new/vdp.v:23]
WARNING: [Synth 8-5753] loadless multi-driven net VRAM/frame_buffer_i_n_8 with 2nd driver pin 'VRAM/frame_buffer_i/BRAM_PORTB_0_dout[503]' [C:/Users/PC/Documents/Sprite_Machine/VDP/VDP.gen/sources_1/bd/frame_buffer/hdl/frame_buffer_wrapper.v:42]
WARNING: [Synth 8-5753] loadless multi-driven net BRAM_PORTB_0_dout[502] with 1st driver pin 'BRAM_PORTB_0_dout[502]' [C:/Users/PC/Documents/Sprite_Machine/VDP/VDP.srcs/sources_1/new/vdp.v:23]
WARNING: [Synth 8-5753] loadless multi-driven net VRAM/frame_buffer_i_n_9 with 2nd driver pin 'VRAM/frame_buffer_i/BRAM_PORTB_0_dout[502]' [C:/Users/PC/Documents/Sprite_Machine/VDP/VDP.gen/sources_1/bd/frame_buffer/hdl/frame_buffer_wrapper.v:42]
WARNING: [Synth 8-5753] loadless multi-driven net BRAM_PORTB_0_dout[501] with 1st driver pin 'BRAM_PORTB_0_dout[501]' [C:/Users/PC/Documents/Sprite_Machine/VDP/VDP.srcs/sources_1/new/vdp.v:23]
WARNING: [Synth 8-5753] loadless multi-driven net VRAM/frame_buffer_i_n_10 with 2nd driver pin 'VRAM/frame_buffer_i/BRAM_PORTB_0_dout[501]' [C:/Users/PC/Documents/Sprite_Machine/VDP/VDP.gen/sources_1/bd/frame_buffer/hdl/frame_buffer_wrapper.v:42]
WARNING: [Synth 8-5753] loadless multi-driven net BRAM_PORTB_0_dout[500] with 1st driver pin 'BRAM_PORTB_0_dout[500]' [C:/Users/PC/Documents/Sprite_Machine/VDP/VDP.srcs/sources_1/new/vdp.v:23]
WARNING: [Synth 8-5753] loadless multi-driven net VRAM/frame_buffer_i_n_11 with 2nd driver pin 'VRAM/frame_buffer_i/BRAM_PORTB_0_dout[500]' [C:/Users/PC/Documents/Sprite_Machine/VDP/VDP.gen/sources_1/bd/frame_buffer/hdl/frame_buffer_wrapper.v:42]
WARNING: [Synth 8-5753] loadless multi-driven net BRAM_PORTB_0_dout[499] with 1st driver pin 'BRAM_PORTB_0_dout[499]' [C:/Users/PC/Documents/Sprite_Machine/VDP/VDP.srcs/sources_1/new/vdp.v:23]
WARNING: [Synth 8-5753] loadless multi-driven net VRAM/frame_buffer_i_n_12 with 2nd driver pin 'VRAM/frame_buffer_i/BRAM_PORTB_0_dout[499]' [C:/Users/PC/Documents/Sprite_Machine/VDP/VDP.gen/sources_1/bd/frame_buffer/hdl/frame_buffer_wrapper.v:42]
WARNING: [Synth 8-5753] loadless multi-driven net BRAM_PORTB_0_dout[498] with 1st driver pin 'BRAM_PORTB_0_dout[498]' [C:/Users/PC/Documents/Sprite_Machine/VDP/VDP.srcs/sources_1/new/vdp.v:23]
WARNING: [Synth 8-5753] loadless multi-driven net VRAM/frame_buffer_i_n_13 with 2nd driver pin 'VRAM/frame_buffer_i/BRAM_PORTB_0_dout[498]' [C:/Users/PC/Documents/Sprite_Machine/VDP/VDP.gen/sources_1/bd/frame_buffer/hdl/frame_buffer_wrapper.v:42]
WARNING: [Synth 8-5753] loadless multi-driven net BRAM_PORTB_0_dout[497] with 1st driver pin 'BRAM_PORTB_0_dout[497]' [C:/Users/PC/Documents/Sprite_Machine/VDP/VDP.srcs/sources_1/new/vdp.v:23]
WARNING: [Synth 8-5753] loadless multi-driven net VRAM/frame_buffer_i_n_14 with 2nd driver pin 'VRAM/frame_buffer_i/BRAM_PORTB_0_dout[497]' [C:/Users/PC/Documents/Sprite_Machine/VDP/VDP.gen/sources_1/bd/frame_buffer/hdl/frame_buffer_wrapper.v:42]
WARNING: [Synth 8-5753] loadless multi-driven net BRAM_PORTB_0_dout[496] with 1st driver pin 'BRAM_PORTB_0_dout[496]' [C:/Users/PC/Documents/Sprite_Machine/VDP/VDP.srcs/sources_1/new/vdp.v:23]
WARNING: [Synth 8-5753] loadless multi-driven net VRAM/frame_buffer_i_n_15 with 2nd driver pin 'VRAM/frame_buffer_i/BRAM_PORTB_0_dout[496]' [C:/Users/PC/Documents/Sprite_Machine/VDP/VDP.gen/sources_1/bd/frame_buffer/hdl/frame_buffer_wrapper.v:42]
WARNING: [Synth 8-5753] loadless multi-driven net BRAM_PORTB_0_dout[495] with 1st driver pin 'BRAM_PORTB_0_dout[495]' [C:/Users/PC/Documents/Sprite_Machine/VDP/VDP.srcs/sources_1/new/vdp.v:23]
WARNING: [Synth 8-5753] loadless multi-driven net VRAM/frame_buffer_i_n_16 with 2nd driver pin 'VRAM/frame_buffer_i/BRAM_PORTB_0_dout[495]' [C:/Users/PC/Documents/Sprite_Machine/VDP/VDP.gen/sources_1/bd/frame_buffer/hdl/frame_buffer_wrapper.v:42]
WARNING: [Synth 8-5753] loadless multi-driven net BRAM_PORTB_0_dout[494] with 1st driver pin 'BRAM_PORTB_0_dout[494]' [C:/Users/PC/Documents/Sprite_Machine/VDP/VDP.srcs/sources_1/new/vdp.v:23]
WARNING: [Synth 8-5753] loadless multi-driven net VRAM/frame_buffer_i_n_17 with 2nd driver pin 'VRAM/frame_buffer_i/BRAM_PORTB_0_dout[494]' [C:/Users/PC/Documents/Sprite_Machine/VDP/VDP.gen/sources_1/bd/frame_buffer/hdl/frame_buffer_wrapper.v:42]
WARNING: [Synth 8-5753] loadless multi-driven net BRAM_PORTB_0_dout[493] with 1st driver pin 'BRAM_PORTB_0_dout[493]' [C:/Users/PC/Documents/Sprite_Machine/VDP/VDP.srcs/sources_1/new/vdp.v:23]
WARNING: [Synth 8-5753] loadless multi-driven net VRAM/frame_buffer_i_n_18 with 2nd driver pin 'VRAM/frame_buffer_i/BRAM_PORTB_0_dout[493]' [C:/Users/PC/Documents/Sprite_Machine/VDP/VDP.gen/sources_1/bd/frame_buffer/hdl/frame_buffer_wrapper.v:42]
WARNING: [Synth 8-5753] loadless multi-driven net BRAM_PORTB_0_dout[492] with 1st driver pin 'BRAM_PORTB_0_dout[492]' [C:/Users/PC/Documents/Sprite_Machine/VDP/VDP.srcs/sources_1/new/vdp.v:23]
WARNING: [Synth 8-5753] loadless multi-driven net VRAM/frame_buffer_i_n_19 with 2nd driver pin 'VRAM/frame_buffer_i/BRAM_PORTB_0_dout[492]' [C:/Users/PC/Documents/Sprite_Machine/VDP/VDP.gen/sources_1/bd/frame_buffer/hdl/frame_buffer_wrapper.v:42]
WARNING: [Synth 8-5753] loadless multi-driven net BRAM_PORTB_0_dout[491] with 1st driver pin 'BRAM_PORTB_0_dout[491]' [C:/Users/PC/Documents/Sprite_Machine/VDP/VDP.srcs/sources_1/new/vdp.v:23]
WARNING: [Synth 8-5753] loadless multi-driven net VRAM/frame_buffer_i_n_20 with 2nd driver pin 'VRAM/frame_buffer_i/BRAM_PORTB_0_dout[491]' [C:/Users/PC/Documents/Sprite_Machine/VDP/VDP.gen/sources_1/bd/frame_buffer/hdl/frame_buffer_wrapper.v:42]
WARNING: [Synth 8-5753] loadless multi-driven net BRAM_PORTB_0_dout[490] with 1st driver pin 'BRAM_PORTB_0_dout[490]' [C:/Users/PC/Documents/Sprite_Machine/VDP/VDP.srcs/sources_1/new/vdp.v:23]
WARNING: [Synth 8-5753] loadless multi-driven net VRAM/frame_buffer_i_n_21 with 2nd driver pin 'VRAM/frame_buffer_i/BRAM_PORTB_0_dout[490]' [C:/Users/PC/Documents/Sprite_Machine/VDP/VDP.gen/sources_1/bd/frame_buffer/hdl/frame_buffer_wrapper.v:42]
WARNING: [Synth 8-5753] loadless multi-driven net BRAM_PORTB_0_dout[489] with 1st driver pin 'BRAM_PORTB_0_dout[489]' [C:/Users/PC/Documents/Sprite_Machine/VDP/VDP.srcs/sources_1/new/vdp.v:23]
WARNING: [Synth 8-5753] loadless multi-driven net VRAM/frame_buffer_i_n_22 with 2nd driver pin 'VRAM/frame_buffer_i/BRAM_PORTB_0_dout[489]' [C:/Users/PC/Documents/Sprite_Machine/VDP/VDP.gen/sources_1/bd/frame_buffer/hdl/frame_buffer_wrapper.v:42]
WARNING: [Synth 8-5753] loadless multi-driven net BRAM_PORTB_0_dout[488] with 1st driver pin 'BRAM_PORTB_0_dout[488]' [C:/Users/PC/Documents/Sprite_Machine/VDP/VDP.srcs/sources_1/new/vdp.v:23]
WARNING: [Synth 8-5753] loadless multi-driven net VRAM/frame_buffer_i_n_23 with 2nd driver pin 'VRAM/frame_buffer_i/BRAM_PORTB_0_dout[488]' [C:/Users/PC/Documents/Sprite_Machine/VDP/VDP.gen/sources_1/bd/frame_buffer/hdl/frame_buffer_wrapper.v:42]
WARNING: [Synth 8-5753] loadless multi-driven net BRAM_PORTB_0_dout[487] with 1st driver pin 'BRAM_PORTB_0_dout[487]' [C:/Users/PC/Documents/Sprite_Machine/VDP/VDP.srcs/sources_1/new/vdp.v:23]
WARNING: [Synth 8-5753] loadless multi-driven net VRAM/frame_buffer_i_n_24 with 2nd driver pin 'VRAM/frame_buffer_i/BRAM_PORTB_0_dout[487]' [C:/Users/PC/Documents/Sprite_Machine/VDP/VDP.gen/sources_1/bd/frame_buffer/hdl/frame_buffer_wrapper.v:42]
WARNING: [Synth 8-5753] loadless multi-driven net BRAM_PORTB_0_dout[486] with 1st driver pin 'BRAM_PORTB_0_dout[486]' [C:/Users/PC/Documents/Sprite_Machine/VDP/VDP.srcs/sources_1/new/vdp.v:23]
WARNING: [Synth 8-5753] loadless multi-driven net VRAM/frame_buffer_i_n_25 with 2nd driver pin 'VRAM/frame_buffer_i/BRAM_PORTB_0_dout[486]' [C:/Users/PC/Documents/Sprite_Machine/VDP/VDP.gen/sources_1/bd/frame_buffer/hdl/frame_buffer_wrapper.v:42]
WARNING: [Synth 8-5753] loadless multi-driven net BRAM_PORTB_0_dout[485] with 1st driver pin 'BRAM_PORTB_0_dout[485]' [C:/Users/PC/Documents/Sprite_Machine/VDP/VDP.srcs/sources_1/new/vdp.v:23]
WARNING: [Synth 8-5753] loadless multi-driven net VRAM/frame_buffer_i_n_26 with 2nd driver pin 'VRAM/frame_buffer_i/BRAM_PORTB_0_dout[485]' [C:/Users/PC/Documents/Sprite_Machine/VDP/VDP.gen/sources_1/bd/frame_buffer/hdl/frame_buffer_wrapper.v:42]
WARNING: [Synth 8-5753] loadless multi-driven net BRAM_PORTB_0_dout[484] with 1st driver pin 'BRAM_PORTB_0_dout[484]' [C:/Users/PC/Documents/Sprite_Machine/VDP/VDP.srcs/sources_1/new/vdp.v:23]
WARNING: [Synth 8-5753] loadless multi-driven net VRAM/frame_buffer_i_n_27 with 2nd driver pin 'VRAM/frame_buffer_i/BRAM_PORTB_0_dout[484]' [C:/Users/PC/Documents/Sprite_Machine/VDP/VDP.gen/sources_1/bd/frame_buffer/hdl/frame_buffer_wrapper.v:42]
WARNING: [Synth 8-5753] loadless multi-driven net BRAM_PORTB_0_dout[483] with 1st driver pin 'BRAM_PORTB_0_dout[483]' [C:/Users/PC/Documents/Sprite_Machine/VDP/VDP.srcs/sources_1/new/vdp.v:23]
WARNING: [Synth 8-5753] loadless multi-driven net VRAM/frame_buffer_i_n_28 with 2nd driver pin 'VRAM/frame_buffer_i/BRAM_PORTB_0_dout[483]' [C:/Users/PC/Documents/Sprite_Machine/VDP/VDP.gen/sources_1/bd/frame_buffer/hdl/frame_buffer_wrapper.v:42]
WARNING: [Synth 8-5753] loadless multi-driven net BRAM_PORTB_0_dout[482] with 1st driver pin 'BRAM_PORTB_0_dout[482]' [C:/Users/PC/Documents/Sprite_Machine/VDP/VDP.srcs/sources_1/new/vdp.v:23]
WARNING: [Synth 8-5753] loadless multi-driven net VRAM/frame_buffer_i_n_29 with 2nd driver pin 'VRAM/frame_buffer_i/BRAM_PORTB_0_dout[482]' [C:/Users/PC/Documents/Sprite_Machine/VDP/VDP.gen/sources_1/bd/frame_buffer/hdl/frame_buffer_wrapper.v:42]
WARNING: [Synth 8-5753] loadless multi-driven net BRAM_PORTB_0_dout[481] with 1st driver pin 'BRAM_PORTB_0_dout[481]' [C:/Users/PC/Documents/Sprite_Machine/VDP/VDP.srcs/sources_1/new/vdp.v:23]
WARNING: [Synth 8-5753] loadless multi-driven net VRAM/frame_buffer_i_n_30 with 2nd driver pin 'VRAM/frame_buffer_i/BRAM_PORTB_0_dout[481]' [C:/Users/PC/Documents/Sprite_Machine/VDP/VDP.gen/sources_1/bd/frame_buffer/hdl/frame_buffer_wrapper.v:42]
WARNING: [Synth 8-5753] loadless multi-driven net BRAM_PORTB_0_dout[480] with 1st driver pin 'BRAM_PORTB_0_dout[480]' [C:/Users/PC/Documents/Sprite_Machine/VDP/VDP.srcs/sources_1/new/vdp.v:23]
WARNING: [Synth 8-5753] loadless multi-driven net VRAM/frame_buffer_i_n_31 with 2nd driver pin 'VRAM/frame_buffer_i/BRAM_PORTB_0_dout[480]' [C:/Users/PC/Documents/Sprite_Machine/VDP/VDP.gen/sources_1/bd/frame_buffer/hdl/frame_buffer_wrapper.v:42]
WARNING: [Synth 8-5753] loadless multi-driven net BRAM_PORTB_0_dout[479] with 1st driver pin 'BRAM_PORTB_0_dout[479]' [C:/Users/PC/Documents/Sprite_Machine/VDP/VDP.srcs/sources_1/new/vdp.v:23]
WARNING: [Synth 8-5753] loadless multi-driven net VRAM/frame_buffer_i_n_32 with 2nd driver pin 'VRAM/frame_buffer_i/BRAM_PORTB_0_dout[479]' [C:/Users/PC/Documents/Sprite_Machine/VDP/VDP.gen/sources_1/bd/frame_buffer/hdl/frame_buffer_wrapper.v:42]
WARNING: [Synth 8-5753] loadless multi-driven net BRAM_PORTB_0_dout[478] with 1st driver pin 'BRAM_PORTB_0_dout[478]' [C:/Users/PC/Documents/Sprite_Machine/VDP/VDP.srcs/sources_1/new/vdp.v:23]
WARNING: [Synth 8-5753] loadless multi-driven net VRAM/frame_buffer_i_n_33 with 2nd driver pin 'VRAM/frame_buffer_i/BRAM_PORTB_0_dout[478]' [C:/Users/PC/Documents/Sprite_Machine/VDP/VDP.gen/sources_1/bd/frame_buffer/hdl/frame_buffer_wrapper.v:42]
WARNING: [Synth 8-5753] loadless multi-driven net BRAM_PORTB_0_dout[477] with 1st driver pin 'BRAM_PORTB_0_dout[477]' [C:/Users/PC/Documents/Sprite_Machine/VDP/VDP.srcs/sources_1/new/vdp.v:23]
WARNING: [Synth 8-5753] loadless multi-driven net VRAM/frame_buffer_i_n_34 with 2nd driver pin 'VRAM/frame_buffer_i/BRAM_PORTB_0_dout[477]' [C:/Users/PC/Documents/Sprite_Machine/VDP/VDP.gen/sources_1/bd/frame_buffer/hdl/frame_buffer_wrapper.v:42]
WARNING: [Synth 8-5753] loadless multi-driven net BRAM_PORTB_0_dout[476] with 1st driver pin 'BRAM_PORTB_0_dout[476]' [C:/Users/PC/Documents/Sprite_Machine/VDP/VDP.srcs/sources_1/new/vdp.v:23]
WARNING: [Synth 8-5753] loadless multi-driven net VRAM/frame_buffer_i_n_35 with 2nd driver pin 'VRAM/frame_buffer_i/BRAM_PORTB_0_dout[476]' [C:/Users/PC/Documents/Sprite_Machine/VDP/VDP.gen/sources_1/bd/frame_buffer/hdl/frame_buffer_wrapper.v:42]
WARNING: [Synth 8-5753] loadless multi-driven net BRAM_PORTB_0_dout[475] with 1st driver pin 'BRAM_PORTB_0_dout[475]' [C:/Users/PC/Documents/Sprite_Machine/VDP/VDP.srcs/sources_1/new/vdp.v:23]
WARNING: [Synth 8-5753] loadless multi-driven net VRAM/frame_buffer_i_n_36 with 2nd driver pin 'VRAM/frame_buffer_i/BRAM_PORTB_0_dout[475]' [C:/Users/PC/Documents/Sprite_Machine/VDP/VDP.gen/sources_1/bd/frame_buffer/hdl/frame_buffer_wrapper.v:42]
WARNING: [Synth 8-5753] loadless multi-driven net BRAM_PORTB_0_dout[474] with 1st driver pin 'BRAM_PORTB_0_dout[474]' [C:/Users/PC/Documents/Sprite_Machine/VDP/VDP.srcs/sources_1/new/vdp.v:23]
WARNING: [Synth 8-5753] loadless multi-driven net VRAM/frame_buffer_i_n_37 with 2nd driver pin 'VRAM/frame_buffer_i/BRAM_PORTB_0_dout[474]' [C:/Users/PC/Documents/Sprite_Machine/VDP/VDP.gen/sources_1/bd/frame_buffer/hdl/frame_buffer_wrapper.v:42]
WARNING: [Synth 8-5753] loadless multi-driven net BRAM_PORTB_0_dout[473] with 1st driver pin 'BRAM_PORTB_0_dout[473]' [C:/Users/PC/Documents/Sprite_Machine/VDP/VDP.srcs/sources_1/new/vdp.v:23]
WARNING: [Synth 8-5753] loadless multi-driven net VRAM/frame_buffer_i_n_38 with 2nd driver pin 'VRAM/frame_buffer_i/BRAM_PORTB_0_dout[473]' [C:/Users/PC/Documents/Sprite_Machine/VDP/VDP.gen/sources_1/bd/frame_buffer/hdl/frame_buffer_wrapper.v:42]
WARNING: [Synth 8-5753] loadless multi-driven net BRAM_PORTB_0_dout[472] with 1st driver pin 'BRAM_PORTB_0_dout[472]' [C:/Users/PC/Documents/Sprite_Machine/VDP/VDP.srcs/sources_1/new/vdp.v:23]
WARNING: [Synth 8-5753] loadless multi-driven net VRAM/frame_buffer_i_n_39 with 2nd driver pin 'VRAM/frame_buffer_i/BRAM_PORTB_0_dout[472]' [C:/Users/PC/Documents/Sprite_Machine/VDP/VDP.gen/sources_1/bd/frame_buffer/hdl/frame_buffer_wrapper.v:42]
WARNING: [Synth 8-5753] loadless multi-driven net BRAM_PORTB_0_dout[471] with 1st driver pin 'BRAM_PORTB_0_dout[471]' [C:/Users/PC/Documents/Sprite_Machine/VDP/VDP.srcs/sources_1/new/vdp.v:23]
WARNING: [Synth 8-5753] loadless multi-driven net VRAM/frame_buffer_i_n_40 with 2nd driver pin 'VRAM/frame_buffer_i/BRAM_PORTB_0_dout[471]' [C:/Users/PC/Documents/Sprite_Machine/VDP/VDP.gen/sources_1/bd/frame_buffer/hdl/frame_buffer_wrapper.v:42]
WARNING: [Synth 8-5753] loadless multi-driven net BRAM_PORTB_0_dout[470] with 1st driver pin 'BRAM_PORTB_0_dout[470]' [C:/Users/PC/Documents/Sprite_Machine/VDP/VDP.srcs/sources_1/new/vdp.v:23]
WARNING: [Synth 8-5753] loadless multi-driven net VRAM/frame_buffer_i_n_41 with 2nd driver pin 'VRAM/frame_buffer_i/BRAM_PORTB_0_dout[470]' [C:/Users/PC/Documents/Sprite_Machine/VDP/VDP.gen/sources_1/bd/frame_buffer/hdl/frame_buffer_wrapper.v:42]
WARNING: [Synth 8-5753] loadless multi-driven net BRAM_PORTB_0_dout[469] with 1st driver pin 'BRAM_PORTB_0_dout[469]' [C:/Users/PC/Documents/Sprite_Machine/VDP/VDP.srcs/sources_1/new/vdp.v:23]
WARNING: [Synth 8-5753] loadless multi-driven net VRAM/frame_buffer_i_n_42 with 2nd driver pin 'VRAM/frame_buffer_i/BRAM_PORTB_0_dout[469]' [C:/Users/PC/Documents/Sprite_Machine/VDP/VDP.gen/sources_1/bd/frame_buffer/hdl/frame_buffer_wrapper.v:42]
WARNING: [Synth 8-5753] loadless multi-driven net BRAM_PORTB_0_dout[468] with 1st driver pin 'BRAM_PORTB_0_dout[468]' [C:/Users/PC/Documents/Sprite_Machine/VDP/VDP.srcs/sources_1/new/vdp.v:23]
WARNING: [Synth 8-5753] loadless multi-driven net VRAM/frame_buffer_i_n_43 with 2nd driver pin 'VRAM/frame_buffer_i/BRAM_PORTB_0_dout[468]' [C:/Users/PC/Documents/Sprite_Machine/VDP/VDP.gen/sources_1/bd/frame_buffer/hdl/frame_buffer_wrapper.v:42]
WARNING: [Synth 8-5753] loadless multi-driven net BRAM_PORTB_0_dout[467] with 1st driver pin 'BRAM_PORTB_0_dout[467]' [C:/Users/PC/Documents/Sprite_Machine/VDP/VDP.srcs/sources_1/new/vdp.v:23]
WARNING: [Synth 8-5753] loadless multi-driven net VRAM/frame_buffer_i_n_44 with 2nd driver pin 'VRAM/frame_buffer_i/BRAM_PORTB_0_dout[467]' [C:/Users/PC/Documents/Sprite_Machine/VDP/VDP.gen/sources_1/bd/frame_buffer/hdl/frame_buffer_wrapper.v:42]
WARNING: [Synth 8-5753] loadless multi-driven net BRAM_PORTB_0_dout[466] with 1st driver pin 'BRAM_PORTB_0_dout[466]' [C:/Users/PC/Documents/Sprite_Machine/VDP/VDP.srcs/sources_1/new/vdp.v:23]
WARNING: [Synth 8-5753] loadless multi-driven net VRAM/frame_buffer_i_n_45 with 2nd driver pin 'VRAM/frame_buffer_i/BRAM_PORTB_0_dout[466]' [C:/Users/PC/Documents/Sprite_Machine/VDP/VDP.gen/sources_1/bd/frame_buffer/hdl/frame_buffer_wrapper.v:42]
WARNING: [Synth 8-5753] loadless multi-driven net BRAM_PORTB_0_dout[465] with 1st driver pin 'BRAM_PORTB_0_dout[465]' [C:/Users/PC/Documents/Sprite_Machine/VDP/VDP.srcs/sources_1/new/vdp.v:23]
WARNING: [Synth 8-5753] loadless multi-driven net VRAM/frame_buffer_i_n_46 with 2nd driver pin 'VRAM/frame_buffer_i/BRAM_PORTB_0_dout[465]' [C:/Users/PC/Documents/Sprite_Machine/VDP/VDP.gen/sources_1/bd/frame_buffer/hdl/frame_buffer_wrapper.v:42]
WARNING: [Synth 8-5753] loadless multi-driven net BRAM_PORTB_0_dout[464] with 1st driver pin 'BRAM_PORTB_0_dout[464]' [C:/Users/PC/Documents/Sprite_Machine/VDP/VDP.srcs/sources_1/new/vdp.v:23]
WARNING: [Synth 8-5753] loadless multi-driven net VRAM/frame_buffer_i_n_47 with 2nd driver pin 'VRAM/frame_buffer_i/BRAM_PORTB_0_dout[464]' [C:/Users/PC/Documents/Sprite_Machine/VDP/VDP.gen/sources_1/bd/frame_buffer/hdl/frame_buffer_wrapper.v:42]
WARNING: [Synth 8-5753] loadless multi-driven net BRAM_PORTB_0_dout[463] with 1st driver pin 'BRAM_PORTB_0_dout[463]' [C:/Users/PC/Documents/Sprite_Machine/VDP/VDP.srcs/sources_1/new/vdp.v:23]
WARNING: [Synth 8-5753] loadless multi-driven net VRAM/frame_buffer_i_n_48 with 2nd driver pin 'VRAM/frame_buffer_i/BRAM_PORTB_0_dout[463]' [C:/Users/PC/Documents/Sprite_Machine/VDP/VDP.gen/sources_1/bd/frame_buffer/hdl/frame_buffer_wrapper.v:42]
WARNING: [Synth 8-5753] loadless multi-driven net BRAM_PORTB_0_dout[462] with 1st driver pin 'BRAM_PORTB_0_dout[462]' [C:/Users/PC/Documents/Sprite_Machine/VDP/VDP.srcs/sources_1/new/vdp.v:23]
WARNING: [Synth 8-5753] loadless multi-driven net VRAM/frame_buffer_i_n_49 with 2nd driver pin 'VRAM/frame_buffer_i/BRAM_PORTB_0_dout[462]' [C:/Users/PC/Documents/Sprite_Machine/VDP/VDP.gen/sources_1/bd/frame_buffer/hdl/frame_buffer_wrapper.v:42]
INFO: [Common 17-14] Message 'Synth 8-5753' appears 100 times and further instances of the messages will be disabled. Use the Tcl command set_msg_config to change the current settings.
---------------------------------------------------------------------------------
Finished IO Insertion : Time (s): cpu = 00:00:47 ; elapsed = 00:00:48 . Memory (MB): peak = 1454.426 ; gain = 603.312
---------------------------------------------------------------------------------
---------------------------------------------------------------------------------
Start Renaming Generated Instances
---------------------------------------------------------------------------------
---------------------------------------------------------------------------------
Finished Renaming Generated Instances : Time (s): cpu = 00:00:47 ; elapsed = 00:00:48 . Memory (MB): peak = 1454.426 ; gain = 603.312
---------------------------------------------------------------------------------
---------------------------------------------------------------------------------
Start Rebuilding User Hierarchy
---------------------------------------------------------------------------------
---------------------------------------------------------------------------------
Finished Rebuilding User Hierarchy : Time (s): cpu = 00:00:47 ; elapsed = 00:00:48 . Memory (MB): peak = 1454.426 ; gain = 603.312
---------------------------------------------------------------------------------
---------------------------------------------------------------------------------
Start Renaming Generated Ports
---------------------------------------------------------------------------------
---------------------------------------------------------------------------------
Finished Renaming Generated Ports : Time (s): cpu = 00:00:47 ; elapsed = 00:00:48 . Memory (MB): peak = 1454.426 ; gain = 603.312
---------------------------------------------------------------------------------
---------------------------------------------------------------------------------
Start Handling Custom Attributes
---------------------------------------------------------------------------------
---------------------------------------------------------------------------------
Finished Handling Custom Attributes : Time (s): cpu = 00:00:47 ; elapsed = 00:00:49 . Memory (MB): peak = 1454.426 ; gain = 603.312
---------------------------------------------------------------------------------
---------------------------------------------------------------------------------
Start Renaming Generated Nets
---------------------------------------------------------------------------------
---------------------------------------------------------------------------------
Finished Renaming Generated Nets : Time (s): cpu = 00:00:47 ; elapsed = 00:00:49 . Memory (MB): peak = 1454.426 ; gain = 603.312
---------------------------------------------------------------------------------
---------------------------------------------------------------------------------
Start Writing Synthesis Report
---------------------------------------------------------------------------------

Report BlackBoxes: 
+------+-----------------------------+----------+
|      |BlackBox name                |Instances |
+------+-----------------------------+----------+
|1     |sprite_mem_blk_mem_gen_0_0   |         1|
|2     |frame_buffer_blk_mem_gen_0_0 |         1|
+------+-----------------------------+----------+

Report Cell Usage: 
+------+---------------------------+------+
|      |Cell                       |Count |
+------+---------------------------+------+
|1     |frame_buffer_blk_mem_gen_0 |     1|
|2     |sprite_mem_blk_mem_gen_0   |     1|
|3     |BUFG                       |     1|
|4     |CARRY4                     |    21|
|5     |LUT1                       |     9|
|6     |LUT2                       |     7|
|7     |LUT3                       |    44|
|8     |LUT4                       |     6|
|9     |LUT5                       |    19|
|10    |LUT6                       |    15|
|11    |FDRE                       |   625|
|12    |IBUF                       |   587|
|13    |OBUF                       |     1|
+------+---------------------------+------+
---------------------------------------------------------------------------------
Finished Writing Synthesis Report : Time (s): cpu = 00:00:47 ; elapsed = 00:00:49 . Memory (MB): peak = 1454.426 ; gain = 603.312
---------------------------------------------------------------------------------
Synthesis finished with 0 errors, 1 critical warnings and 1322 warnings.
Synthesis Optimization Runtime : Time (s): cpu = 00:00:30 ; elapsed = 00:00:44 . Memory (MB): peak = 1454.426 ; gain = 516.211
Synthesis Optimization Complete : Time (s): cpu = 00:00:47 ; elapsed = 00:00:49 . Memory (MB): peak = 1454.426 ; gain = 603.312
INFO: [Project 1-571] Translating synthesized netlist
Netlist sorting complete. Time (s): cpu = 00:00:00 ; elapsed = 00:00:00.051 . Memory (MB): peak = 1454.426 ; gain = 0.000
INFO: [Netlist 29-17] Analyzing 21 Unisim elements for replacement
INFO: [Netlist 29-28] Unisim Transformation completed in 0 CPU seconds
WARNING: [Netlist 29-101] Netlist 'memory_manager' is not ideal for floorplanning, since the cellview 'memory_manager' contains a large number of primitives.  Please consider enabling hierarchy in synthesis if you want to do floorplanning.
INFO: [Project 1-570] Preparing netlist for logic optimization
INFO: [Opt 31-138] Pushed 0 inverter(s) to 0 load pin(s).
Netlist sorting complete. Time (s): cpu = 00:00:00 ; elapsed = 00:00:00.001 . Memory (MB): peak = 1454.426 ; gain = 0.000
INFO: [Project 1-111] Unisim Transformation Summary:
No Unisim elements were transformed.

Synth Design complete, checksum: 23517eb4
INFO: [Common 17-83] Releasing license: Synthesis
43 Infos, 288 Warnings, 101 Critical Warnings and 0 Errors encountered.
synth_design completed successfully
synth_design: Time (s): cpu = 00:00:54 ; elapsed = 00:00:58 . Memory (MB): peak = 1454.426 ; gain = 1006.551
INFO: [runtcl-6] Synthesis results are not added to the cache due to CRITICAL_WARNING
INFO: [Common 17-1381] The checkpoint 'C:/Users/PC/Documents/Sprite_Machine/VDP/VDP.runs/synth_1/memory_manager.dcp' has been generated.
INFO: [runtcl-4] Executing : report_utilization -file memory_manager_utilization_synth.rpt -pb memory_manager_utilization_synth.pb
INFO: [Common 17-206] Exiting Vivado at Tue Dec 13 15:58:09 2022...
