INFO: [VRFC 10-2263] Analyzing Verilog file "C:/Users/PC/Documents/Sprite_Machine/VDP/VDP.ip_user_files/bd/sprite_mem/ip/sprite_mem_blk_mem_gen_0_0/sim/sprite_mem_blk_mem_gen_0_0.v" into library xil_defaultlib
INFO: [VRFC 10-311] analyzing module sprite_mem_blk_mem_gen_0_0
INFO: [VRFC 10-2263] Analyzing Verilog file "C:/Users/PC/Documents/Sprite_Machine/VDP/VDP.ip_user_files/bd/sprite_mem/sim/sprite_mem.v" into library xil_defaultlib
INFO: [VRFC 10-311] analyzing module sprite_mem
INFO: [VRFC 10-2263] Analyzing Verilog file "C:/Users/PC/Documents/Sprite_Machine/VDP/VDP.ip_user_files/bd/frame_buffer/ip/frame_buffer_blk_mem_gen_0_0/sim/frame_buffer_blk_mem_gen_0_0.v" into library xil_defaultlib
INFO: [VRFC 10-311] analyzing module frame_buffer_blk_mem_gen_0_0
INFO: [VRFC 10-2263] Analyzing Verilog file "C:/Users/PC/Documents/Sprite_Machine/VDP/VDP.ip_user_files/bd/frame_buffer/sim/frame_buffer.v" into library xil_defaultlib
INFO: [VRFC 10-311] analyzing module frame_buffer
INFO: [VRFC 10-2263] Analyzing Verilog file "C:/Users/PC/Documents/Sprite_Machine/VDP/VDP.ip_user_files/bd/buffer_rams/ip/buffer_rams_blk_mem_gen_0_0/sim/buffer_rams_blk_mem_gen_0_0.v" into library xil_defaultlib
INFO: [VRFC 10-311] analyzing module buffer_rams_blk_mem_gen_0_0
INFO: [VRFC 10-2263] Analyzing Verilog file "C:/Users/PC/Documents/Sprite_Machine/VDP/VDP.ip_user_files/bd/buffer_rams/ip/buffer_rams_blk_mem_gen_0_1/sim/buffer_rams_blk_mem_gen_0_1.v" into library xil_defaultlib
INFO: [VRFC 10-311] analyzing module buffer_rams_blk_mem_gen_0_1
INFO: [VRFC 10-2263] Analyzing Verilog file "C:/Users/PC/Documents/Sprite_Machine/VDP/VDP.ip_user_files/bd/buffer_rams/ip/buffer_rams_blk_mem_gen_0_3/sim/buffer_rams_blk_mem_gen_0_3.v" into library xil_defaultlib
INFO: [VRFC 10-311] analyzing module buffer_rams_blk_mem_gen_0_3
INFO: [VRFC 10-2263] Analyzing Verilog file "C:/Users/PC/Documents/Sprite_Machine/VDP/VDP.ip_user_files/bd/buffer_rams/sim/buffer_rams.v" into library xil_defaultlib
INFO: [VRFC 10-311] analyzing module buffer_rams
INFO: [VRFC 10-2263] Analyzing Verilog file "C:/Users/PC/Documents/Sprite_Machine/VDP/VDP.gen/sources_1/bd/buffer_rams/hdl/buffer_rams_wrapper.v" into library xil_defaultlib
INFO: [VRFC 10-311] analyzing module buffer_rams_wrapper
INFO: [VRFC 10-2263] Analyzing Verilog file "C:/Users/PC/Documents/Sprite_Machine/VDP/VDP.gen/sources_1/bd/frame_buffer/hdl/frame_buffer_wrapper.v" into library xil_defaultlib
INFO: [VRFC 10-311] analyzing module frame_buffer_wrapper
INFO: [VRFC 10-2263] Analyzing Verilog file "C:/Users/PC/Documents/Sprite_Machine/VDP/VDP.srcs/sources_1/new/matrix_operations.v" into library xil_defaultlib
INFO: [VRFC 10-311] analyzing module matrix_operations
INFO: [VRFC 10-2263] Analyzing Verilog file "C:/Users/PC/Documents/Sprite_Machine/VDP/VDP.gen/sources_1/bd/sprite_mem/hdl/sprite_mem_wrapper.v" into library xil_defaultlib
INFO: [VRFC 10-311] analyzing module sprite_mem_wrapper
INFO: [VRFC 10-2263] Analyzing Verilog file "C:/Users/PC/Documents/Sprite_Machine/VDP/VDP.srcs/sources_1/new/vdp.v" into library xil_defaultlib
INFO: [VRFC 10-311] analyzing module memory_manager
INFO: [VRFC 10-2263] Analyzing Verilog file "C:/Users/PC/Documents/Sprite_Machine/VDP/VDP.srcs/sources_1/new/write_enable.v" into library xil_defaultlib
INFO: [VRFC 10-311] analyzing module write_enable
INFO: [VRFC 10-2263] Analyzing Verilog file "C:/Users/PC/Documents/Sprite_Machine/VDP/VDP.srcs/sim_1/new/test_memory.v" into library xil_defaultlib
INFO: [VRFC 10-311] analyzing module test_memory
WARNING: [VRFC 10-8497] literal value 'hFFFFFFFFFFFFFFFF_FFFFFFFFFFFFFFFF_FFFFFFFFFFFFFFFF_FFFFFFFFFFFFFFFF_FFFFFFFFFFFFFFFF_FFFFFFFFFFFFFFFF_FFFFFFFFFFFFFFFF_FFFFFFFFFFFFFFFF truncated to fit in 128 bits [C:/Users/PC/Documents/Sprite_Machine/VDP/VDP.srcs/sim_1/new/test_memory.v:80]
WARNING: [VRFC 10-8497] literal value 'hFFFFFFFFFFFFFFFF_0000000000000000_FFFFFFFFFFFFFFFF_0000000000000000_FFFFFFFFFFFFFFFF_0000000000000000_FFFFFFFFFFFFFFFF_0000000000000000 truncated to fit in 128 bits [C:/Users/PC/Documents/Sprite_Machine/VDP/VDP.srcs/sim_1/new/test_memory.v:86]
WARNING: [VRFC 10-8497] literal value 'h0000000000000000_FFFFFFFFFFFFFFFF_0000000000000000_FFFFFFFFFFFFFFFF_0000000000000000_FFFFFFFFFFFFFFFF_0000000000000000_FFFFFFFFFFFFFFFF truncated to fit in 128 bits [C:/Users/PC/Documents/Sprite_Machine/VDP/VDP.srcs/sim_1/new/test_memory.v:92]
WARNING: [VRFC 10-8497] literal value 'hFFFFFFFFFFFFFFFF_0000000000000000_0000000000000000_0000000000000000_0000000000000000_0000000000000000_FFFFFFFF00000000_00000000FFFFFFFF truncated to fit in 128 bits [C:/Users/PC/Documents/Sprite_Machine/VDP/VDP.srcs/sim_1/new/test_memory.v:98]
