
*** Running vivado
    with args -log memory_manager_512.vdi -applog -m64 -product Vivado -messageDb vivado.pb -mode batch -source memory_manager_512.tcl -notrace



****** Vivado v2022.2 (64-bit)
  **** SW Build 3671981 on Fri Oct 14 05:00:03 MDT 2022
  **** IP Build 3669848 on Fri Oct 14 08:30:02 MDT 2022
    ** Copyright 1986-2022 Xilinx, Inc. All Rights Reserved.

source memory_manager_512.tcl -notrace
INFO: [IP_Flow 19-234] Refreshing IP repositories
INFO: [IP_Flow 19-1704] No user IP repositories specified
INFO: [IP_Flow 19-2313] Loaded Vivado IP repository 'C:/Xilinx/Vivado/2022.2/data/ip'.
Command: link_design -top memory_manager_512 -part xc7z020clg400-1
Design is defaulting to srcset: sources_1
Design is defaulting to constrset: constrs_1
INFO: [Device 21-403] Loading part xc7z020clg400-1
INFO: [Project 1-454] Reading design checkpoint 'c:/Users/jabilio.000/Documents/git/Sprite_Machine/VDP/VDP.gen/sources_1/bd/Rams_512/ip/Rams_512_blk_mem_gen_0_0/Rams_512_blk_mem_gen_0_0.dcp' for cell 'rams/Rams_512_i/FRAME_512_mem_gen_0'
INFO: [Project 1-454] Reading design checkpoint 'c:/Users/jabilio.000/Documents/git/Sprite_Machine/VDP/VDP.gen/sources_1/bd/Rams_512/ip/Rams_512_blk_mem_gen_0_1/Rams_512_blk_mem_gen_0_1.dcp' for cell 'rams/Rams_512_i/SPRITE_512_mem_gen_0'
INFO: [Project 1-454] Reading design checkpoint 'c:/Users/jabilio.000/Documents/git/Sprite_Machine/VDP/VDP.gen/sources_1/bd/Rams_512/ip/Rams_512_UPPER_PREVIOUS_512_mem_gen_0_0/Rams_512_UPPER_PREVIOUS_512_mem_gen_0_0.dcp' for cell 'rams/Rams_512_i/UPPER_512_mem_gen_1'
INFO: [Project 1-454] Reading design checkpoint 'c:/Users/jabilio.000/Documents/git/Sprite_Machine/VDP/VDP.gen/sources_1/bd/Rams_512/ip/Rams_512_blk_mem_gen_0_2/Rams_512_blk_mem_gen_0_2.dcp' for cell 'rams/Rams_512_i/UPPER_PREVIOUS_512_mem_gen_0'
Netlist sorting complete. Time (s): cpu = 00:00:01 ; elapsed = 00:00:00.262 . Memory (MB): peak = 871.836 ; gain = 0.000
INFO: [Netlist 29-17] Analyzing 175 Unisim elements for replacement
INFO: [Netlist 29-28] Unisim Transformation completed in 0 CPU seconds
INFO: [Project 1-479] Netlist was created with Vivado 2022.2
INFO: [Project 1-570] Preparing netlist for logic optimization
INFO: [Opt 31-138] Pushed 0 inverter(s) to 0 load pin(s).
Netlist sorting complete. Time (s): cpu = 00:00:00 ; elapsed = 00:00:00.004 . Memory (MB): peak = 1006.344 ; gain = 0.000
INFO: [Project 1-111] Unisim Transformation Summary:
No Unisim elements were transformed.

14 Infos, 0 Warnings, 0 Critical Warnings and 0 Errors encountered.
link_design completed successfully
link_design: Time (s): cpu = 00:00:08 ; elapsed = 00:00:09 . Memory (MB): peak = 1006.344 ; gain = 595.168
Command: opt_design
Attempting to get a license for feature 'Implementation' and/or device 'xc7z020'
INFO: [Common 17-349] Got license for feature 'Implementation' and/or device 'xc7z020'
Running DRC as a precondition to command opt_design

Starting DRC Task
INFO: [DRC 23-27] Running DRC with 2 threads
INFO: [Project 1-461] DRC finished with 0 Errors
INFO: [Project 1-462] Please refer to the DRC report (report_drc) for more information.

Time (s): cpu = 00:00:01 ; elapsed = 00:00:01 . Memory (MB): peak = 1034.316 ; gain = 27.973

Starting Cache Timing Information Task
INFO: [Timing 38-35] Done setting XDC timing constraints.
Ending Cache Timing Information Task | Checksum: 1a77f5812

Time (s): cpu = 00:00:07 ; elapsed = 00:00:08 . Memory (MB): peak = 1586.410 ; gain = 552.094

Starting Logic Optimization Task

Phase 1 Retarget
INFO: [Opt 31-138] Pushed 16 inverter(s) to 184 load pin(s).
INFO: [Opt 31-49] Retargeted 0 cell(s).
Phase 1 Retarget | Checksum: ad144290

Time (s): cpu = 00:00:00 ; elapsed = 00:00:00.379 . Memory (MB): peak = 1925.242 ; gain = 0.000
INFO: [Opt 31-389] Phase Retarget created 4 cells and removed 20 cells

Phase 2 Constant propagation
INFO: [Opt 31-138] Pushed 0 inverter(s) to 0 load pin(s).
Phase 2 Constant propagation | Checksum: 96b1d4f5

Time (s): cpu = 00:00:00 ; elapsed = 00:00:00.427 . Memory (MB): peak = 1925.242 ; gain = 0.000
INFO: [Opt 31-389] Phase Constant propagation created 0 cells and removed 0 cells

Phase 3 Sweep
Phase 3 Sweep | Checksum: 17b8e8ca4

Time (s): cpu = 00:00:00 ; elapsed = 00:00:00.637 . Memory (MB): peak = 1925.242 ; gain = 0.000
INFO: [Opt 31-389] Phase Sweep created 0 cells and removed 14 cells

Phase 4 BUFG optimization
Phase 4 BUFG optimization | Checksum: 17b8e8ca4

Time (s): cpu = 00:00:00 ; elapsed = 00:00:00.787 . Memory (MB): peak = 1925.242 ; gain = 0.000
INFO: [Opt 31-662] Phase BUFG optimization created 0 cells of which 0 are BUFGs and removed 0 cells.

Phase 5 Shift Register Optimization
INFO: [Opt 31-1064] SRL Remap converted 0 SRLs to 0 registers and converted 0 registers of register chains to 0 SRLs
Phase 5 Shift Register Optimization | Checksum: 17b8e8ca4

Time (s): cpu = 00:00:00 ; elapsed = 00:00:00.799 . Memory (MB): peak = 1925.242 ; gain = 0.000
INFO: [Opt 31-389] Phase Shift Register Optimization created 0 cells and removed 0 cells

Phase 6 Post Processing Netlist
Phase 6 Post Processing Netlist | Checksum: 17b8e8ca4

Time (s): cpu = 00:00:01 ; elapsed = 00:00:00.828 . Memory (MB): peak = 1925.242 ; gain = 0.000
INFO: [Opt 31-389] Phase Post Processing Netlist created 0 cells and removed 0 cells
Opt_design Change Summary
=========================


-------------------------------------------------------------------------------------------------------------------------
|  Phase                        |  #Cells created  |  #Cells Removed  |  #Constrained objects preventing optimizations  |
-------------------------------------------------------------------------------------------------------------------------
|  Retarget                     |               4  |              20  |                                              0  |
|  Constant propagation         |               0  |               0  |                                              0  |
|  Sweep                        |               0  |              14  |                                              0  |
|  BUFG optimization            |               0  |               0  |                                              0  |
|  Shift Register Optimization  |               0  |               0  |                                              0  |
|  Post Processing Netlist      |               0  |               0  |                                              0  |
-------------------------------------------------------------------------------------------------------------------------



Starting Connectivity Check Task

Time (s): cpu = 00:00:00 ; elapsed = 00:00:00.015 . Memory (MB): peak = 1925.242 ; gain = 0.000
Ending Logic Optimization Task | Checksum: 4b09fe9d

Time (s): cpu = 00:00:01 ; elapsed = 00:00:00.975 . Memory (MB): peak = 1925.242 ; gain = 0.000

Starting Power Optimization Task
INFO: [Pwropt 34-132] Skipping clock gating for clocks with a period < 2.00 ns.
INFO: [Timing 38-35] Done setting XDC timing constraints.
WARNING: [Power 33-232] No user defined clocks were found in the design! Power estimation will be inaccurate until this is corrected.
Resolution: Please specify clocks using create_clock/create_generated_clock for sequential elements. For pure combinatorial circuits, please specify a virtual clock, otherwise the vectorless estimation might be inaccurate
Running Vector-less Activity Propagation...

Finished Running Vector-less Activity Propagation
INFO: [Pwropt 34-9] Applying IDT optimizations ...
INFO: [Pwropt 34-10] Applying ODC optimizations ...


Starting PowerOpt Patch Enables Task
INFO: [Pwropt 34-162] WRITE_MODE attribute of 0 BRAM(s) out of a total of 137 has been updated to save power. Run report_power_opt to get a complete listing of the BRAMs updated.
INFO: [Pwropt 34-201] Structural ODC has moved 1 WE to EN ports
Number of BRAM Ports augmented: 165 newly gated: 138 Total Ports: 274
Number of Flops added for Enable Generation: 2

Ending PowerOpt Patch Enables Task | Checksum: 120b7d05a

Time (s): cpu = 00:00:01 ; elapsed = 00:00:00.786 . Memory (MB): peak = 2266.484 ; gain = 0.000
Ending Power Optimization Task | Checksum: 120b7d05a

Time (s): cpu = 00:00:19 ; elapsed = 00:00:20 . Memory (MB): peak = 2266.484 ; gain = 341.242

Starting Final Cleanup Task

Starting Logic Optimization Task
INFO: [Timing 38-35] Done setting XDC timing constraints.
Ending Logic Optimization Task | Checksum: 1bcbfc8ac

Time (s): cpu = 00:00:01 ; elapsed = 00:00:00.950 . Memory (MB): peak = 2266.484 ; gain = 0.000
Ending Final Cleanup Task | Checksum: 1bcbfc8ac

Time (s): cpu = 00:00:03 ; elapsed = 00:00:04 . Memory (MB): peak = 2266.484 ; gain = 0.000

Starting Netlist Obfuscation Task
Netlist sorting complete. Time (s): cpu = 00:00:00 ; elapsed = 00:00:00.004 . Memory (MB): peak = 2266.484 ; gain = 0.000
Ending Netlist Obfuscation Task | Checksum: 1bcbfc8ac

Time (s): cpu = 00:00:00 ; elapsed = 00:00:00.006 . Memory (MB): peak = 2266.484 ; gain = 0.000
INFO: [Common 17-83] Releasing license: Implementation
37 Infos, 1 Warnings, 0 Critical Warnings and 0 Errors encountered.
opt_design completed successfully
opt_design: Time (s): cpu = 00:00:34 ; elapsed = 00:00:37 . Memory (MB): peak = 2266.484 ; gain = 1260.141
INFO: [Common 17-1381] The checkpoint 'C:/Users/jabilio.000/Documents/git/Sprite_Machine/VDP/VDP.runs/impl_1/memory_manager_512_opt.dcp' has been generated.
INFO: [runtcl-4] Executing : report_drc -file memory_manager_512_drc_opted.rpt -pb memory_manager_512_drc_opted.pb -rpx memory_manager_512_drc_opted.rpx
Command: report_drc -file memory_manager_512_drc_opted.rpt -pb memory_manager_512_drc_opted.pb -rpx memory_manager_512_drc_opted.rpx
INFO: [IP_Flow 19-1839] IP Catalog is up to date.
INFO: [DRC 23-27] Running DRC with 2 threads
INFO: [Vivado_Tcl 2-168] The results of DRC are in file C:/Users/jabilio.000/Documents/git/Sprite_Machine/VDP/VDP.runs/impl_1/memory_manager_512_drc_opted.rpt.
report_drc completed successfully
Command: place_design
Attempting to get a license for feature 'Implementation' and/or device 'xc7z020'
INFO: [Common 17-349] Got license for feature 'Implementation' and/or device 'xc7z020'
INFO: [DRC 23-27] Running DRC with 2 threads
INFO: [Vivado_Tcl 4-198] DRC finished with 0 Errors
INFO: [Vivado_Tcl 4-199] Please refer to the DRC report (report_drc) for more information.
Running DRC as a precondition to command place_design
INFO: [DRC 23-27] Running DRC with 2 threads
INFO: [Vivado_Tcl 4-198] DRC finished with 0 Errors
INFO: [Vivado_Tcl 4-199] Please refer to the DRC report (report_drc) for more information.

Starting Placer Task
INFO: [Place 30-611] Multithreading enabled for place_design using a maximum of 2 CPUs

Phase 1 Placer Initialization

Phase 1.1 Placer Initialization Netlist Sorting
Netlist sorting complete. Time (s): cpu = 00:00:00 ; elapsed = 00:00:00.004 . Memory (MB): peak = 2266.484 ; gain = 0.000
Phase 1.1 Placer Initialization Netlist Sorting | Checksum: d7256a50

Time (s): cpu = 00:00:00 ; elapsed = 00:00:00.019 . Memory (MB): peak = 2266.484 ; gain = 0.000
Netlist sorting complete. Time (s): cpu = 00:00:00 ; elapsed = 00:00:00.004 . Memory (MB): peak = 2266.484 ; gain = 0.000

Phase 1.2 IO Placement/ Clock Placement/ Build Placer Device
ERROR: [Place 30-415] IO Placement failed due to overutilization. This design contains 1101 I/O ports
 while the target  device: 7z020 package: clg400, contains only 255 available user I/O. The target device has 255 usable I/O pins of which 0 are already occupied by user-locked I/Os.
 To rectify this issue:
 1. Ensure you are targeting the correct device and package.  Select a larger device or different package if necessary.
 2. Check the top-level ports of the design to ensure the correct number of ports are specified.
 3. Consider design changes to reduce the number of I/Os necessary.
INFO: [Timing 38-35] Done setting XDC timing constraints.
ERROR: [Place 30-68] Instance BRAM_PORTB_0_addr_IBUF[0]_inst (IBUF) is not placed
ERROR: [Place 30-68] Instance BRAM_PORTB_0_addr_IBUF[10]_inst (IBUF) is not placed
ERROR: [Place 30-68] Instance BRAM_PORTB_0_addr_IBUF[11]_inst (IBUF) is not placed
ERROR: [Place 30-68] Instance BRAM_PORTB_0_addr_IBUF[12]_inst (IBUF) is not placed
ERROR: [Place 30-68] Instance BRAM_PORTB_0_addr_IBUF[1]_inst (IBUF) is not placed
ERROR: [Place 30-68] Instance BRAM_PORTB_0_addr_IBUF[2]_inst (IBUF) is not placed
ERROR: [Place 30-68] Instance BRAM_PORTB_0_addr_IBUF[3]_inst (IBUF) is not placed
ERROR: [Place 30-68] Instance BRAM_PORTB_0_addr_IBUF[4]_inst (IBUF) is not placed
ERROR: [Place 30-68] Instance BRAM_PORTB_0_addr_IBUF[5]_inst (IBUF) is not placed
ERROR: [Place 30-68] Instance BRAM_PORTB_0_addr_IBUF[6]_inst (IBUF) is not placed
ERROR: [Place 30-68] Instance BRAM_PORTB_0_addr_IBUF[7]_inst (IBUF) is not placed
ERROR: [Place 30-68] Instance BRAM_PORTB_0_addr_IBUF[8]_inst (IBUF) is not placed
ERROR: [Place 30-68] Instance BRAM_PORTB_0_addr_IBUF[9]_inst (IBUF) is not placed
ERROR: [Place 30-68] Instance BRAM_PORTB_0_dout_OBUF[0]_inst (OBUF) is not placed
ERROR: [Place 30-68] Instance BRAM_PORTB_0_dout_OBUF[100]_inst (OBUF) is not placed
ERROR: [Place 30-68] Instance BRAM_PORTB_0_dout_OBUF[101]_inst (OBUF) is not placed
ERROR: [Place 30-68] Instance BRAM_PORTB_0_dout_OBUF[102]_inst (OBUF) is not placed
ERROR: [Place 30-68] Instance BRAM_PORTB_0_dout_OBUF[103]_inst (OBUF) is not placed
ERROR: [Place 30-68] Instance BRAM_PORTB_0_dout_OBUF[104]_inst (OBUF) is not placed
ERROR: [Place 30-68] Instance BRAM_PORTB_0_dout_OBUF[105]_inst (OBUF) is not placed
ERROR: [Place 30-68] Instance BRAM_PORTB_0_dout_OBUF[106]_inst (OBUF) is not placed
ERROR: [Place 30-68] Instance BRAM_PORTB_0_dout_OBUF[107]_inst (OBUF) is not placed
ERROR: [Place 30-68] Instance BRAM_PORTB_0_dout_OBUF[108]_inst (OBUF) is not placed
ERROR: [Place 30-68] Instance BRAM_PORTB_0_dout_OBUF[109]_inst (OBUF) is not placed
ERROR: [Place 30-68] Instance BRAM_PORTB_0_dout_OBUF[10]_inst (OBUF) is not placed
ERROR: [Place 30-68] Instance BRAM_PORTB_0_dout_OBUF[110]_inst (OBUF) is not placed
ERROR: [Place 30-68] Instance BRAM_PORTB_0_dout_OBUF[111]_inst (OBUF) is not placed
ERROR: [Place 30-68] Instance BRAM_PORTB_0_dout_OBUF[112]_inst (OBUF) is not placed
ERROR: [Place 30-68] Instance BRAM_PORTB_0_dout_OBUF[113]_inst (OBUF) is not placed
ERROR: [Place 30-68] Instance BRAM_PORTB_0_dout_OBUF[114]_inst (OBUF) is not placed
ERROR: [Place 30-68] Instance BRAM_PORTB_0_dout_OBUF[115]_inst (OBUF) is not placed
ERROR: [Place 30-68] Instance BRAM_PORTB_0_dout_OBUF[116]_inst (OBUF) is not placed
ERROR: [Place 30-68] Instance BRAM_PORTB_0_dout_OBUF[117]_inst (OBUF) is not placed
ERROR: [Place 30-68] Instance BRAM_PORTB_0_dout_OBUF[118]_inst (OBUF) is not placed
ERROR: [Place 30-68] Instance BRAM_PORTB_0_dout_OBUF[119]_inst (OBUF) is not placed
ERROR: [Place 30-68] Instance BRAM_PORTB_0_dout_OBUF[11]_inst (OBUF) is not placed
ERROR: [Place 30-68] Instance BRAM_PORTB_0_dout_OBUF[120]_inst (OBUF) is not placed
ERROR: [Place 30-68] Instance BRAM_PORTB_0_dout_OBUF[121]_inst (OBUF) is not placed
ERROR: [Place 30-68] Instance BRAM_PORTB_0_dout_OBUF[122]_inst (OBUF) is not placed
ERROR: [Place 30-68] Instance BRAM_PORTB_0_dout_OBUF[123]_inst (OBUF) is not placed
ERROR: [Place 30-68] Instance BRAM_PORTB_0_dout_OBUF[124]_inst (OBUF) is not placed
ERROR: [Place 30-68] Instance BRAM_PORTB_0_dout_OBUF[125]_inst (OBUF) is not placed
ERROR: [Place 30-68] Instance BRAM_PORTB_0_dout_OBUF[126]_inst (OBUF) is not placed
ERROR: [Place 30-68] Instance BRAM_PORTB_0_dout_OBUF[127]_inst (OBUF) is not placed
ERROR: [Place 30-68] Instance BRAM_PORTB_0_dout_OBUF[128]_inst (OBUF) is not placed
ERROR: [Place 30-68] Instance BRAM_PORTB_0_dout_OBUF[129]_inst (OBUF) is not placed
ERROR: [Place 30-68] Instance BRAM_PORTB_0_dout_OBUF[12]_inst (OBUF) is not placed
ERROR: [Place 30-68] Instance BRAM_PORTB_0_dout_OBUF[130]_inst (OBUF) is not placed
ERROR: [Place 30-68] Instance BRAM_PORTB_0_dout_OBUF[131]_inst (OBUF) is not placed
ERROR: [Place 30-68] Instance BRAM_PORTB_0_dout_OBUF[132]_inst (OBUF) is not placed
ERROR: [Place 30-68] Instance BRAM_PORTB_0_dout_OBUF[133]_inst (OBUF) is not placed
ERROR: [Place 30-68] Instance BRAM_PORTB_0_dout_OBUF[134]_inst (OBUF) is not placed
ERROR: [Place 30-68] Instance BRAM_PORTB_0_dout_OBUF[135]_inst (OBUF) is not placed
ERROR: [Place 30-68] Instance BRAM_PORTB_0_dout_OBUF[136]_inst (OBUF) is not placed
ERROR: [Place 30-68] Instance BRAM_PORTB_0_dout_OBUF[137]_inst (OBUF) is not placed
ERROR: [Place 30-68] Instance BRAM_PORTB_0_dout_OBUF[138]_inst (OBUF) is not placed
ERROR: [Place 30-68] Instance BRAM_PORTB_0_dout_OBUF[139]_inst (OBUF) is not placed
ERROR: [Place 30-68] Instance BRAM_PORTB_0_dout_OBUF[13]_inst (OBUF) is not placed
ERROR: [Place 30-68] Instance BRAM_PORTB_0_dout_OBUF[140]_inst (OBUF) is not placed
ERROR: [Place 30-68] Instance BRAM_PORTB_0_dout_OBUF[141]_inst (OBUF) is not placed
ERROR: [Place 30-68] Instance BRAM_PORTB_0_dout_OBUF[142]_inst (OBUF) is not placed
ERROR: [Place 30-68] Instance BRAM_PORTB_0_dout_OBUF[143]_inst (OBUF) is not placed
ERROR: [Place 30-68] Instance BRAM_PORTB_0_dout_OBUF[144]_inst (OBUF) is not placed
ERROR: [Place 30-68] Instance BRAM_PORTB_0_dout_OBUF[145]_inst (OBUF) is not placed
ERROR: [Place 30-68] Instance BRAM_PORTB_0_dout_OBUF[146]_inst (OBUF) is not placed
ERROR: [Place 30-68] Instance BRAM_PORTB_0_dout_OBUF[147]_inst (OBUF) is not placed
ERROR: [Place 30-68] Instance BRAM_PORTB_0_dout_OBUF[148]_inst (OBUF) is not placed
ERROR: [Place 30-68] Instance BRAM_PORTB_0_dout_OBUF[149]_inst (OBUF) is not placed
ERROR: [Place 30-68] Instance BRAM_PORTB_0_dout_OBUF[14]_inst (OBUF) is not placed
ERROR: [Place 30-68] Instance BRAM_PORTB_0_dout_OBUF[150]_inst (OBUF) is not placed
ERROR: [Place 30-68] Instance BRAM_PORTB_0_dout_OBUF[151]_inst (OBUF) is not placed
ERROR: [Place 30-68] Instance BRAM_PORTB_0_dout_OBUF[152]_inst (OBUF) is not placed
ERROR: [Place 30-68] Instance BRAM_PORTB_0_dout_OBUF[153]_inst (OBUF) is not placed
ERROR: [Place 30-68] Instance BRAM_PORTB_0_dout_OBUF[154]_inst (OBUF) is not placed
ERROR: [Place 30-68] Instance BRAM_PORTB_0_dout_OBUF[155]_inst (OBUF) is not placed
ERROR: [Place 30-68] Instance BRAM_PORTB_0_dout_OBUF[156]_inst (OBUF) is not placed
ERROR: [Place 30-68] Instance BRAM_PORTB_0_dout_OBUF[157]_inst (OBUF) is not placed
ERROR: [Place 30-68] Instance BRAM_PORTB_0_dout_OBUF[158]_inst (OBUF) is not placed
ERROR: [Place 30-68] Instance BRAM_PORTB_0_dout_OBUF[159]_inst (OBUF) is not placed
ERROR: [Place 30-68] Instance BRAM_PORTB_0_dout_OBUF[15]_inst (OBUF) is not placed
ERROR: [Place 30-68] Instance BRAM_PORTB_0_dout_OBUF[160]_inst (OBUF) is not placed
ERROR: [Place 30-68] Instance BRAM_PORTB_0_dout_OBUF[161]_inst (OBUF) is not placed
ERROR: [Place 30-68] Instance BRAM_PORTB_0_dout_OBUF[162]_inst (OBUF) is not placed
ERROR: [Place 30-68] Instance BRAM_PORTB_0_dout_OBUF[163]_inst (OBUF) is not placed
ERROR: [Place 30-68] Instance BRAM_PORTB_0_dout_OBUF[164]_inst (OBUF) is not placed
ERROR: [Place 30-68] Instance BRAM_PORTB_0_dout_OBUF[165]_inst (OBUF) is not placed
ERROR: [Place 30-68] Instance BRAM_PORTB_0_dout_OBUF[166]_inst (OBUF) is not placed
ERROR: [Place 30-68] Instance BRAM_PORTB_0_dout_OBUF[167]_inst (OBUF) is not placed
ERROR: [Place 30-68] Instance BRAM_PORTB_0_dout_OBUF[168]_inst (OBUF) is not placed
ERROR: [Place 30-68] Instance BRAM_PORTB_0_dout_OBUF[169]_inst (OBUF) is not placed
ERROR: [Place 30-68] Instance BRAM_PORTB_0_dout_OBUF[16]_inst (OBUF) is not placed
ERROR: [Place 30-68] Instance BRAM_PORTB_0_dout_OBUF[170]_inst (OBUF) is not placed
ERROR: [Place 30-68] Instance BRAM_PORTB_0_dout_OBUF[171]_inst (OBUF) is not placed
ERROR: [Place 30-68] Instance BRAM_PORTB_0_dout_OBUF[172]_inst (OBUF) is not placed
ERROR: [Place 30-68] Instance BRAM_PORTB_0_dout_OBUF[173]_inst (OBUF) is not placed
ERROR: [Place 30-68] Instance BRAM_PORTB_0_dout_OBUF[174]_inst (OBUF) is not placed
ERROR: [Place 30-68] Instance BRAM_PORTB_0_dout_OBUF[175]_inst (OBUF) is not placed
ERROR: [Place 30-68] Instance BRAM_PORTB_0_dout_OBUF[176]_inst (OBUF) is not placed
ERROR: [Place 30-68] Instance BRAM_PORTB_0_dout_OBUF[177]_inst (OBUF) is not placed
ERROR: [Place 30-68] Instance BRAM_PORTB_0_dout_OBUF[178]_inst (OBUF) is not placed
INFO: [Common 17-14] Message 'Place 30-68' appears 100 times and further instances of the messages will be disabled. Use the Tcl command set_msg_config to change the current settings.
Phase 1.2 IO Placement/ Clock Placement/ Build Placer Device | Checksum: 08fafee2

Time (s): cpu = 00:00:02 ; elapsed = 00:00:01 . Memory (MB): peak = 2266.484 ; gain = 0.000
Phase 1 Placer Initialization | Checksum: 08fafee2

Time (s): cpu = 00:00:02 ; elapsed = 00:00:01 . Memory (MB): peak = 2266.484 ; gain = 0.000
ERROR: [Place 30-99] Placer failed with error: 'IO Clock Placer failed'
Please review all ERROR, CRITICAL WARNING, and WARNING messages during placement to understand the cause for failure.
Ending Placer Task | Checksum: 08fafee2

Time (s): cpu = 00:00:02 ; elapsed = 00:00:01 . Memory (MB): peak = 2266.484 ; gain = 0.000
INFO: [Common 17-83] Releasing license: Implementation
53 Infos, 1 Warnings, 0 Critical Warnings and 103 Errors encountered.
place_design failed
ERROR: [Common 17-69] Command failed: Placer could not place all instances
INFO: [Common 17-206] Exiting Vivado at Tue Jan 10 13:52:46 2023...
